# JRE version: Java(TM) SE Runtime Environment (21.0.1+12) (build 21.0.1+12-LTS-29)
# Java VM: Java HotSpot(TM) 64-Bit Server VM (21.0.1+12-LTS-29, mixed mode, sharing, tiered, compressed oops, compressed class ptrs, g1 gc, windows-amd64)
GC Precious Log:
 CardTable entry size: 512
 Card Set container configuration: InlinePtr #cards 4 size 8 Array Of Cards #cards 16 size 48 Howl #buckets 8 coarsen threshold 3686 Howl Bitmap #cards 512 size 80 coarsen threshold 460 Card regions per heap region 1 cards per card region 4096
 CPUs: 8 total, 8 available
 Memory: 16238M
 Large Page Support: Disabled
 NUMA Support: Disabled
 Compressed Oops: Enabled (Zero based)
 Heap Region Size: 2M
 Heap Min Capacity: 8M
 Heap Initial Capacity: 254M
 Heap Max Capacity: 4060M
 Pre-touch: Disabled
 Parallel Workers: 8
 Concurrent Workers: 2
 Concurrent Refinement Workers: 8
 Periodic GC: Disabled
Heap:
 garbage-first heap   total 61440K, used 43856K [0x0000000702400000, 0x0000000800000000)
  region size 2048K, 12 young (24576K), 2 survivors (4096K)
 Metaspace       used 58382K, committed 59008K, reserved 1114112K
  class space    used 7729K, committed 8000K, reserved 1048576K
GC Heap History (20 events):
Event: 1.505 GC heap before
{Heap before GC invocations=0 (full 0):
 garbage-first heap   total 260096K, used 22528K [0x0000000702400000, 0x0000000800000000)
  region size 2048K, 11 young (22528K), 0 survivors (0K)
 Metaspace       used 6172K, committed 6336K, reserved 1114112K
  class space    used 709K, committed 768K, reserved 1048576K
}
Event: 1.512 GC heap after
{Heap after GC invocations=1 (full 0):
 garbage-first heap   total 260096K, used 6914K [0x0000000702400000, 0x0000000800000000)
  region size 2048K, 2 young (4096K), 2 survivors (4096K)
 Metaspace       used 6172K, committed 6336K, reserved 1114112K
  class space    used 709K, committed 768K, reserved 1048576K
}
Event: 2.239 GC heap before
{Heap before GC invocations=1 (full 0):
 garbage-first heap   total 260096K, used 31490K [0x0000000702400000, 0x0000000800000000)
  region size 2048K, 15 young (30720K), 2 survivors (4096K)
 Metaspace       used 13556K, committed 13824K, reserved 1114112K
  class space    used 1618K, committed 1728K, reserved 1048576K
}
Event: 2.245 GC heap after
{Heap after GC invocations=2 (full 0):
 garbage-first heap   total 260096K, used 8829K [0x0000000702400000, 0x0000000800000000)
  region size 2048K, 2 young (4096K), 2 survivors (4096K)
 Metaspace       used 13556K, committed 13824K, reserved 1114112K
  class space    used 1618K, committed 1728K, reserved 1048576K
}
Event: 3.624 GC heap before
{Heap before GC invocations=2 (full 0):
 garbage-first heap   total 260096K, used 53885K [0x0000000702400000, 0x0000000800000000)
  region size 2048K, 25 young (51200K), 2 survivors (4096K)
 Metaspace       used 21200K, committed 21504K, reserved 1114112K
  class space    used 2561K, committed 2688K, reserved 1048576K
}
Event: 3.632 GC heap after
{Heap after GC invocations=3 (full 0):
 garbage-first heap   total 260096K, used 13010K [0x0000000702400000, 0x0000000800000000)
  region size 2048K, 4 young (8192K), 4 survivors (8192K)
 Metaspace       used 21200K, committed 21504K, reserved 1114112K
  class space    used 2561K, committed 2688K, reserved 1048576K
}
Event: 4.752 GC heap before
{Heap before GC invocations=4 (full 0):
 garbage-first heap   total 61440K, used 41682K [0x0000000702400000, 0x0000000800000000)
  region size 2048K, 18 young (36864K), 4 survivors (8192K)
 Metaspace       used 26081K, committed 26496K, reserved 1114112K
  class space    used 3281K, committed 3456K, reserved 1048576K
}
Event: 4.765 GC heap after
{Heap after GC invocations=5 (full 0):
 garbage-first heap   total 61440K, used 15819K [0x0000000702400000, 0x0000000800000000)
  region size 2048K, 2 young (4096K), 2 survivors (4096K)
 Metaspace       used 26081K, committed 26496K, reserved 1114112K
  class space    used 3281K, committed 3456K, reserved 1048576K
}
Event: 5.977 GC heap before
{Heap before GC invocations=5 (full 0):
 garbage-first heap   total 61440K, used 44491K [0x0000000702400000, 0x0000000800000000)
  region size 2048K, 16 young (32768K), 2 survivors (4096K)
 Metaspace       used 33015K, committed 33600K, reserved 1114112K
  class space    used 4196K, committed 4480K, reserved 1048576K
}
Event: 5.987 GC heap after
{Heap after GC invocations=6 (full 0):
 garbage-first heap   total 61440K, used 17998K [0x0000000702400000, 0x0000000800000000)
  region size 2048K, 2 young (4096K), 2 survivors (4096K)
 Metaspace       used 33015K, committed 33600K, reserved 1114112K
  class space    used 4196K, committed 4480K, reserved 1048576K
}
Event: 6.298 GC heap before
{Heap before GC invocations=6 (full 0):
 garbage-first heap   total 61440K, used 26190K [0x0000000702400000, 0x0000000800000000)
  region size 2048K, 7 young (14336K), 2 survivors (4096K)
 Metaspace       used 35419K, committed 35968K, reserved 1114112K
  class space    used 4584K, committed 4864K, reserved 1048576K
}
Event: 6.302 GC heap after
{Heap after GC invocations=7 (full 0):
 garbage-first heap   total 61440K, used 18384K [0x0000000702400000, 0x0000000800000000)
  region size 2048K, 2 young (4096K), 2 survivors (4096K)
 Metaspace       used 35419K, committed 35968K, reserved 1114112K
  class space    used 4584K, committed 4864K, reserved 1048576K
}
Event: 7.929 GC heap before
{Heap before GC invocations=8 (full 0):
 garbage-first heap   total 61440K, used 47056K [0x0000000702400000, 0x0000000800000000)
  region size 2048K, 17 young (34816K), 2 survivors (4096K)
 Metaspace       used 44444K, committed 44992K, reserved 1114112K
  class space    used 5699K, committed 5952K, reserved 1048576K
}
Event: 7.935 GC heap after
{Heap after GC invocations=9 (full 0):
 garbage-first heap   total 61440K, used 21671K [0x0000000702400000, 0x0000000800000000)
  region size 2048K, 3 young (6144K), 3 survivors (6144K)
 Metaspace       used 44444K, committed 44992K, reserved 1114112K
  class space    used 5699K, committed 5952K, reserved 1048576K
}
Event: 9.253 GC heap before
{Heap before GC invocations=9 (full 0):
 garbage-first heap   total 61440K, used 50343K [0x0000000702400000, 0x0000000800000000)
  region size 2048K, 17 young (34816K), 3 survivors (6144K)
 Metaspace       used 51811K, committed 52416K, reserved 1114112K
  class space    used 6877K, committed 7168K, reserved 1048576K
}
Event: 9.259 GC heap after
{Heap after GC invocations=10 (full 0):
 garbage-first heap   total 61440K, used 22816K [0x0000000702400000, 0x0000000800000000)
  region size 2048K, 1 young (2048K), 1 survivors (2048K)
 Metaspace       used 51811K, committed 52416K, reserved 1114112K
  class space    used 6877K, committed 7168K, reserved 1048576K
}
Event: 10.150 GC heap before
{Heap before GC invocations=10 (full 0):
 garbage-first heap   total 61440K, used 51488K [0x0000000702400000, 0x0000000800000000)
  region size 2048K, 15 young (30720K), 1 survivors (2048K)
 Metaspace       used 56274K, committed 56896K, reserved 1114112K
  class space    used 7448K, committed 7744K, reserved 1048576K
}
Event: 10.155 GC heap after
{Heap after GC invocations=11 (full 0):
 garbage-first heap   total 61440K, used 24540K [0x0000000702400000, 0x0000000800000000)
  region size 2048K, 2 young (4096K), 2 survivors (4096K)
 Metaspace       used 56274K, committed 56896K, reserved 1114112K
  class space    used 7448K, committed 7744K, reserved 1048576K
}
Event: 10.503 GC heap before
{Heap before GC invocations=11 (full 0):
 garbage-first heap   total 61440K, used 51164K [0x0000000702400000, 0x0000000800000000)
  region size 2048K, 15 young (30720K), 2 survivors (4096K)
 Metaspace       used 57665K, committed 58304K, reserved 1114112K
  class space    used 7630K, committed 7872K, reserved 1048576K
}
Event: 10.509 GC heap after
{Heap after GC invocations=12 (full 0):
 garbage-first heap   total 61440K, used 25424K [0x0000000702400000, 0x0000000800000000)
  region size 2048K, 2 young (4096K), 2 survivors (4096K)
 Metaspace       used 57665K, committed 58304K, reserved 1114112K
  class space    used 7630K, committed 7872K, reserved 1048576K
}

