# JRE version: OpenJDK Runtime Environment Temurin-17.0.9+9 (17.0.9+9) (build 17.0.9+9)
# Java VM: OpenJDK 64-Bit Server VM Temurin-17.0.9+9 (17.0.9+9, mixed mode, emulated-client, tiered, compressed oops, compressed class ptrs, g1 gc, windows-amd64)
GC Precious Log:
 CPUs: 8 total, 8 available
 Memory: 16238M
 Large Page Support: Disabled
 NUMA Support: Disabled
 Compressed Oops: Enabled (32-bit)
 Heap Region Size: 1M
 Heap Min Capacity: 8M
 Heap Initial Capacity: 254M
 Heap Max Capacity: 1G
 Pre-touch: Disabled
 Parallel Workers: 8
 Concurrent Workers: 2
 Concurrent Refinement Workers: 8
 Periodic GC: Disabled
Heap:
 garbage-first heap   total 102400K, used 63171K [0x00000000c0000000, 0x0000000100000000)
  region size 1024K, 26 young (26624K), 0 survivors (0K)
 Metaspace       used 59771K, committed 60160K, reserved 1114112K
  class space    used 7447K, committed 7616K, reserved 1048576K
GC Heap History (20 events):
Event: 14868.105 GC heap before
{Heap before GC invocations=891 (full 862):
 garbage-first heap   total 102400K, used 38591K [0x00000000c0000000, 0x0000000100000000)
  region size 1024K, 1 young (1024K), 0 survivors (0K)
 Metaspace       used 59737K, committed 60160K, reserved 1114112K
  class space    used 7439K, committed 7616K, reserved 1048576K
}
Event: 14868.140 GC heap after
{Heap after GC invocations=892 (full 863):
 garbage-first heap   total 102400K, used 38591K [0x00000000c0000000, 0x0000000100000000)
  region size 1024K, 0 young (0K), 0 survivors (0K)
 Metaspace       used 59737K, committed 60160K, reserved 1114112K
  class space    used 7439K, committed 7616K, reserved 1048576K
}
Event: 14878.243 GC heap before
{Heap before GC invocations=892 (full 863):
 garbage-first heap   total 102400K, used 38591K [0x00000000c0000000, 0x0000000100000000)
  region size 1024K, 1 young (1024K), 0 survivors (0K)
 Metaspace       used 59737K, committed 60160K, reserved 1114112K
  class space    used 7439K, committed 7616K, reserved 1048576K
}
Event: 14878.280 GC heap after
{Heap after GC invocations=893 (full 864):
 garbage-first heap   total 102400K, used 38591K [0x00000000c0000000, 0x0000000100000000)
  region size 1024K, 0 young (0K), 0 survivors (0K)
 Metaspace       used 59737K, committed 60160K, reserved 1114112K
  class space    used 7439K, committed 7616K, reserved 1048576K
}
Event: 14888.382 GC heap before
{Heap before GC invocations=893 (full 864):
 garbage-first heap   total 102400K, used 38591K [0x00000000c0000000, 0x0000000100000000)
  region size 1024K, 1 young (1024K), 0 survivors (0K)
 Metaspace       used 59737K, committed 60160K, reserved 1114112K
  class space    used 7439K, committed 7616K, reserved 1048576K
}
Event: 14888.420 GC heap after
{Heap after GC invocations=894 (full 865):
 garbage-first heap   total 102400K, used 38591K [0x00000000c0000000, 0x0000000100000000)
  region size 1024K, 0 young (0K), 0 survivors (0K)
 Metaspace       used 59737K, committed 60160K, reserved 1114112K
  class space    used 7439K, committed 7616K, reserved 1048576K
}
Event: 14898.530 GC heap before
{Heap before GC invocations=894 (full 865):
 garbage-first heap   total 102400K, used 38591K [0x00000000c0000000, 0x0000000100000000)
  region size 1024K, 1 young (1024K), 0 survivors (0K)
 Metaspace       used 59737K, committed 60160K, reserved 1114112K
  class space    used 7439K, committed 7616K, reserved 1048576K
}
Event: 14898.568 GC heap after
{Heap after GC invocations=895 (full 866):
 garbage-first heap   total 102400K, used 38591K [0x00000000c0000000, 0x0000000100000000)
  region size 1024K, 0 young (0K), 0 survivors (0K)
 Metaspace       used 59737K, committed 60160K, reserved 1114112K
  class space    used 7439K, committed 7616K, reserved 1048576K
}
Event: 14908.670 GC heap before
{Heap before GC invocations=895 (full 866):
 garbage-first heap   total 102400K, used 38591K [0x00000000c0000000, 0x0000000100000000)
  region size 1024K, 1 young (1024K), 0 survivors (0K)
 Metaspace       used 59737K, committed 60160K, reserved 1114112K
  class space    used 7439K, committed 7616K, reserved 1048576K
}
Event: 14908.706 GC heap after
{Heap after GC invocations=896 (full 867):
 garbage-first heap   total 102400K, used 38591K [0x00000000c0000000, 0x0000000100000000)
  region size 1024K, 0 young (0K), 0 survivors (0K)
 Metaspace       used 59737K, committed 60160K, reserved 1114112K
  class space    used 7439K, committed 7616K, reserved 1048576K
}
Event: 14918.816 GC heap before
{Heap before GC invocations=896 (full 867):
 garbage-first heap   total 102400K, used 38591K [0x00000000c0000000, 0x0000000100000000)
  region size 1024K, 1 young (1024K), 0 survivors (0K)
 Metaspace       used 59737K, committed 60160K, reserved 1114112K
  class space    used 7439K, committed 7616K, reserved 1048576K
}
Event: 14918.863 GC heap after
{Heap after GC invocations=897 (full 868):
 garbage-first heap   total 102400K, used 38591K [0x00000000c0000000, 0x0000000100000000)
  region size 1024K, 0 young (0K), 0 survivors (0K)
 Metaspace       used 59737K, committed 60160K, reserved 1114112K
  class space    used 7439K, committed 7616K, reserved 1048576K
}
Event: 14928.970 GC heap before
{Heap before GC invocations=897 (full 868):
 garbage-first heap   total 102400K, used 38591K [0x00000000c0000000, 0x0000000100000000)
  region size 1024K, 1 young (1024K), 0 survivors (0K)
 Metaspace       used 59737K, committed 60160K, reserved 1114112K
  class space    used 7439K, committed 7616K, reserved 1048576K
}
Event: 14929.008 GC heap after
{Heap after GC invocations=898 (full 869):
 garbage-first heap   total 102400K, used 38591K [0x00000000c0000000, 0x0000000100000000)
  region size 1024K, 0 young (0K), 0 survivors (0K)
 Metaspace       used 59737K, committed 60160K, reserved 1114112K
  class space    used 7439K, committed 7616K, reserved 1048576K
}
Event: 14969.145 GC heap before
{Heap before GC invocations=898 (full 869):
 garbage-first heap   total 102400K, used 42687K [0x00000000c0000000, 0x0000000100000000)
  region size 1024K, 5 young (5120K), 0 survivors (0K)
 Metaspace       used 59737K, committed 60160K, reserved 1114112K
  class space    used 7439K, committed 7616K, reserved 1048576K
}
Event: 14969.183 GC heap after
{Heap after GC invocations=899 (full 870):
 garbage-first heap   total 102400K, used 38595K [0x00000000c0000000, 0x0000000100000000)
  region size 1024K, 0 young (0K), 0 survivors (0K)
 Metaspace       used 59737K, committed 60160K, reserved 1114112K
  class space    used 7439K, committed 7616K, reserved 1048576K
}
Event: 14979.289 GC heap before
{Heap before GC invocations=899 (full 870):
 garbage-first heap   total 102400K, used 38595K [0x00000000c0000000, 0x0000000100000000)
  region size 1024K, 1 young (1024K), 0 survivors (0K)
 Metaspace       used 59737K, committed 60160K, reserved 1114112K
  class space    used 7439K, committed 7616K, reserved 1048576K
}
Event: 14979.325 GC heap after
{Heap after GC invocations=900 (full 871):
 garbage-first heap   total 102400K, used 38595K [0x00000000c0000000, 0x0000000100000000)
  region size 1024K, 0 young (0K), 0 survivors (0K)
 Metaspace       used 59737K, committed 60160K, reserved 1114112K
  class space    used 7439K, committed 7616K, reserved 1048576K
}
Event: 14989.454 GC heap before
{Heap before GC invocations=900 (full 871):
 garbage-first heap   total 102400K, used 38595K [0x00000000c0000000, 0x0000000100000000)
  region size 1024K, 1 young (1024K), 0 survivors (0K)
 Metaspace       used 59737K, committed 60160K, reserved 1114112K
  class space    used 7439K, committed 7616K, reserved 1048576K
}
Event: 14989.516 GC heap after
{Heap after GC invocations=901 (full 872):
 garbage-first heap   total 102400K, used 38595K [0x00000000c0000000, 0x0000000100000000)
  region size 1024K, 0 young (0K), 0 survivors (0K)
 Metaspace       used 59737K, committed 60160K, reserved 1114112K
  class space    used 7439K, committed 7616K, reserved 1048576K
}

