# JRE version: OpenJDK Runtime Environment Temurin-17.0.9+9 (17.0.9+9) (build 17.0.9+9)
# Java VM: OpenJDK 64-Bit Server VM Temurin-17.0.9+9 (17.0.9+9, mixed mode, tiered, compressed oops, compressed class ptrs, parallel gc, windows-amd64)
GC Precious Log:
 CPUs: 8 total, 8 available
 Memory: 16238M
 Large Page Support: Disabled
 NUMA Support: Disabled
 Compressed Oops: Enabled (32-bit)
 Alignments: Space 512K, Generation 512K, Heap 2M
 Heap Min Capacity: 100M
 Heap Initial Capacity: 100M
 Heap Max Capacity: 1G
 Pre-touch: Disabled
 Parallel Workers: 8
Heap:
 PSYoungGen      total 24064K, used 8220K [0x00000000eab00000, 0x00000000ec680000, 0x0000000100000000)
  eden space 21504K, 26% used [0x00000000eab00000,0x00000000eb095320,0x00000000ec000000)
  from space 2560K, 97% used [0x00000000ec400000,0x00000000ec671f48,0x00000000ec680000)
  to   space 3072K, 0% used [0x00000000ec080000,0x00000000ec080000,0x00000000ec380000)
 ParOldGen       total 68608K, used 35182K [0x00000000c0000000, 0x00000000c4300000, 0x00000000eab00000)
  object space 68608K, 51% used [0x00000000c0000000,0x00000000c225b980,0x00000000c4300000)
 Metaspace       used 57077K, committed 58304K, reserved 1114112K
  class space    used 6153K, committed 6720K, reserved 1048576K
GC Heap History (20 events):
Event: 4.166 GC heap before
{Heap before GC invocations=18 (full 2):
 PSYoungGen      total 23552K, used 23456K [0x00000000eab00000, 0x00000000ec500000, 0x0000000100000000)
  eden space 22016K, 100% used [0x00000000eab00000,0x00000000ec080000,0x00000000ec080000)
  from space 1536K, 93% used [0x00000000ec280000,0x00000000ec3e8000,0x00000000ec400000)
  to   space 1024K, 0% used [0x00000000ec400000,0x00000000ec400000,0x00000000ec500000)
 ParOldGen       total 68608K, used 18882K [0x00000000c0000000, 0x00000000c4300000, 0x00000000eab00000)
  object space 68608K, 27% used [0x00000000c0000000,0x00000000c1270960,0x00000000c4300000)
 Metaspace       used 43532K, committed 44544K, reserved 1114112K
  class space    used 4552K, committed 5056K, reserved 1048576K
}
Event: 4.171 GC heap after
{Heap after GC invocations=18 (full 2):
 PSYoungGen      total 22528K, used 992K [0x00000000eab00000, 0x00000000ec880000, 0x0000000100000000)
  eden space 21504K, 0% used [0x00000000eab00000,0x00000000eab00000,0x00000000ec000000)
  from space 1024K, 96% used [0x00000000ec400000,0x00000000ec4f8010,0x00000000ec500000)
  to   space 4096K, 0% used [0x00000000ec000000,0x00000000ec000000,0x00000000ec400000)
 ParOldGen       total 68608K, used 21474K [0x00000000c0000000, 0x00000000c4300000, 0x00000000eab00000)
  object space 68608K, 31% used [0x00000000c0000000,0x00000000c14f8920,0x00000000c4300000)
 Metaspace       used 43532K, committed 44544K, reserved 1114112K
  class space    used 4552K, committed 5056K, reserved 1048576K
}
Event: 4.228 GC heap before
{Heap before GC invocations=19 (full 2):
 PSYoungGen      total 22528K, used 22496K [0x00000000eab00000, 0x00000000ec880000, 0x0000000100000000)
  eden space 21504K, 100% used [0x00000000eab00000,0x00000000ec000000,0x00000000ec000000)
  from space 1024K, 96% used [0x00000000ec400000,0x00000000ec4f8010,0x00000000ec500000)
  to   space 4096K, 0% used [0x00000000ec000000,0x00000000ec000000,0x00000000ec400000)
 ParOldGen       total 68608K, used 21476K [0x00000000c0000000, 0x00000000c4300000, 0x00000000eab00000)
  object space 68608K, 31% used [0x00000000c0000000,0x00000000c14f9210,0x00000000c4300000)
 Metaspace       used 43992K, committed 44928K, reserved 1114112K
  class space    used 4600K, committed 5056K, reserved 1048576K
}
Event: 4.232 GC heap after
{Heap after GC invocations=19 (full 2):
 PSYoungGen      total 23552K, used 1936K [0x00000000eab00000, 0x00000000ec500000, 0x0000000100000000)
  eden space 21504K, 0% used [0x00000000eab00000,0x00000000eab00000,0x00000000ec000000)
  from space 2048K, 94% used [0x00000000ec000000,0x00000000ec1e4010,0x00000000ec200000)
  to   space 2560K, 0% used [0x00000000ec280000,0x00000000ec280000,0x00000000ec500000)
 ParOldGen       total 68608K, used 22487K [0x00000000c0000000, 0x00000000c4300000, 0x00000000eab00000)
  object space 68608K, 32% used [0x00000000c0000000,0x00000000c15f5df8,0x00000000c4300000)
 Metaspace       used 43992K, committed 44928K, reserved 1114112K
  class space    used 4600K, committed 5056K, reserved 1048576K
}
Event: 4.280 GC heap before
{Heap before GC invocations=20 (full 2):
 PSYoungGen      total 23552K, used 23440K [0x00000000eab00000, 0x00000000ec500000, 0x0000000100000000)
  eden space 21504K, 100% used [0x00000000eab00000,0x00000000ec000000,0x00000000ec000000)
  from space 2048K, 94% used [0x00000000ec000000,0x00000000ec1e4010,0x00000000ec200000)
  to   space 2560K, 0% used [0x00000000ec280000,0x00000000ec280000,0x00000000ec500000)
 ParOldGen       total 68608K, used 22487K [0x00000000c0000000, 0x00000000c4300000, 0x00000000eab00000)
  object space 68608K, 32% used [0x00000000c0000000,0x00000000c15f5e30,0x00000000c4300000)
 Metaspace       used 44293K, committed 45248K, reserved 1114112K
  class space    used 4639K, committed 5120K, reserved 1048576K
}
Event: 4.283 GC heap after
{Heap after GC invocations=20 (full 2):
 PSYoungGen      total 23552K, used 1853K [0x00000000eab00000, 0x00000000ec480000, 0x0000000100000000)
  eden space 21504K, 0% used [0x00000000eab00000,0x00000000eab00000,0x00000000ec000000)
  from space 2048K, 90% used [0x00000000ec280000,0x00000000ec44f658,0x00000000ec480000)
  to   space 2048K, 0% used [0x00000000ec000000,0x00000000ec000000,0x00000000ec200000)
 ParOldGen       total 68608K, used 24203K [0x00000000c0000000, 0x00000000c4300000, 0x00000000eab00000)
  object space 68608K, 35% used [0x00000000c0000000,0x00000000c17a2e40,0x00000000c4300000)
 Metaspace       used 44293K, committed 45248K, reserved 1114112K
  class space    used 4639K, committed 5120K, reserved 1048576K
}
Event: 4.332 GC heap before
{Heap before GC invocations=21 (full 2):
 PSYoungGen      total 23552K, used 23357K [0x00000000eab00000, 0x00000000ec480000, 0x0000000100000000)
  eden space 21504K, 100% used [0x00000000eab00000,0x00000000ec000000,0x00000000ec000000)
  from space 2048K, 90% used [0x00000000ec280000,0x00000000ec44f658,0x00000000ec480000)
  to   space 2048K, 0% used [0x00000000ec000000,0x00000000ec000000,0x00000000ec200000)
 ParOldGen       total 68608K, used 24205K [0x00000000c0000000, 0x00000000c4300000, 0x00000000eab00000)
  object space 68608K, 35% used [0x00000000c0000000,0x00000000c17a3768,0x00000000c4300000)
 Metaspace       used 44649K, committed 45696K, reserved 1114112K
  class space    used 4688K, committed 5184K, reserved 1048576K
}
Event: 4.335 GC heap after
{Heap after GC invocations=21 (full 2):
 PSYoungGen      total 23552K, used 2045K [0x00000000eab00000, 0x00000000ec900000, 0x0000000100000000)
  eden space 21504K, 0% used [0x00000000eab00000,0x00000000eab00000,0x00000000ec000000)
  from space 2048K, 99% used [0x00000000ec000000,0x00000000ec1ff668,0x00000000ec200000)
  to   space 4608K, 0% used [0x00000000ec480000,0x00000000ec480000,0x00000000ec900000)
 ParOldGen       total 68608K, used 25963K [0x00000000c0000000, 0x00000000c4300000, 0x00000000eab00000)
  object space 68608K, 37% used [0x00000000c0000000,0x00000000c195adf0,0x00000000c4300000)
 Metaspace       used 44649K, committed 45696K, reserved 1114112K
  class space    used 4688K, committed 5184K, reserved 1048576K
}
Event: 4.408 GC heap before
{Heap before GC invocations=22 (full 2):
 PSYoungGen      total 23552K, used 23549K [0x00000000eab00000, 0x00000000ec900000, 0x0000000100000000)
  eden space 21504K, 100% used [0x00000000eab00000,0x00000000ec000000,0x00000000ec000000)
  from space 2048K, 99% used [0x00000000ec000000,0x00000000ec1ff668,0x00000000ec200000)
  to   space 4608K, 0% used [0x00000000ec480000,0x00000000ec480000,0x00000000ec900000)
 ParOldGen       total 68608K, used 25963K [0x00000000c0000000, 0x00000000c4300000, 0x00000000eab00000)
  object space 68608K, 37% used [0x00000000c0000000,0x00000000c195adf0,0x00000000c4300000)
 Metaspace       used 45090K, committed 46144K, reserved 1114112K
  class space    used 4741K, committed 5248K, reserved 1048576K
}
Event: 4.412 GC heap after
{Heap after GC invocations=22 (full 2):
 PSYoungGen      total 23552K, used 1931K [0x00000000eab00000, 0x00000000ec680000, 0x0000000100000000)
  eden space 21504K, 0% used [0x00000000eab00000,0x00000000eab00000,0x00000000ec000000)
  from space 2048K, 94% used [0x00000000ec480000,0x00000000ec662e40,0x00000000ec680000)
  to   space 3072K, 0% used [0x00000000ec080000,0x00000000ec080000,0x00000000ec380000)
 ParOldGen       total 68608K, used 27873K [0x00000000c0000000, 0x00000000c4300000, 0x00000000eab00000)
  object space 68608K, 40% used [0x00000000c0000000,0x00000000c1b38458,0x00000000c4300000)
 Metaspace       used 45090K, committed 46144K, reserved 1114112K
  class space    used 4741K, committed 5248K, reserved 1048576K
}
Event: 4.556 GC heap before
{Heap before GC invocations=23 (full 2):
 PSYoungGen      total 23552K, used 23435K [0x00000000eab00000, 0x00000000ec680000, 0x0000000100000000)
  eden space 21504K, 100% used [0x00000000eab00000,0x00000000ec000000,0x00000000ec000000)
  from space 2048K, 94% used [0x00000000ec480000,0x00000000ec662e40,0x00000000ec680000)
  to   space 3072K, 0% used [0x00000000ec080000,0x00000000ec080000,0x00000000ec380000)
 ParOldGen       total 68608K, used 27884K [0x00000000c0000000, 0x00000000c4300000, 0x00000000eab00000)
  object space 68608K, 40% used [0x00000000c0000000,0x00000000c1b3b2f8,0x00000000c4300000)
 Metaspace       used 47268K, committed 48384K, reserved 1114112K
  class space    used 4969K, committed 5504K, reserved 1048576K
}
Event: 4.559 GC heap after
{Heap after GC invocations=23 (full 2):
 PSYoungGen      total 24576K, used 847K [0x00000000eab00000, 0x00000000ec500000, 0x0000000100000000)
  eden space 21504K, 0% used [0x00000000eab00000,0x00000000eab00000,0x00000000ec000000)
  from space 3072K, 27% used [0x00000000ec080000,0x00000000ec153e00,0x00000000ec380000)
  to   space 1536K, 0% used [0x00000000ec380000,0x00000000ec380000,0x00000000ec500000)
 ParOldGen       total 68608K, used 29700K [0x00000000c0000000, 0x00000000c4300000, 0x00000000eab00000)
  object space 68608K, 43% used [0x00000000c0000000,0x00000000c1d012f8,0x00000000c4300000)
 Metaspace       used 47268K, committed 48384K, reserved 1114112K
  class space    used 4969K, committed 5504K, reserved 1048576K
}
Event: 4.768 GC heap before
{Heap before GC invocations=24 (full 2):
 PSYoungGen      total 24576K, used 22351K [0x00000000eab00000, 0x00000000ec500000, 0x0000000100000000)
  eden space 21504K, 100% used [0x00000000eab00000,0x00000000ec000000,0x00000000ec000000)
  from space 3072K, 27% used [0x00000000ec080000,0x00000000ec153e00,0x00000000ec380000)
  to   space 1536K, 0% used [0x00000000ec380000,0x00000000ec380000,0x00000000ec500000)
 ParOldGen       total 68608K, used 29705K [0x00000000c0000000, 0x00000000c4300000, 0x00000000eab00000)
  object space 68608K, 43% used [0x00000000c0000000,0x00000000c1d02760,0x00000000c4300000)
 Metaspace       used 49564K, committed 50624K, reserved 1114112K
  class space    used 5277K, committed 5760K, reserved 1048576K
}
Event: 4.770 GC heap after
{Heap after GC invocations=24 (full 2):
 PSYoungGen      total 22528K, used 919K [0x00000000eab00000, 0x00000000ec480000, 0x0000000100000000)
  eden space 21504K, 0% used [0x00000000eab00000,0x00000000eab00000,0x00000000ec000000)
  from space 1024K, 89% used [0x00000000ec380000,0x00000000ec465d60,0x00000000ec480000)
  to   space 1024K, 0% used [0x00000000ec280000,0x00000000ec280000,0x00000000ec380000)
 ParOldGen       total 68608K, used 30293K [0x00000000c0000000, 0x00000000c4300000, 0x00000000eab00000)
  object space 68608K, 44% used [0x00000000c0000000,0x00000000c1d95470,0x00000000c4300000)
 Metaspace       used 49564K, committed 50624K, reserved 1114112K
  class space    used 5277K, committed 5760K, reserved 1048576K
}
Event: 5.011 GC heap before
{Heap before GC invocations=25 (full 2):
 PSYoungGen      total 22528K, used 22423K [0x00000000eab00000, 0x00000000ec480000, 0x0000000100000000)
  eden space 21504K, 100% used [0x00000000eab00000,0x00000000ec000000,0x00000000ec000000)
  from space 1024K, 89% used [0x00000000ec380000,0x00000000ec465d60,0x00000000ec480000)
  to   space 1024K, 0% used [0x00000000ec280000,0x00000000ec280000,0x00000000ec380000)
 ParOldGen       total 68608K, used 30293K [0x00000000c0000000, 0x00000000c4300000, 0x00000000eab00000)
  object space 68608K, 44% used [0x00000000c0000000,0x00000000c1d95470,0x00000000c4300000)
 Metaspace       used 51236K, committed 52352K, reserved 1114112K
  class space    used 5501K, committed 6016K, reserved 1048576K
}
Event: 5.013 GC heap after
{Heap after GC invocations=25 (full 2):
 PSYoungGen      total 22528K, used 672K [0x00000000eab00000, 0x00000000ec400000, 0x0000000100000000)
  eden space 21504K, 0% used [0x00000000eab00000,0x00000000eab00000,0x00000000ec000000)
  from space 1024K, 65% used [0x00000000ec280000,0x00000000ec328000,0x00000000ec380000)
  to   space 512K, 0% used [0x00000000ec380000,0x00000000ec380000,0x00000000ec400000)
 ParOldGen       total 68608K, used 31114K [0x00000000c0000000, 0x00000000c4300000, 0x00000000eab00000)
  object space 68608K, 45% used [0x00000000c0000000,0x00000000c1e62bc0,0x00000000c4300000)
 Metaspace       used 51236K, committed 52352K, reserved 1114112K
  class space    used 5501K, committed 6016K, reserved 1048576K
}
Event: 5.212 GC heap before
{Heap before GC invocations=26 (full 2):
 PSYoungGen      total 22528K, used 22176K [0x00000000eab00000, 0x00000000ec400000, 0x0000000100000000)
  eden space 21504K, 100% used [0x00000000eab00000,0x00000000ec000000,0x00000000ec000000)
  from space 1024K, 65% used [0x00000000ec280000,0x00000000ec328000,0x00000000ec380000)
  to   space 512K, 0% used [0x00000000ec380000,0x00000000ec380000,0x00000000ec400000)
 ParOldGen       total 68608K, used 31114K [0x00000000c0000000, 0x00000000c4300000, 0x00000000eab00000)
  object space 68608K, 45% used [0x00000000c0000000,0x00000000c1e62bc0,0x00000000c4300000)
 Metaspace       used 53107K, committed 54208K, reserved 1114112K
  class space    used 5721K, committed 6272K, reserved 1048576K
}
Event: 5.214 GC heap after
{Heap after GC invocations=26 (full 2):
 PSYoungGen      total 22016K, used 512K [0x00000000eab00000, 0x00000000ec400000, 0x0000000100000000)
  eden space 21504K, 0% used [0x00000000eab00000,0x00000000eab00000,0x00000000ec000000)
  from space 512K, 100% used [0x00000000ec380000,0x00000000ec400000,0x00000000ec400000)
  to   space 1536K, 0% used [0x00000000ec100000,0x00000000ec100000,0x00000000ec280000)
 ParOldGen       total 68608K, used 31874K [0x00000000c0000000, 0x00000000c4300000, 0x00000000eab00000)
  object space 68608K, 46% used [0x00000000c0000000,0x00000000c1f20bc0,0x00000000c4300000)
 Metaspace       used 53107K, committed 54208K, reserved 1114112K
  class space    used 5721K, committed 6272K, reserved 1048576K
}
Event: 5.386 GC heap before
{Heap before GC invocations=27 (full 2):
 PSYoungGen      total 22016K, used 22016K [0x00000000eab00000, 0x00000000ec400000, 0x0000000100000000)
  eden space 21504K, 100% used [0x00000000eab00000,0x00000000ec000000,0x00000000ec000000)
  from space 512K, 100% used [0x00000000ec380000,0x00000000ec400000,0x00000000ec400000)
  to   space 1536K, 0% used [0x00000000ec100000,0x00000000ec100000,0x00000000ec280000)
 ParOldGen       total 68608K, used 31874K [0x00000000c0000000, 0x00000000c4300000, 0x00000000eab00000)
  object space 68608K, 46% used [0x00000000c0000000,0x00000000c1f20bc0,0x00000000c4300000)
 Metaspace       used 54426K, committed 55488K, reserved 1114112K
  class space    used 5879K, committed 6400K, reserved 1048576K
}
Event: 5.389 GC heap after
{Heap after GC invocations=27 (full 2):
 PSYoungGen      total 23040K, used 1531K [0x00000000eab00000, 0x00000000ec800000, 0x0000000100000000)
  eden space 21504K, 0% used [0x00000000eab00000,0x00000000eab00000,0x00000000ec000000)
  from space 1536K, 99% used [0x00000000ec100000,0x00000000ec27ee80,0x00000000ec280000)
  to   space 4096K, 0% used [0x00000000ec400000,0x00000000ec400000,0x00000000ec800000)
 ParOldGen       total 68608K, used 33642K [0x00000000c0000000, 0x00000000c4300000, 0x00000000eab00000)
  object space 68608K, 49% used [0x00000000c0000000,0x00000000c20da840,0x00000000c4300000)
 Metaspace       used 54426K, committed 55488K, reserved 1114112K
  class space    used 5879K, committed 6400K, reserved 1048576K
}

