# JRE version: OpenJDK Runtime Environment Temurin-17.0.9+9 (17.0.9+9) (build 17.0.9+9)
# Java VM: OpenJDK 64-Bit Server VM Temurin-17.0.9+9 (17.0.9+9, mixed mode, tiered, compressed oops, compressed class ptrs, parallel gc, windows-amd64)
GC Precious Log:
 CPUs: 8 total, 8 available
 Memory: 16238M
 Large Page Support: Disabled
 NUMA Support: Disabled
 Compressed Oops: Enabled (32-bit)
 Alignments: Space 512K, Generation 512K, Heap 2M
 Heap Min Capacity: 100M
 Heap Initial Capacity: 100M
 Heap Max Capacity: 1G
 Pre-touch: Disabled
 Parallel Workers: 8
Heap:
 PSYoungGen      total 10240K, used 9706K [0x00000000eab00000, 0x00000000eec80000, 0x0000000100000000)
  eden space 512K, 0% used [0x00000000eab00000,0x00000000eab00000,0x00000000eab80000)
  from space 9728K, 99% used [0x00000000ec400000,0x00000000ecd7aa28,0x00000000ecd80000)
  to   space 25088K, 0% used [0x00000000eab80000,0x00000000eab80000,0x00000000ec400000)
 ParOldGen       total 198144K, used 197857K [0x00000000c0000000, 0x00000000cc180000, 0x00000000eab00000)
  object space 198144K, 99% used [0x00000000c0000000,0x00000000cc1387c8,0x00000000cc180000)
 Metaspace       used 88207K, committed 89664K, reserved 1179648K
  class space    used 9324K, committed 9984K, reserved 1048576K
GC Heap History (20 events):
Event: 1165.191 GC heap after
{Heap after GC invocations=844 (full 20):
 PSYoungGen      total 15872K, used 2016K [0x00000000eab00000, 0x00000000ec580000, 0x0000000100000000)
  eden space 13824K, 0% used [0x00000000eab00000,0x00000000eab00000,0x00000000eb880000)
  from space 2048K, 98% used [0x00000000eb880000,0x00000000eba78278,0x00000000eba80000)
  to   space 6656K, 0% used [0x00000000ebf00000,0x00000000ebf00000,0x00000000ec580000)
 ParOldGen       total 197120K, used 172480K [0x00000000c0000000, 0x00000000cc080000, 0x00000000eab00000)
  object space 197120K, 87% used [0x00000000c0000000,0x00000000ca8702f8,0x00000000cc080000)
 Metaspace       used 87879K, committed 89280K, reserved 1179648K
  class space    used 9290K, committed 9920K, reserved 1048576K
}
Event: 1165.250 GC heap before
{Heap before GC invocations=845 (full 20):
 PSYoungGen      total 15872K, used 15840K [0x00000000eab00000, 0x00000000ec580000, 0x0000000100000000)
  eden space 13824K, 100% used [0x00000000eab00000,0x00000000eb880000,0x00000000eb880000)
  from space 2048K, 98% used [0x00000000eb880000,0x00000000eba78278,0x00000000eba80000)
  to   space 6656K, 0% used [0x00000000ebf00000,0x00000000ebf00000,0x00000000ec580000)
 ParOldGen       total 197120K, used 172480K [0x00000000c0000000, 0x00000000cc080000, 0x00000000eab00000)
  object space 197120K, 87% used [0x00000000c0000000,0x00000000ca8702f8,0x00000000cc080000)
 Metaspace       used 88057K, committed 89536K, reserved 1179648K
  class space    used 9314K, committed 9984K, reserved 1048576K
}
Event: 1165.253 GC heap after
{Heap after GC invocations=845 (full 20):
 PSYoungGen      total 14848K, used 761K [0x00000000eab00000, 0x00000000ec000000, 0x0000000100000000)
  eden space 13824K, 0% used [0x00000000eab00000,0x00000000eab00000,0x00000000eb880000)
  from space 1024K, 74% used [0x00000000ebf00000,0x00000000ebfbe430,0x00000000ec000000)
  to   space 3072K, 0% used [0x00000000eba00000,0x00000000eba00000,0x00000000ebd00000)
 ParOldGen       total 197120K, used 173423K [0x00000000c0000000, 0x00000000cc080000, 0x00000000eab00000)
  object space 197120K, 87% used [0x00000000c0000000,0x00000000ca95bc08,0x00000000cc080000)
 Metaspace       used 88057K, committed 89536K, reserved 1179648K
  class space    used 9314K, committed 9984K, reserved 1048576K
}
Event: 1165.289 GC heap before
{Heap before GC invocations=846 (full 20):
 PSYoungGen      total 14848K, used 14585K [0x00000000eab00000, 0x00000000ec000000, 0x0000000100000000)
  eden space 13824K, 100% used [0x00000000eab00000,0x00000000eb880000,0x00000000eb880000)
  from space 1024K, 74% used [0x00000000ebf00000,0x00000000ebfbe430,0x00000000ec000000)
  to   space 3072K, 0% used [0x00000000eba00000,0x00000000eba00000,0x00000000ebd00000)
 ParOldGen       total 197120K, used 173423K [0x00000000c0000000, 0x00000000cc080000, 0x00000000eab00000)
  object space 197120K, 87% used [0x00000000c0000000,0x00000000ca95bc08,0x00000000cc080000)
 Metaspace       used 88059K, committed 89536K, reserved 1179648K
  class space    used 9314K, committed 9984K, reserved 1048576K
}
Event: 1165.291 GC heap after
{Heap after GC invocations=846 (full 20):
 PSYoungGen      total 16896K, used 1209K [0x00000000eab00000, 0x00000000ebf80000, 0x0000000100000000)
  eden space 13824K, 0% used [0x00000000eab00000,0x00000000eab00000,0x00000000eb880000)
  from space 3072K, 39% used [0x00000000eba00000,0x00000000ebb2e430,0x00000000ebd00000)
  to   space 1536K, 0% used [0x00000000ebe00000,0x00000000ebe00000,0x00000000ebf80000)
 ParOldGen       total 197120K, used 173423K [0x00000000c0000000, 0x00000000cc080000, 0x00000000eab00000)
  object space 197120K, 87% used [0x00000000c0000000,0x00000000ca95bc08,0x00000000cc080000)
 Metaspace       used 88059K, committed 89536K, reserved 1179648K
  class space    used 9314K, committed 9984K, reserved 1048576K
}
Event: 1166.289 GC heap before
{Heap before GC invocations=847 (full 20):
 PSYoungGen      total 16896K, used 15033K [0x00000000eab00000, 0x00000000ebf80000, 0x0000000100000000)
  eden space 13824K, 100% used [0x00000000eab00000,0x00000000eb880000,0x00000000eb880000)
  from space 3072K, 39% used [0x00000000eba00000,0x00000000ebb2e430,0x00000000ebd00000)
  to   space 1536K, 0% used [0x00000000ebe00000,0x00000000ebe00000,0x00000000ebf80000)
 ParOldGen       total 197120K, used 173423K [0x00000000c0000000, 0x00000000cc080000, 0x00000000eab00000)
  object space 197120K, 87% used [0x00000000c0000000,0x00000000ca95bc08,0x00000000cc080000)
 Metaspace       used 88094K, committed 89600K, reserved 1179648K
  class space    used 9315K, committed 9984K, reserved 1048576K
}
Event: 1166.291 GC heap after
{Heap after GC invocations=847 (full 20):
 PSYoungGen      total 14848K, used 958K [0x00000000eab00000, 0x00000000ebf00000, 0x0000000100000000)
  eden space 13824K, 0% used [0x00000000eab00000,0x00000000eab00000,0x00000000eb880000)
  from space 1024K, 93% used [0x00000000ebe00000,0x00000000ebeefb50,0x00000000ebf00000)
  to   space 1536K, 0% used [0x00000000ebc00000,0x00000000ebc00000,0x00000000ebd80000)
 ParOldGen       total 197120K, used 173431K [0x00000000c0000000, 0x00000000cc080000, 0x00000000eab00000)
  object space 197120K, 87% used [0x00000000c0000000,0x00000000ca95dc08,0x00000000cc080000)
 Metaspace       used 88094K, committed 89600K, reserved 1179648K
  class space    used 9315K, committed 9984K, reserved 1048576K
}
Event: 1166.598 GC heap before
{Heap before GC invocations=848 (full 20):
 PSYoungGen      total 14848K, used 14782K [0x00000000eab00000, 0x00000000ebf00000, 0x0000000100000000)
  eden space 13824K, 100% used [0x00000000eab00000,0x00000000eb880000,0x00000000eb880000)
  from space 1024K, 93% used [0x00000000ebe00000,0x00000000ebeefb50,0x00000000ebf00000)
  to   space 1536K, 0% used [0x00000000ebc00000,0x00000000ebc00000,0x00000000ebd80000)
 ParOldGen       total 197120K, used 173431K [0x00000000c0000000, 0x00000000cc080000, 0x00000000eab00000)
  object space 197120K, 87% used [0x00000000c0000000,0x00000000ca95dc08,0x00000000cc080000)
 Metaspace       used 88111K, committed 89600K, reserved 1179648K
  class space    used 9315K, committed 9984K, reserved 1048576K
}
Event: 1166.601 GC heap after
{Heap after GC invocations=848 (full 20):
 PSYoungGen      total 15360K, used 1529K [0x00000000eab00000, 0x00000000ebe80000, 0x0000000100000000)
  eden space 13824K, 0% used [0x00000000eab00000,0x00000000eab00000,0x00000000eb880000)
  from space 1536K, 99% used [0x00000000ebc00000,0x00000000ebd7e470,0x00000000ebd80000)
  to   space 1024K, 0% used [0x00000000ebd80000,0x00000000ebd80000,0x00000000ebe80000)
 ParOldGen       total 197120K, used 173607K [0x00000000c0000000, 0x00000000cc080000, 0x00000000eab00000)
  object space 197120K, 88% used [0x00000000c0000000,0x00000000ca989c08,0x00000000cc080000)
 Metaspace       used 88111K, committed 89600K, reserved 1179648K
  class space    used 9315K, committed 9984K, reserved 1048576K
}
Event: 1166.816 GC heap before
{Heap before GC invocations=849 (full 20):
 PSYoungGen      total 15360K, used 15353K [0x00000000eab00000, 0x00000000ebe80000, 0x0000000100000000)
  eden space 13824K, 100% used [0x00000000eab00000,0x00000000eb880000,0x00000000eb880000)
  from space 1536K, 99% used [0x00000000ebc00000,0x00000000ebd7e470,0x00000000ebd80000)
  to   space 1024K, 0% used [0x00000000ebd80000,0x00000000ebd80000,0x00000000ebe80000)
 ParOldGen       total 197120K, used 173607K [0x00000000c0000000, 0x00000000cc080000, 0x00000000eab00000)
  object space 197120K, 88% used [0x00000000c0000000,0x00000000ca989c08,0x00000000cc080000)
 Metaspace       used 88165K, committed 89664K, reserved 1179648K
  class space    used 9319K, committed 9984K, reserved 1048576K
}
Event: 1166.820 GC heap after
{Heap after GC invocations=849 (full 20):
 PSYoungGen      total 14848K, used 1016K [0x00000000eab00000, 0x00000000ec280000, 0x0000000100000000)
  eden space 13824K, 0% used [0x00000000eab00000,0x00000000eab00000,0x00000000eb880000)
  from space 1024K, 99% used [0x00000000ebd80000,0x00000000ebe7e1e8,0x00000000ebe80000)
  to   space 5120K, 0% used [0x00000000eb880000,0x00000000eb880000,0x00000000ebd80000)
 ParOldGen       total 197120K, used 176938K [0x00000000c0000000, 0x00000000cc080000, 0x00000000eab00000)
  object space 197120K, 89% used [0x00000000c0000000,0x00000000cacca8b8,0x00000000cc080000)
 Metaspace       used 88165K, committed 89664K, reserved 1179648K
  class space    used 9319K, committed 9984K, reserved 1048576K
}
Event: 1166.871 GC heap before
{Heap before GC invocations=850 (full 20):
 PSYoungGen      total 14848K, used 14840K [0x00000000eab00000, 0x00000000ec280000, 0x0000000100000000)
  eden space 13824K, 100% used [0x00000000eab00000,0x00000000eb880000,0x00000000eb880000)
  from space 1024K, 99% used [0x00000000ebd80000,0x00000000ebe7e1e8,0x00000000ebe80000)
  to   space 5120K, 0% used [0x00000000eb880000,0x00000000eb880000,0x00000000ebd80000)
 ParOldGen       total 197120K, used 176938K [0x00000000c0000000, 0x00000000cc080000, 0x00000000eab00000)
  object space 197120K, 89% used [0x00000000c0000000,0x00000000cacca8b8,0x00000000cc080000)
 Metaspace       used 88166K, committed 89664K, reserved 1179648K
  class space    used 9319K, committed 9984K, reserved 1048576K
}
Event: 1166.879 GC heap after
{Heap after GC invocations=850 (full 20):
 PSYoungGen      total 18944K, used 5102K [0x00000000eab00000, 0x00000000ed480000, 0x0000000100000000)
  eden space 13824K, 0% used [0x00000000eab00000,0x00000000eab00000,0x00000000eb880000)
  from space 5120K, 99% used [0x00000000eb880000,0x00000000ebd7ba50,0x00000000ebd80000)
  to   space 14336K, 0% used [0x00000000ec680000,0x00000000ec680000,0x00000000ed480000)
 ParOldGen       total 197120K, used 184382K [0x00000000c0000000, 0x00000000cc080000, 0x00000000eab00000)
  object space 197120K, 93% used [0x00000000c0000000,0x00000000cb40fb90,0x00000000cc080000)
 Metaspace       used 88166K, committed 89664K, reserved 1179648K
  class space    used 9319K, committed 9984K, reserved 1048576K
}
Event: 1166.932 GC heap before
{Heap before GC invocations=851 (full 20):
 PSYoungGen      total 18944K, used 18926K [0x00000000eab00000, 0x00000000ed480000, 0x0000000100000000)
  eden space 13824K, 100% used [0x00000000eab00000,0x00000000eb880000,0x00000000eb880000)
  from space 5120K, 99% used [0x00000000eb880000,0x00000000ebd7ba50,0x00000000ebd80000)
  to   space 14336K, 0% used [0x00000000ec680000,0x00000000ec680000,0x00000000ed480000)
 ParOldGen       total 197120K, used 184382K [0x00000000c0000000, 0x00000000cc080000, 0x00000000eab00000)
  object space 197120K, 93% used [0x00000000c0000000,0x00000000cb40fb90,0x00000000cc080000)
 Metaspace       used 88192K, committed 89664K, reserved 1179648K
  class space    used 9324K, committed 9984K, reserved 1048576K
}
Event: 1166.939 GC heap after
{Heap after GC invocations=851 (full 20):
 PSYoungGen      total 24576K, used 10688K [0x00000000eab00000, 0x00000000ed100000, 0x0000000100000000)
  eden space 13824K, 0% used [0x00000000eab00000,0x00000000eab00000,0x00000000eb880000)
  from space 10752K, 99% used [0x00000000ec680000,0x00000000ed0f03c8,0x00000000ed100000)
  to   space 11776K, 0% used [0x00000000eba00000,0x00000000eba00000,0x00000000ec580000)
 ParOldGen       total 197120K, used 184422K [0x00000000c0000000, 0x00000000cc080000, 0x00000000eab00000)
  object space 197120K, 93% used [0x00000000c0000000,0x00000000cb419b90,0x00000000cc080000)
 Metaspace       used 88192K, committed 89664K, reserved 1179648K
  class space    used 9324K, committed 9984K, reserved 1048576K
}
Event: 1167.009 GC heap before
{Heap before GC invocations=852 (full 20):
 PSYoungGen      total 24576K, used 24512K [0x00000000eab00000, 0x00000000ed100000, 0x0000000100000000)
  eden space 13824K, 100% used [0x00000000eab00000,0x00000000eb880000,0x00000000eb880000)
  from space 10752K, 99% used [0x00000000ec680000,0x00000000ed0f03c8,0x00000000ed100000)
  to   space 11776K, 0% used [0x00000000eba00000,0x00000000eba00000,0x00000000ec580000)
 ParOldGen       total 197120K, used 184422K [0x00000000c0000000, 0x00000000cc080000, 0x00000000eab00000)
  object space 197120K, 93% used [0x00000000c0000000,0x00000000cb419b90,0x00000000cc080000)
 Metaspace       used 88204K, committed 89664K, reserved 1179648K
  class space    used 9324K, committed 9984K, reserved 1048576K
}
Event: 1167.016 GC heap after
{Heap after GC invocations=852 (full 20):
 PSYoungGen      total 24064K, used 10125K [0x00000000eab00000, 0x00000000ecd80000, 0x0000000100000000)
  eden space 13824K, 0% used [0x00000000eab00000,0x00000000eab00000,0x00000000eb880000)
  from space 10240K, 98% used [0x00000000eba00000,0x00000000ec3e34e0,0x00000000ec400000)
  to   space 9728K, 0% used [0x00000000ec400000,0x00000000ec400000,0x00000000ecd80000)
 ParOldGen       total 197120K, used 184422K [0x00000000c0000000, 0x00000000cc080000, 0x00000000eab00000)
  object space 197120K, 93% used [0x00000000c0000000,0x00000000cb419b90,0x00000000cc080000)
 Metaspace       used 88204K, committed 89664K, reserved 1179648K
  class space    used 9324K, committed 9984K, reserved 1048576K
}
Event: 1167.043 GC heap before
{Heap before GC invocations=853 (full 20):
 PSYoungGen      total 24064K, used 23949K [0x00000000eab00000, 0x00000000ecd80000, 0x0000000100000000)
  eden space 13824K, 99% used [0x00000000eab00000,0x00000000eb87ffd0,0x00000000eb880000)
  from space 10240K, 98% used [0x00000000eba00000,0x00000000ec3e34e0,0x00000000ec400000)
  to   space 9728K, 0% used [0x00000000ec400000,0x00000000ec400000,0x00000000ecd80000)
 ParOldGen       total 197120K, used 184422K [0x00000000c0000000, 0x00000000cc080000, 0x00000000eab00000)
  object space 197120K, 93% used [0x00000000c0000000,0x00000000cb419b90,0x00000000cc080000)
 Metaspace       used 88207K, committed 89664K, reserved 1179648K
  class space    used 9324K, committed 9984K, reserved 1048576K
}
Event: 1167.055 GC heap after
{Heap after GC invocations=853 (full 20):
 PSYoungGen      total 10240K, used 9706K [0x00000000eab00000, 0x00000000eec80000, 0x0000000100000000)
  eden space 512K, 0% used [0x00000000eab00000,0x00000000eab00000,0x00000000eab80000)
  from space 9728K, 99% used [0x00000000ec400000,0x00000000ecd7aa28,0x00000000ecd80000)
  to   space 25088K, 0% used [0x00000000eab80000,0x00000000eab80000,0x00000000ec400000)
 ParOldGen       total 198144K, used 197857K [0x00000000c0000000, 0x00000000cc180000, 0x00000000eab00000)
  object space 198144K, 99% used [0x00000000c0000000,0x00000000cc1387c8,0x00000000cc180000)
 Metaspace       used 88207K, committed 89664K, reserved 1179648K
  class space    used 9324K, committed 9984K, reserved 1048576K
}
Event: 1167.055 GC heap before
{Heap before GC invocations=854 (full 21):
 PSYoungGen      total 10240K, used 9706K [0x00000000eab00000, 0x00000000eec80000, 0x0000000100000000)
  eden space 512K, 0% used [0x00000000eab00000,0x00000000eab00000,0x00000000eab80000)
  from space 9728K, 99% used [0x00000000ec400000,0x00000000ecd7aa28,0x00000000ecd80000)
  to   space 25088K, 0% used [0x00000000eab80000,0x00000000eab80000,0x00000000ec400000)
 ParOldGen       total 198144K, used 197857K [0x00000000c0000000, 0x00000000cc180000, 0x00000000eab00000)
  object space 198144K, 99% used [0x00000000c0000000,0x00000000cc1387c8,0x00000000cc180000)
 Metaspace       used 88207K, committed 89664K, reserved 1179648K
  class space    used 9324K, committed 9984K, reserved 1048576K
}

