# JRE version: OpenJDK Runtime Environment Temurin-17.0.9+9 (17.0.9+9) (build 17.0.9+9)
# Java VM: OpenJDK 64-Bit Server VM Temurin-17.0.9+9 (17.0.9+9, mixed mode, tiered, compressed oops, compressed class ptrs, parallel gc, windows-amd64)
GC Precious Log:
 CPUs: 8 total, 8 available
 Memory: 16238M
 Large Page Support: Disabled
 NUMA Support: Disabled
 Compressed Oops: Enabled (32-bit)
 Alignments: Space 512K, Generation 512K, Heap 2M
 Heap Min Capacity: 100M
 Heap Initial Capacity: 100M
 Heap Max Capacity: 1G
 Pre-touch: Disabled
 Parallel Workers: 8
Heap:
 PSYoungGen      total 1024K, used 499K [0x00000000eab00000, 0x00000000eb480000, 0x0000000100000000)
  eden space 512K, 0% used [0x00000000eab00000,0x00000000eab00000,0x00000000eab80000)
  from space 512K, 97% used [0x00000000eae80000,0x00000000eaefce20,0x00000000eaf00000)
  to   space 3072K, 0% used [0x00000000eab80000,0x00000000eab80000,0x00000000eae80000)
 ParOldGen       total 152576K, used 152455K [0x00000000c0000000, 0x00000000c9500000, 0x00000000eab00000)
  object space 152576K, 99% used [0x00000000c0000000,0x00000000c94e1c10,0x00000000c9500000)
 Metaspace       used 96361K, committed 97728K, reserved 1179648K
  class space    used 9604K, committed 10240K, reserved 1048576K
GC Heap History (20 events):
Event: 19130.927 GC heap after
{Heap after GC invocations=6838 (full 174):
 PSYoungGen      total 3584K, used 416K [0x00000000eab00000, 0x00000000eaf00000, 0x0000000100000000)
  eden space 2560K, 0% used [0x00000000eab00000,0x00000000eab00000,0x00000000ead80000)
  from space 1024K, 40% used [0x00000000ead80000,0x00000000eade8000,0x00000000eae80000)
  to   space 512K, 0% used [0x00000000eae80000,0x00000000eae80000,0x00000000eaf00000)
 ParOldGen       total 152064K, used 147690K [0x00000000c0000000, 0x00000000c9480000, 0x00000000eab00000)
  object space 152064K, 97% used [0x00000000c0000000,0x00000000c903ab50,0x00000000c9480000)
 Metaspace       used 96343K, committed 97728K, reserved 1179648K
  class space    used 9604K, committed 10240K, reserved 1048576K
}
Event: 22976.887 GC heap before
{Heap before GC invocations=6839 (full 174):
 PSYoungGen      total 3584K, used 2972K [0x00000000eab00000, 0x00000000eaf00000, 0x0000000100000000)
  eden space 2560K, 99% used [0x00000000eab00000,0x00000000ead7f2c8,0x00000000ead80000)
  from space 1024K, 40% used [0x00000000ead80000,0x00000000eade8000,0x00000000eae80000)
  to   space 512K, 0% used [0x00000000eae80000,0x00000000eae80000,0x00000000eaf00000)
 ParOldGen       total 152064K, used 147690K [0x00000000c0000000, 0x00000000c9480000, 0x00000000eab00000)
  object space 152064K, 97% used [0x00000000c0000000,0x00000000c903ab50,0x00000000c9480000)
 Metaspace       used 96358K, committed 97728K, reserved 1179648K
  class space    used 9604K, committed 10240K, reserved 1048576K
}
Event: 22976.888 GC heap after
{Heap after GC invocations=6839 (full 174):
 PSYoungGen      total 3072K, used 256K [0x00000000eab00000, 0x00000000eaf00000, 0x0000000100000000)
  eden space 2560K, 0% used [0x00000000eab00000,0x00000000eab00000,0x00000000ead80000)
  from space 512K, 50% used [0x00000000eae80000,0x00000000eaec0000,0x00000000eaf00000)
  to   space 512K, 0% used [0x00000000eae00000,0x00000000eae00000,0x00000000eae80000)
 ParOldGen       total 152064K, used 148033K [0x00000000c0000000, 0x00000000c9480000, 0x00000000eab00000)
  object space 152064K, 97% used [0x00000000c0000000,0x00000000c90905d0,0x00000000c9480000)
 Metaspace       used 96358K, committed 97728K, reserved 1179648K
  class space    used 9604K, committed 10240K, reserved 1048576K
}
Event: 22976.892 GC heap before
{Heap before GC invocations=6840 (full 174):
 PSYoungGen      total 3072K, used 2816K [0x00000000eab00000, 0x00000000eaf00000, 0x0000000100000000)
  eden space 2560K, 100% used [0x00000000eab00000,0x00000000ead80000,0x00000000ead80000)
  from space 512K, 50% used [0x00000000eae80000,0x00000000eaec0000,0x00000000eaf00000)
  to   space 512K, 0% used [0x00000000eae00000,0x00000000eae00000,0x00000000eae80000)
 ParOldGen       total 152064K, used 148033K [0x00000000c0000000, 0x00000000c9480000, 0x00000000eab00000)
  object space 152064K, 97% used [0x00000000c0000000,0x00000000c90905d0,0x00000000c9480000)
 Metaspace       used 96358K, committed 97728K, reserved 1179648K
  class space    used 9604K, committed 10240K, reserved 1048576K
}
Event: 22976.893 GC heap after
{Heap after GC invocations=6840 (full 174):
 PSYoungGen      total 3072K, used 506K [0x00000000eab00000, 0x00000000eaf80000, 0x0000000100000000)
  eden space 2560K, 0% used [0x00000000eab00000,0x00000000eab00000,0x00000000ead80000)
  from space 512K, 98% used [0x00000000eae00000,0x00000000eae7e920,0x00000000eae80000)
  to   space 1024K, 0% used [0x00000000eae80000,0x00000000eae80000,0x00000000eaf80000)
 ParOldGen       total 152064K, used 148201K [0x00000000c0000000, 0x00000000c9480000, 0x00000000eab00000)
  object space 152064K, 97% used [0x00000000c0000000,0x00000000c90ba5d0,0x00000000c9480000)
 Metaspace       used 96358K, committed 97728K, reserved 1179648K
  class space    used 9604K, committed 10240K, reserved 1048576K
}
Event: 22977.802 GC heap before
{Heap before GC invocations=6841 (full 174):
 PSYoungGen      total 3072K, used 3066K [0x00000000eab00000, 0x00000000eaf80000, 0x0000000100000000)
  eden space 2560K, 100% used [0x00000000eab00000,0x00000000ead80000,0x00000000ead80000)
  from space 512K, 98% used [0x00000000eae00000,0x00000000eae7e920,0x00000000eae80000)
  to   space 1024K, 0% used [0x00000000eae80000,0x00000000eae80000,0x00000000eaf80000)
 ParOldGen       total 152064K, used 148201K [0x00000000c0000000, 0x00000000c9480000, 0x00000000eab00000)
  object space 152064K, 97% used [0x00000000c0000000,0x00000000c90ba5d0,0x00000000c9480000)
 Metaspace       used 96360K, committed 97728K, reserved 1179648K
  class space    used 9604K, committed 10240K, reserved 1048576K
}
Event: 22977.803 GC heap after
{Heap after GC invocations=6841 (full 174):
 PSYoungGen      total 3584K, used 544K [0x00000000eab00000, 0x00000000eaf80000, 0x0000000100000000)
  eden space 2560K, 0% used [0x00000000eab00000,0x00000000eab00000,0x00000000ead80000)
  from space 1024K, 53% used [0x00000000eae80000,0x00000000eaf08000,0x00000000eaf80000)
  to   space 1024K, 0% used [0x00000000ead80000,0x00000000ead80000,0x00000000eae80000)
 ParOldGen       total 152064K, used 148710K [0x00000000c0000000, 0x00000000c9480000, 0x00000000eab00000)
  object space 152064K, 97% used [0x00000000c0000000,0x00000000c9139810,0x00000000c9480000)
 Metaspace       used 96360K, committed 97728K, reserved 1179648K
  class space    used 9604K, committed 10240K, reserved 1048576K
}
Event: 22977.806 GC heap before
{Heap before GC invocations=6842 (full 174):
 PSYoungGen      total 3584K, used 3104K [0x00000000eab00000, 0x00000000eaf80000, 0x0000000100000000)
  eden space 2560K, 100% used [0x00000000eab00000,0x00000000ead80000,0x00000000ead80000)
  from space 1024K, 53% used [0x00000000eae80000,0x00000000eaf08000,0x00000000eaf80000)
  to   space 1024K, 0% used [0x00000000ead80000,0x00000000ead80000,0x00000000eae80000)
 ParOldGen       total 152064K, used 148710K [0x00000000c0000000, 0x00000000c9480000, 0x00000000eab00000)
  object space 152064K, 97% used [0x00000000c0000000,0x00000000c9139810,0x00000000c9480000)
 Metaspace       used 96360K, committed 97728K, reserved 1179648K
  class space    used 9604K, committed 10240K, reserved 1048576K
}
Event: 22977.807 GC heap after
{Heap after GC invocations=6842 (full 174):
 PSYoungGen      total 3584K, used 762K [0x00000000eab00000, 0x00000000eaf80000, 0x0000000100000000)
  eden space 2560K, 0% used [0x00000000eab00000,0x00000000eab00000,0x00000000ead80000)
  from space 1024K, 74% used [0x00000000ead80000,0x00000000eae3e920,0x00000000eae80000)
  to   space 1024K, 0% used [0x00000000eae80000,0x00000000eae80000,0x00000000eaf80000)
 ParOldGen       total 152064K, used 149153K [0x00000000c0000000, 0x00000000c9480000, 0x00000000eab00000)
  object space 152064K, 98% used [0x00000000c0000000,0x00000000c91a84d0,0x00000000c9480000)
 Metaspace       used 96360K, committed 97728K, reserved 1179648K
  class space    used 9604K, committed 10240K, reserved 1048576K
}
Event: 22979.317 GC heap before
{Heap before GC invocations=6843 (full 174):
 PSYoungGen      total 3584K, used 3322K [0x00000000eab00000, 0x00000000eaf80000, 0x0000000100000000)
  eden space 2560K, 100% used [0x00000000eab00000,0x00000000ead80000,0x00000000ead80000)
  from space 1024K, 74% used [0x00000000ead80000,0x00000000eae3e920,0x00000000eae80000)
  to   space 1024K, 0% used [0x00000000eae80000,0x00000000eae80000,0x00000000eaf80000)
 ParOldGen       total 152064K, used 149153K [0x00000000c0000000, 0x00000000c9480000, 0x00000000eab00000)
  object space 152064K, 98% used [0x00000000c0000000,0x00000000c91a84d0,0x00000000c9480000)
 Metaspace       used 96360K, committed 97728K, reserved 1179648K
  class space    used 9604K, committed 10240K, reserved 1048576K
}
Event: 22979.318 GC heap after
{Heap after GC invocations=6843 (full 174):
 PSYoungGen      total 3072K, used 224K [0x00000000eab00000, 0x00000000eaf00000, 0x0000000100000000)
  eden space 2560K, 0% used [0x00000000eab00000,0x00000000eab00000,0x00000000ead80000)
  from space 512K, 43% used [0x00000000eae80000,0x00000000eaeb8000,0x00000000eaf00000)
  to   space 512K, 0% used [0x00000000eae00000,0x00000000eae00000,0x00000000eae80000)
 ParOldGen       total 152064K, used 149153K [0x00000000c0000000, 0x00000000c9480000, 0x00000000eab00000)
  object space 152064K, 98% used [0x00000000c0000000,0x00000000c91a84d0,0x00000000c9480000)
 Metaspace       used 96360K, committed 97728K, reserved 1179648K
  class space    used 9604K, committed 10240K, reserved 1048576K
}
Event: 22979.322 GC heap before
{Heap before GC invocations=6844 (full 174):
 PSYoungGen      total 3072K, used 2784K [0x00000000eab00000, 0x00000000eaf00000, 0x0000000100000000)
  eden space 2560K, 100% used [0x00000000eab00000,0x00000000ead80000,0x00000000ead80000)
  from space 512K, 43% used [0x00000000eae80000,0x00000000eaeb8000,0x00000000eaf00000)
  to   space 512K, 0% used [0x00000000eae00000,0x00000000eae00000,0x00000000eae80000)
 ParOldGen       total 152064K, used 149153K [0x00000000c0000000, 0x00000000c9480000, 0x00000000eab00000)
  object space 152064K, 98% used [0x00000000c0000000,0x00000000c91a84d0,0x00000000c9480000)
 Metaspace       used 96360K, committed 97728K, reserved 1179648K
  class space    used 9604K, committed 10240K, reserved 1048576K
}
Event: 22979.323 GC heap after
{Heap after GC invocations=6844 (full 174):
 PSYoungGen      total 3072K, used 490K [0x00000000eab00000, 0x00000000eaf80000, 0x0000000100000000)
  eden space 2560K, 0% used [0x00000000eab00000,0x00000000eab00000,0x00000000ead80000)
  from space 512K, 95% used [0x00000000eae00000,0x00000000eae7a930,0x00000000eae80000)
  to   space 1024K, 0% used [0x00000000eae80000,0x00000000eae80000,0x00000000eaf80000)
 ParOldGen       total 152064K, used 149305K [0x00000000c0000000, 0x00000000c9480000, 0x00000000eab00000)
  object space 152064K, 98% used [0x00000000c0000000,0x00000000c91ce4d0,0x00000000c9480000)
 Metaspace       used 96360K, committed 97728K, reserved 1179648K
  class space    used 9604K, committed 10240K, reserved 1048576K
}
Event: 22979.334 GC heap before
{Heap before GC invocations=6845 (full 174):
 PSYoungGen      total 3072K, used 3050K [0x00000000eab00000, 0x00000000eaf80000, 0x0000000100000000)
  eden space 2560K, 100% used [0x00000000eab00000,0x00000000ead80000,0x00000000ead80000)
  from space 512K, 95% used [0x00000000eae00000,0x00000000eae7a930,0x00000000eae80000)
  to   space 1024K, 0% used [0x00000000eae80000,0x00000000eae80000,0x00000000eaf80000)
 ParOldGen       total 152064K, used 149305K [0x00000000c0000000, 0x00000000c9480000, 0x00000000eab00000)
  object space 152064K, 98% used [0x00000000c0000000,0x00000000c91ce4d0,0x00000000c9480000)
 Metaspace       used 96360K, committed 97728K, reserved 1179648K
  class space    used 9604K, committed 10240K, reserved 1048576K
}
Event: 22979.335 GC heap after
{Heap after GC invocations=6845 (full 174):
 PSYoungGen      total 3584K, used 544K [0x00000000eab00000, 0x00000000eaf80000, 0x0000000100000000)
  eden space 2560K, 0% used [0x00000000eab00000,0x00000000eab00000,0x00000000ead80000)
  from space 1024K, 53% used [0x00000000eae80000,0x00000000eaf08000,0x00000000eaf80000)
  to   space 1024K, 0% used [0x00000000ead80000,0x00000000ead80000,0x00000000eae80000)
 ParOldGen       total 152064K, used 149789K [0x00000000c0000000, 0x00000000c9480000, 0x00000000eab00000)
  object space 152064K, 98% used [0x00000000c0000000,0x00000000c9247710,0x00000000c9480000)
 Metaspace       used 96360K, committed 97728K, reserved 1179648K
  class space    used 9604K, committed 10240K, reserved 1048576K
}
Event: 22979.380 GC heap before
{Heap before GC invocations=6846 (full 174):
 PSYoungGen      total 3584K, used 2806K [0x00000000eab00000, 0x00000000eaf80000, 0x0000000100000000)
  eden space 2560K, 88% used [0x00000000eab00000,0x00000000ead35820,0x00000000ead80000)
  from space 1024K, 53% used [0x00000000eae80000,0x00000000eaf08000,0x00000000eaf80000)
  to   space 1024K, 0% used [0x00000000ead80000,0x00000000ead80000,0x00000000eae80000)
 ParOldGen       total 152064K, used 149789K [0x00000000c0000000, 0x00000000c9480000, 0x00000000eab00000)
  object space 152064K, 98% used [0x00000000c0000000,0x00000000c9247710,0x00000000c9480000)
 Metaspace       used 96361K, committed 97728K, reserved 1179648K
  class space    used 9604K, committed 10240K, reserved 1048576K
}
Event: 22979.381 GC heap after
{Heap after GC invocations=6846 (full 174):
 PSYoungGen      total 3584K, used 308K [0x00000000eab00000, 0x00000000eaf00000, 0x0000000100000000)
  eden space 2560K, 0% used [0x00000000eab00000,0x00000000eab00000,0x00000000ead80000)
  from space 1024K, 30% used [0x00000000ead80000,0x00000000eadcd200,0x00000000eae80000)
  to   space 512K, 0% used [0x00000000eae80000,0x00000000eae80000,0x00000000eaf00000)
 ParOldGen       total 152064K, used 150234K [0x00000000c0000000, 0x00000000c9480000, 0x00000000eab00000)
  object space 152064K, 98% used [0x00000000c0000000,0x00000000c92b6be0,0x00000000c9480000)
 Metaspace       used 96361K, committed 97728K, reserved 1179648K
  class space    used 9604K, committed 10240K, reserved 1048576K
}
Event: 22979.385 GC heap before
{Heap before GC invocations=6847 (full 174):
 PSYoungGen      total 3584K, used 2868K [0x00000000eab00000, 0x00000000eaf00000, 0x0000000100000000)
  eden space 2560K, 100% used [0x00000000eab00000,0x00000000ead80000,0x00000000ead80000)
  from space 1024K, 30% used [0x00000000ead80000,0x00000000eadcd200,0x00000000eae80000)
  to   space 512K, 0% used [0x00000000eae80000,0x00000000eae80000,0x00000000eaf00000)
 ParOldGen       total 152064K, used 150234K [0x00000000c0000000, 0x00000000c9480000, 0x00000000eab00000)
  object space 152064K, 98% used [0x00000000c0000000,0x00000000c92b6be0,0x00000000c9480000)
 Metaspace       used 96361K, committed 97728K, reserved 1179648K
  class space    used 9604K, committed 10240K, reserved 1048576K
}
Event: 22979.386 GC heap after
{Heap after GC invocations=6847 (full 174):
 PSYoungGen      total 1024K, used 499K [0x00000000eab00000, 0x00000000eb480000, 0x0000000100000000)
  eden space 512K, 0% used [0x00000000eab00000,0x00000000eab00000,0x00000000eab80000)
  from space 512K, 97% used [0x00000000eae80000,0x00000000eaefce20,0x00000000eaf00000)
  to   space 3072K, 0% used [0x00000000eab80000,0x00000000eab80000,0x00000000eae80000)
 ParOldGen       total 152576K, used 152455K [0x00000000c0000000, 0x00000000c9500000, 0x00000000eab00000)
  object space 152576K, 99% used [0x00000000c0000000,0x00000000c94e1c10,0x00000000c9500000)
 Metaspace       used 96361K, committed 97728K, reserved 1179648K
  class space    used 9604K, committed 10240K, reserved 1048576K
}
Event: 22979.386 GC heap before
{Heap before GC invocations=6848 (full 175):
 PSYoungGen      total 1024K, used 499K [0x00000000eab00000, 0x00000000eb480000, 0x0000000100000000)
  eden space 512K, 0% used [0x00000000eab00000,0x00000000eab00000,0x00000000eab80000)
  from space 512K, 97% used [0x00000000eae80000,0x00000000eaefce20,0x00000000eaf00000)
  to   space 3072K, 0% used [0x00000000eab80000,0x00000000eab80000,0x00000000eae80000)
 ParOldGen       total 152576K, used 152455K [0x00000000c0000000, 0x00000000c9500000, 0x00000000eab00000)
  object space 152576K, 99% used [0x00000000c0000000,0x00000000c94e1c10,0x00000000c9500000)
 Metaspace       used 96361K, committed 97728K, reserved 1179648K
  class space    used 9604K, committed 10240K, reserved 1048576K
}

