# JRE version: OpenJDK Runtime Environment Temurin-17.0.9+9 (17.0.9+9) (build 17.0.9+9)
# Java VM: OpenJDK 64-Bit Server VM Temurin-17.0.9+9 (17.0.9+9, mixed mode, tiered, compressed oops, compressed class ptrs, parallel gc, windows-amd64)
GC Precious Log:
 CPUs: 8 total, 8 available
 Memory: 16238M
 Large Page Support: Disabled
 NUMA Support: Disabled
 Compressed Oops: Enabled (32-bit)
 Alignments: Space 512K, Generation 512K, Heap 2M
 Heap Min Capacity: 100M
 Heap Initial Capacity: 100M
 Heap Max Capacity: 1G
 Pre-touch: Disabled
 Parallel Workers: 8
Heap:
 PSYoungGen      total 23040K, used 22829K [0x00000000eab00000, 0x00000000ec480000, 0x0000000100000000)
  eden space 21504K, 100% used [0x00000000eab00000,0x00000000ec000000,0x00000000ec000000)
  from space 1536K, 86% used [0x00000000ec300000,0x00000000ec44b778,0x00000000ec480000)
  to   space 2048K, 68% used [0x00000000ec080000,0x00000000ec1e0020,0x00000000ec280000)
 ParOldGen       total 68608K, used 28065K [0x00000000c0000000, 0x00000000c4300000, 0x00000000eab00000)
  object space 68608K, 40% used [0x00000000c0000000,0x00000000c1b68410,0x00000000c4300000)
 Metaspace       used 57988K, committed 59136K, reserved 1114112K
  class space    used 6377K, committed 6848K, reserved 1048576K
GC Heap History (20 events):
Event: 3.373 GC heap after
{Heap after GC invocations=13 (full 2):
 PSYoungGen      total 24576K, used 1401K [0x00000000eab00000, 0x00000000ec700000, 0x0000000100000000)
  eden space 23040K, 0% used [0x00000000eab00000,0x00000000eab00000,0x00000000ec180000)
  from space 1536K, 91% used [0x00000000ec400000,0x00000000ec55e528,0x00000000ec580000)
  to   space 1536K, 0% used [0x00000000ec580000,0x00000000ec580000,0x00000000ec700000)
 ParOldGen       total 68608K, used 14001K [0x00000000c0000000, 0x00000000c4300000, 0x00000000eab00000)
  object space 68608K, 20% used [0x00000000c0000000,0x00000000c0dac688,0x00000000c4300000)
 Metaspace       used 38511K, committed 39488K, reserved 1114112K
  class space    used 3905K, committed 4352K, reserved 1048576K
}
Event: 3.585 GC heap before
{Heap before GC invocations=14 (full 2):
 PSYoungGen      total 24576K, used 24441K [0x00000000eab00000, 0x00000000ec700000, 0x0000000100000000)
  eden space 23040K, 100% used [0x00000000eab00000,0x00000000ec180000,0x00000000ec180000)
  from space 1536K, 91% used [0x00000000ec400000,0x00000000ec55e528,0x00000000ec580000)
  to   space 1536K, 0% used [0x00000000ec580000,0x00000000ec580000,0x00000000ec700000)
 ParOldGen       total 68608K, used 14001K [0x00000000c0000000, 0x00000000c4300000, 0x00000000eab00000)
  object space 68608K, 20% used [0x00000000c0000000,0x00000000c0dac688,0x00000000c4300000)
 Metaspace       used 41717K, committed 42688K, reserved 1114112K
  class space    used 4328K, committed 4800K, reserved 1048576K
}
Event: 3.588 GC heap after
{Heap after GC invocations=14 (full 2):
 PSYoungGen      total 24064K, used 1508K [0x00000000eab00000, 0x00000000ec700000, 0x0000000100000000)
  eden space 22528K, 0% used [0x00000000eab00000,0x00000000eab00000,0x00000000ec100000)
  from space 1536K, 98% used [0x00000000ec580000,0x00000000ec6f9140,0x00000000ec700000)
  to   space 1536K, 0% used [0x00000000ec400000,0x00000000ec400000,0x00000000ec580000)
 ParOldGen       total 68608K, used 15252K [0x00000000c0000000, 0x00000000c4300000, 0x00000000eab00000)
  object space 68608K, 22% used [0x00000000c0000000,0x00000000c0ee5148,0x00000000c4300000)
 Metaspace       used 41717K, committed 42688K, reserved 1114112K
  class space    used 4328K, committed 4800K, reserved 1048576K
}
Event: 3.768 GC heap before
{Heap before GC invocations=15 (full 2):
 PSYoungGen      total 24064K, used 24036K [0x00000000eab00000, 0x00000000ec700000, 0x0000000100000000)
  eden space 22528K, 100% used [0x00000000eab00000,0x00000000ec100000,0x00000000ec100000)
  from space 1536K, 98% used [0x00000000ec580000,0x00000000ec6f9140,0x00000000ec700000)
  to   space 1536K, 0% used [0x00000000ec400000,0x00000000ec400000,0x00000000ec580000)
 ParOldGen       total 68608K, used 15252K [0x00000000c0000000, 0x00000000c4300000, 0x00000000eab00000)
  object space 68608K, 22% used [0x00000000c0000000,0x00000000c0ee5148,0x00000000c4300000)
 Metaspace       used 44907K, committed 45888K, reserved 1114112K
  class space    used 4730K, committed 5184K, reserved 1048576K
}
Event: 3.772 GC heap after
{Heap after GC invocations=15 (full 2):
 PSYoungGen      total 23552K, used 1520K [0x00000000eab00000, 0x00000000ec780000, 0x0000000100000000)
  eden space 22016K, 0% used [0x00000000eab00000,0x00000000eab00000,0x00000000ec080000)
  from space 1536K, 98% used [0x00000000ec400000,0x00000000ec57c010,0x00000000ec580000)
  to   space 2048K, 0% used [0x00000000ec580000,0x00000000ec580000,0x00000000ec780000)
 ParOldGen       total 68608K, used 16919K [0x00000000c0000000, 0x00000000c4300000, 0x00000000eab00000)
  object space 68608K, 24% used [0x00000000c0000000,0x00000000c1085dd0,0x00000000c4300000)
 Metaspace       used 44907K, committed 45888K, reserved 1114112K
  class space    used 4730K, committed 5184K, reserved 1048576K
}
Event: 3.928 GC heap before
{Heap before GC invocations=16 (full 2):
 PSYoungGen      total 23552K, used 23536K [0x00000000eab00000, 0x00000000ec780000, 0x0000000100000000)
  eden space 22016K, 100% used [0x00000000eab00000,0x00000000ec080000,0x00000000ec080000)
  from space 1536K, 98% used [0x00000000ec400000,0x00000000ec57c010,0x00000000ec580000)
  to   space 2048K, 0% used [0x00000000ec580000,0x00000000ec580000,0x00000000ec780000)
 ParOldGen       total 68608K, used 16919K [0x00000000c0000000, 0x00000000c4300000, 0x00000000eab00000)
  object space 68608K, 24% used [0x00000000c0000000,0x00000000c1085dd0,0x00000000c4300000)
 Metaspace       used 46727K, committed 47680K, reserved 1114112K
  class space    used 5006K, committed 5440K, reserved 1048576K
}
Event: 3.930 GC heap after
{Heap after GC invocations=16 (full 2):
 PSYoungGen      total 23040K, used 779K [0x00000000eab00000, 0x00000000ec680000, 0x0000000100000000)
  eden space 22016K, 0% used [0x00000000eab00000,0x00000000eab00000,0x00000000ec080000)
  from space 1024K, 76% used [0x00000000ec580000,0x00000000ec642c90,0x00000000ec680000)
  to   space 2048K, 0% used [0x00000000ec280000,0x00000000ec280000,0x00000000ec480000)
 ParOldGen       total 68608K, used 18419K [0x00000000c0000000, 0x00000000c4300000, 0x00000000eab00000)
  object space 68608K, 26% used [0x00000000c0000000,0x00000000c11fcfe0,0x00000000c4300000)
 Metaspace       used 46727K, committed 47680K, reserved 1114112K
  class space    used 5006K, committed 5440K, reserved 1048576K
}
Event: 4.134 GC heap before
{Heap before GC invocations=17 (full 2):
 PSYoungGen      total 23040K, used 22795K [0x00000000eab00000, 0x00000000ec680000, 0x0000000100000000)
  eden space 22016K, 100% used [0x00000000eab00000,0x00000000ec080000,0x00000000ec080000)
  from space 1024K, 76% used [0x00000000ec580000,0x00000000ec642c90,0x00000000ec680000)
  to   space 2048K, 0% used [0x00000000ec280000,0x00000000ec280000,0x00000000ec480000)
 ParOldGen       total 68608K, used 18419K [0x00000000c0000000, 0x00000000c4300000, 0x00000000eab00000)
  object space 68608K, 26% used [0x00000000c0000000,0x00000000c11fcfe0,0x00000000c4300000)
 Metaspace       used 49535K, committed 50496K, reserved 1114112K
  class space    used 5355K, committed 5824K, reserved 1048576K
}
Event: 4.136 GC heap after
{Heap after GC invocations=17 (full 2):
 PSYoungGen      total 24064K, used 928K [0x00000000eab00000, 0x00000000ec600000, 0x0000000100000000)
  eden space 22016K, 0% used [0x00000000eab00000,0x00000000eab00000,0x00000000ec080000)
  from space 2048K, 45% used [0x00000000ec280000,0x00000000ec368000,0x00000000ec480000)
  to   space 1024K, 0% used [0x00000000ec500000,0x00000000ec500000,0x00000000ec600000)
 ParOldGen       total 68608K, used 18993K [0x00000000c0000000, 0x00000000c4300000, 0x00000000eab00000)
  object space 68608K, 27% used [0x00000000c0000000,0x00000000c128c648,0x00000000c4300000)
 Metaspace       used 49535K, committed 50496K, reserved 1114112K
  class space    used 5355K, committed 5824K, reserved 1048576K
}
Event: 4.416 GC heap before
{Heap before GC invocations=18 (full 2):
 PSYoungGen      total 24064K, used 22944K [0x00000000eab00000, 0x00000000ec600000, 0x0000000100000000)
  eden space 22016K, 100% used [0x00000000eab00000,0x00000000ec080000,0x00000000ec080000)
  from space 2048K, 45% used [0x00000000ec280000,0x00000000ec368000,0x00000000ec480000)
  to   space 1024K, 0% used [0x00000000ec500000,0x00000000ec500000,0x00000000ec600000)
 ParOldGen       total 68608K, used 18993K [0x00000000c0000000, 0x00000000c4300000, 0x00000000eab00000)
  object space 68608K, 27% used [0x00000000c0000000,0x00000000c128c648,0x00000000c4300000)
 Metaspace       used 51959K, committed 52992K, reserved 1114112K
  class space    used 5681K, committed 6208K, reserved 1048576K
}
Event: 4.418 GC heap after
{Heap after GC invocations=18 (full 2):
 PSYoungGen      total 23040K, used 1024K [0x00000000eab00000, 0x00000000ec680000, 0x0000000100000000)
  eden space 22016K, 0% used [0x00000000eab00000,0x00000000eab00000,0x00000000ec080000)
  from space 1024K, 100% used [0x00000000ec500000,0x00000000ec600000,0x00000000ec600000)
  to   space 3072K, 0% used [0x00000000ec080000,0x00000000ec080000,0x00000000ec380000)
 ParOldGen       total 68608K, used 20561K [0x00000000c0000000, 0x00000000c4300000, 0x00000000eab00000)
  object space 68608K, 29% used [0x00000000c0000000,0x00000000c1414698,0x00000000c4300000)
 Metaspace       used 51959K, committed 52992K, reserved 1114112K
  class space    used 5681K, committed 6208K, reserved 1048576K
}
Event: 4.775 GC heap before
{Heap before GC invocations=19 (full 2):
 PSYoungGen      total 23040K, used 23032K [0x00000000eab00000, 0x00000000ec680000, 0x0000000100000000)
  eden space 22016K, 99% used [0x00000000eab00000,0x00000000ec07e3f0,0x00000000ec080000)
  from space 1024K, 100% used [0x00000000ec500000,0x00000000ec600000,0x00000000ec600000)
  to   space 3072K, 0% used [0x00000000ec080000,0x00000000ec080000,0x00000000ec380000)
 ParOldGen       total 68608K, used 20561K [0x00000000c0000000, 0x00000000c4300000, 0x00000000eab00000)
  object space 68608K, 29% used [0x00000000c0000000,0x00000000c1414698,0x00000000c4300000)
 Metaspace       used 54556K, committed 55680K, reserved 1114112K
  class space    used 6014K, committed 6528K, reserved 1048576K
}
Event: 4.777 GC heap after
{Heap after GC invocations=19 (full 2):
 PSYoungGen      total 25088K, used 1208K [0x00000000eab00000, 0x00000000ec580000, 0x0000000100000000)
  eden space 22016K, 0% used [0x00000000eab00000,0x00000000eab00000,0x00000000ec080000)
  from space 3072K, 39% used [0x00000000ec080000,0x00000000ec1ae340,0x00000000ec380000)
  to   space 2048K, 0% used [0x00000000ec380000,0x00000000ec380000,0x00000000ec580000)
 ParOldGen       total 68608K, used 21618K [0x00000000c0000000, 0x00000000c4300000, 0x00000000eab00000)
  object space 68608K, 31% used [0x00000000c0000000,0x00000000c151c810,0x00000000c4300000)
 Metaspace       used 54556K, committed 55680K, reserved 1114112K
  class space    used 6014K, committed 6528K, reserved 1048576K
}
Event: 4.928 GC heap before
{Heap before GC invocations=20 (full 2):
 PSYoungGen      total 25088K, used 22698K [0x00000000eab00000, 0x00000000ec580000, 0x0000000100000000)
  eden space 22016K, 97% used [0x00000000eab00000,0x00000000ebffc598,0x00000000ec080000)
  from space 3072K, 39% used [0x00000000ec080000,0x00000000ec1ae340,0x00000000ec380000)
  to   space 2048K, 0% used [0x00000000ec380000,0x00000000ec380000,0x00000000ec580000)
 ParOldGen       total 68608K, used 21618K [0x00000000c0000000, 0x00000000c4300000, 0x00000000eab00000)
  object space 68608K, 31% used [0x00000000c0000000,0x00000000c151c810,0x00000000c4300000)
 Metaspace       used 55268K, committed 56384K, reserved 1114112K
  class space    used 6080K, committed 6592K, reserved 1048576K
}
Event: 4.931 GC heap after
{Heap after GC invocations=20 (full 2):
 PSYoungGen      total 23552K, used 2048K [0x00000000eab00000, 0x00000000ec780000, 0x0000000100000000)
  eden space 21504K, 0% used [0x00000000eab00000,0x00000000eab00000,0x00000000ec000000)
  from space 2048K, 100% used [0x00000000ec380000,0x00000000ec580000,0x00000000ec580000)
  to   space 3584K, 0% used [0x00000000ec000000,0x00000000ec000000,0x00000000ec380000)
 ParOldGen       total 68608K, used 22706K [0x00000000c0000000, 0x00000000c4300000, 0x00000000eab00000)
  object space 68608K, 33% used [0x00000000c0000000,0x00000000c162cb50,0x00000000c4300000)
 Metaspace       used 55268K, committed 56384K, reserved 1114112K
  class space    used 6080K, committed 6592K, reserved 1048576K
}
Event: 5.163 GC heap before
{Heap before GC invocations=21 (full 2):
 PSYoungGen      total 23552K, used 23552K [0x00000000eab00000, 0x00000000ec780000, 0x0000000100000000)
  eden space 21504K, 100% used [0x00000000eab00000,0x00000000ec000000,0x00000000ec000000)
  from space 2048K, 100% used [0x00000000ec380000,0x00000000ec580000,0x00000000ec580000)
  to   space 3584K, 0% used [0x00000000ec000000,0x00000000ec000000,0x00000000ec380000)
 ParOldGen       total 68608K, used 22706K [0x00000000c0000000, 0x00000000c4300000, 0x00000000eab00000)
  object space 68608K, 33% used [0x00000000c0000000,0x00000000c162cb50,0x00000000c4300000)
 Metaspace       used 55832K, committed 56960K, reserved 1114112K
  class space    used 6133K, committed 6592K, reserved 1048576K
}
Event: 5.165 GC heap after
{Heap after GC invocations=21 (full 2):
 PSYoungGen      total 24064K, used 2477K [0x00000000eab00000, 0x00000000ec600000, 0x0000000100000000)
  eden space 21504K, 0% used [0x00000000eab00000,0x00000000eab00000,0x00000000ec000000)
  from space 2560K, 96% used [0x00000000ec000000,0x00000000ec26b668,0x00000000ec280000)
  to   space 3072K, 0% used [0x00000000ec300000,0x00000000ec300000,0x00000000ec600000)
 ParOldGen       total 68608K, used 24763K [0x00000000c0000000, 0x00000000c4300000, 0x00000000eab00000)
  object space 68608K, 36% used [0x00000000c0000000,0x00000000c182ed10,0x00000000c4300000)
 Metaspace       used 55832K, committed 56960K, reserved 1114112K
  class space    used 6133K, committed 6592K, reserved 1048576K
}
Event: 5.479 GC heap before
{Heap before GC invocations=22 (full 2):
 PSYoungGen      total 24064K, used 23975K [0x00000000eab00000, 0x00000000ec600000, 0x0000000100000000)
  eden space 21504K, 99% used [0x00000000eab00000,0x00000000ebffe7f8,0x00000000ec000000)
  from space 2560K, 96% used [0x00000000ec000000,0x00000000ec26b668,0x00000000ec280000)
  to   space 3072K, 0% used [0x00000000ec300000,0x00000000ec300000,0x00000000ec600000)
 ParOldGen       total 68608K, used 24763K [0x00000000c0000000, 0x00000000c4300000, 0x00000000eab00000)
  object space 68608K, 36% used [0x00000000c0000000,0x00000000c182ed10,0x00000000c4300000)
 Metaspace       used 57172K, committed 58304K, reserved 1114112K
  class space    used 6294K, committed 6784K, reserved 1048576K
}
Event: 5.483 GC heap after
{Heap after GC invocations=22 (full 2):
 PSYoungGen      total 23040K, used 1325K [0x00000000eab00000, 0x00000000ec480000, 0x0000000100000000)
  eden space 21504K, 0% used [0x00000000eab00000,0x00000000eab00000,0x00000000ec000000)
  from space 1536K, 86% used [0x00000000ec300000,0x00000000ec44b778,0x00000000ec480000)
  to   space 2048K, 0% used [0x00000000ec080000,0x00000000ec080000,0x00000000ec280000)
 ParOldGen       total 68608K, used 26987K [0x00000000c0000000, 0x00000000c4300000, 0x00000000eab00000)
  object space 68608K, 39% used [0x00000000c0000000,0x00000000c1a5ad20,0x00000000c4300000)
 Metaspace       used 57172K, committed 58304K, reserved 1114112K
  class space    used 6294K, committed 6784K, reserved 1048576K
}
Event: 5.676 GC heap before
{Heap before GC invocations=23 (full 2):
 PSYoungGen      total 23040K, used 22829K [0x00000000eab00000, 0x00000000ec480000, 0x0000000100000000)
  eden space 21504K, 100% used [0x00000000eab00000,0x00000000ec000000,0x00000000ec000000)
  from space 1536K, 86% used [0x00000000ec300000,0x00000000ec44b778,0x00000000ec480000)
  to   space 2048K, 0% used [0x00000000ec080000,0x00000000ec080000,0x00000000ec280000)
 ParOldGen       total 68608K, used 26987K [0x00000000c0000000, 0x00000000c4300000, 0x00000000eab00000)
  object space 68608K, 39% used [0x00000000c0000000,0x00000000c1a5ad20,0x00000000c4300000)
 Metaspace       used 57988K, committed 59136K, reserved 1114112K
  class space    used 6377K, committed 6848K, reserved 1048576K
}

