# JRE version: OpenJDK Runtime Environment Temurin-17.0.9+9 (17.0.9+9) (build 17.0.9+9)
# Java VM: OpenJDK 64-Bit Server VM Temurin-17.0.9+9 (17.0.9+9, mixed mode, tiered, compressed oops, compressed class ptrs, parallel gc, windows-amd64)
GC Precious Log:
 CPUs: 8 total, 8 available
 Memory: 16238M
 Large Page Support: Disabled
 NUMA Support: Disabled
 Compressed Oops: Enabled (32-bit)
 Alignments: Space 512K, Generation 512K, Heap 2M
 Heap Min Capacity: 100M
 Heap Initial Capacity: 100M
 Heap Max Capacity: 1G
 Pre-touch: Disabled
 Parallel Workers: 8
Heap:
 PSYoungGen      total 23552K, used 17174K [0x00000000eab00000, 0x00000000ec700000, 0x0000000100000000)
  eden space 19968K, 68% used [0x00000000eab00000,0x00000000eb852610,0x00000000ebe80000)
  from space 3584K, 98% used [0x00000000ec280000,0x00000000ec5f3448,0x00000000ec600000)
  to   space 4096K, 0% used [0x00000000ebe80000,0x00000000ebe80000,0x00000000ec280000)
 ParOldGen       total 68608K, used 43341K [0x00000000c0000000, 0x00000000c4300000, 0x00000000eab00000)
  object space 68608K, 63% used [0x00000000c0000000,0x00000000c2a53760,0x00000000c4300000)
 Metaspace       used 65758K, committed 66944K, reserved 1114112K
  class space    used 7101K, committed 7616K, reserved 1048576K
GC Heap History (20 events):
Event: 7.632 GC heap before
{Heap before GC invocations=26 (full 2):
 PSYoungGen      total 22016K, used 21648K [0x00000000eab00000, 0x00000000ec380000, 0x0000000100000000)
  eden space 20480K, 100% used [0x00000000eab00000,0x00000000ebf00000,0x00000000ebf00000)
  from space 1536K, 76% used [0x00000000ec100000,0x00000000ec224010,0x00000000ec280000)
  to   space 1024K, 0% used [0x00000000ec280000,0x00000000ec280000,0x00000000ec380000)
 ParOldGen       total 68608K, used 32669K [0x00000000c0000000, 0x00000000c4300000, 0x00000000eab00000)
  object space 68608K, 47% used [0x00000000c0000000,0x00000000c1fe74e0,0x00000000c4300000)
 Metaspace       used 57277K, committed 58432K, reserved 1114112K
  class space    used 6307K, committed 6784K, reserved 1048576K
}
Event: 7.635 GC heap after
{Heap after GC invocations=26 (full 2):
 PSYoungGen      total 21504K, used 1024K [0x00000000eab00000, 0x00000000ec400000, 0x0000000100000000)
  eden space 20480K, 0% used [0x00000000eab00000,0x00000000eab00000,0x00000000ebf00000)
  from space 1024K, 100% used [0x00000000ec280000,0x00000000ec380000,0x00000000ec380000)
  to   space 2560K, 0% used [0x00000000ebf00000,0x00000000ebf00000,0x00000000ec180000)
 ParOldGen       total 68608K, used 33969K [0x00000000c0000000, 0x00000000c4300000, 0x00000000eab00000)
  object space 68608K, 49% used [0x00000000c0000000,0x00000000c212c458,0x00000000c4300000)
 Metaspace       used 57277K, committed 58432K, reserved 1114112K
  class space    used 6307K, committed 6784K, reserved 1048576K
}
Event: 7.857 GC heap before
{Heap before GC invocations=27 (full 2):
 PSYoungGen      total 21504K, used 17385K [0x00000000eab00000, 0x00000000ec400000, 0x0000000100000000)
  eden space 20480K, 79% used [0x00000000eab00000,0x00000000ebafa4b8,0x00000000ebf00000)
  from space 1024K, 100% used [0x00000000ec280000,0x00000000ec380000,0x00000000ec380000)
  to   space 2560K, 0% used [0x00000000ebf00000,0x00000000ebf00000,0x00000000ec180000)
 ParOldGen       total 68608K, used 33969K [0x00000000c0000000, 0x00000000c4300000, 0x00000000eab00000)
  object space 68608K, 49% used [0x00000000c0000000,0x00000000c212c458,0x00000000c4300000)
 Metaspace       used 58689K, committed 59776K, reserved 1114112K
  class space    used 6490K, committed 6976K, reserved 1048576K
}
Event: 7.860 GC heap after
{Heap after GC invocations=27 (full 2):
 PSYoungGen      total 23040K, used 576K [0x00000000eab00000, 0x00000000ec300000, 0x0000000100000000)
  eden space 20480K, 0% used [0x00000000eab00000,0x00000000eab00000,0x00000000ebf00000)
  from space 2560K, 22% used [0x00000000ebf00000,0x00000000ebf90000,0x00000000ec180000)
  to   space 1536K, 0% used [0x00000000ec180000,0x00000000ec180000,0x00000000ec300000)
 ParOldGen       total 68608K, used 35005K [0x00000000c0000000, 0x00000000c4300000, 0x00000000eab00000)
  object space 68608K, 51% used [0x00000000c0000000,0x00000000c222f530,0x00000000c4300000)
 Metaspace       used 58689K, committed 59776K, reserved 1114112K
  class space    used 6490K, committed 6976K, reserved 1048576K
}
Event: 7.860 GC heap before
{Heap before GC invocations=28 (full 3):
 PSYoungGen      total 23040K, used 576K [0x00000000eab00000, 0x00000000ec300000, 0x0000000100000000)
  eden space 20480K, 0% used [0x00000000eab00000,0x00000000eab00000,0x00000000ebf00000)
  from space 2560K, 22% used [0x00000000ebf00000,0x00000000ebf90000,0x00000000ec180000)
  to   space 1536K, 0% used [0x00000000ec180000,0x00000000ec180000,0x00000000ec300000)
 ParOldGen       total 68608K, used 35005K [0x00000000c0000000, 0x00000000c4300000, 0x00000000eab00000)
  object space 68608K, 51% used [0x00000000c0000000,0x00000000c222f530,0x00000000c4300000)
 Metaspace       used 58689K, committed 59776K, reserved 1114112K
  class space    used 6490K, committed 6976K, reserved 1048576K
}
Event: 7.954 GC heap after
{Heap after GC invocations=28 (full 3):
 PSYoungGen      total 23040K, used 0K [0x00000000eab00000, 0x00000000ec300000, 0x0000000100000000)
  eden space 20480K, 0% used [0x00000000eab00000,0x00000000eab00000,0x00000000ebf00000)
  from space 2560K, 0% used [0x00000000ebf00000,0x00000000ebf00000,0x00000000ec180000)
  to   space 1536K, 0% used [0x00000000ec180000,0x00000000ec180000,0x00000000ec300000)
 ParOldGen       total 68608K, used 33657K [0x00000000c0000000, 0x00000000c4300000, 0x00000000eab00000)
  object space 68608K, 49% used [0x00000000c0000000,0x00000000c20de4f0,0x00000000c4300000)
 Metaspace       used 58689K, committed 59776K, reserved 1114112K
  class space    used 6490K, committed 6976K, reserved 1048576K
}
Event: 8.273 GC heap before
{Heap before GC invocations=29 (full 3):
 PSYoungGen      total 23040K, used 20480K [0x00000000eab00000, 0x00000000ec300000, 0x0000000100000000)
  eden space 20480K, 100% used [0x00000000eab00000,0x00000000ebf00000,0x00000000ebf00000)
  from space 2560K, 0% used [0x00000000ebf00000,0x00000000ebf00000,0x00000000ec180000)
  to   space 1536K, 0% used [0x00000000ec180000,0x00000000ec180000,0x00000000ec300000)
 ParOldGen       total 68608K, used 33657K [0x00000000c0000000, 0x00000000c4300000, 0x00000000eab00000)
  object space 68608K, 49% used [0x00000000c0000000,0x00000000c20de4f0,0x00000000c4300000)
 Metaspace       used 60465K, committed 61568K, reserved 1114112K
  class space    used 6678K, committed 7168K, reserved 1048576K
}
Event: 8.276 GC heap after
{Heap after GC invocations=29 (full 3):
 PSYoungGen      total 21504K, used 896K [0x00000000eab00000, 0x00000000ec280000, 0x0000000100000000)
  eden space 20480K, 0% used [0x00000000eab00000,0x00000000eab00000,0x00000000ebf00000)
  from space 1024K, 87% used [0x00000000ec180000,0x00000000ec260000,0x00000000ec280000)
  to   space 1024K, 0% used [0x00000000ec080000,0x00000000ec080000,0x00000000ec180000)
 ParOldGen       total 68608K, used 33665K [0x00000000c0000000, 0x00000000c4300000, 0x00000000eab00000)
  object space 68608K, 49% used [0x00000000c0000000,0x00000000c20e04f0,0x00000000c4300000)
 Metaspace       used 60465K, committed 61568K, reserved 1114112K
  class space    used 6678K, committed 7168K, reserved 1048576K
}
Event: 8.717 GC heap before
{Heap before GC invocations=30 (full 3):
 PSYoungGen      total 21504K, used 21376K [0x00000000eab00000, 0x00000000ec280000, 0x0000000100000000)
  eden space 20480K, 100% used [0x00000000eab00000,0x00000000ebf00000,0x00000000ebf00000)
  from space 1024K, 87% used [0x00000000ec180000,0x00000000ec260000,0x00000000ec280000)
  to   space 1024K, 0% used [0x00000000ec080000,0x00000000ec080000,0x00000000ec180000)
 ParOldGen       total 68608K, used 33665K [0x00000000c0000000, 0x00000000c4300000, 0x00000000eab00000)
  object space 68608K, 49% used [0x00000000c0000000,0x00000000c20e04f0,0x00000000c4300000)
 Metaspace       used 61723K, committed 62784K, reserved 1114112K
  class space    used 6771K, committed 7232K, reserved 1048576K
}
Event: 8.722 GC heap after
{Heap after GC invocations=30 (full 3):
 PSYoungGen      total 21504K, used 1012K [0x00000000eab00000, 0x00000000eca00000, 0x0000000100000000)
  eden space 20480K, 0% used [0x00000000eab00000,0x00000000eab00000,0x00000000ebf00000)
  from space 1024K, 98% used [0x00000000ec080000,0x00000000ec17d190,0x00000000ec180000)
  to   space 5632K, 0% used [0x00000000ec480000,0x00000000ec480000,0x00000000eca00000)
 ParOldGen       total 68608K, used 37563K [0x00000000c0000000, 0x00000000c4300000, 0x00000000eab00000)
  object space 68608K, 54% used [0x00000000c0000000,0x00000000c24aee60,0x00000000c4300000)
 Metaspace       used 61723K, committed 62784K, reserved 1114112K
  class space    used 6771K, committed 7232K, reserved 1048576K
}
Event: 9.074 GC heap before
{Heap before GC invocations=31 (full 3):
 PSYoungGen      total 21504K, used 21492K [0x00000000eab00000, 0x00000000eca00000, 0x0000000100000000)
  eden space 20480K, 100% used [0x00000000eab00000,0x00000000ebf00000,0x00000000ebf00000)
  from space 1024K, 98% used [0x00000000ec080000,0x00000000ec17d190,0x00000000ec180000)
  to   space 5632K, 0% used [0x00000000ec480000,0x00000000ec480000,0x00000000eca00000)
 ParOldGen       total 68608K, used 37563K [0x00000000c0000000, 0x00000000c4300000, 0x00000000eab00000)
  object space 68608K, 54% used [0x00000000c0000000,0x00000000c24aee60,0x00000000c4300000)
 Metaspace       used 63109K, committed 64256K, reserved 1114112K
  class space    used 6896K, committed 7360K, reserved 1048576K
}
Event: 9.079 GC heap after
{Heap after GC invocations=31 (full 3):
 PSYoungGen      total 23040K, used 2557K [0x00000000eab00000, 0x00000000ec700000, 0x0000000100000000)
  eden space 20480K, 0% used [0x00000000eab00000,0x00000000eab00000,0x00000000ebf00000)
  from space 2560K, 99% used [0x00000000ec480000,0x00000000ec6ff578,0x00000000ec700000)
  to   space 3584K, 0% used [0x00000000ec000000,0x00000000ec000000,0x00000000ec380000)
 ParOldGen       total 68608K, used 38573K [0x00000000c0000000, 0x00000000c4300000, 0x00000000eab00000)
  object space 68608K, 56% used [0x00000000c0000000,0x00000000c25ab4d0,0x00000000c4300000)
 Metaspace       used 63109K, committed 64256K, reserved 1114112K
  class space    used 6896K, committed 7360K, reserved 1048576K
}
Event: 9.162 GC heap before
{Heap before GC invocations=32 (full 3):
 PSYoungGen      total 23040K, used 22917K [0x00000000eab00000, 0x00000000ec700000, 0x0000000100000000)
  eden space 20480K, 99% used [0x00000000eab00000,0x00000000ebee1fb8,0x00000000ebf00000)
  from space 2560K, 99% used [0x00000000ec480000,0x00000000ec6ff578,0x00000000ec700000)
  to   space 3584K, 0% used [0x00000000ec000000,0x00000000ec000000,0x00000000ec380000)
 ParOldGen       total 68608K, used 38573K [0x00000000c0000000, 0x00000000c4300000, 0x00000000eab00000)
  object space 68608K, 56% used [0x00000000c0000000,0x00000000c25ab4d0,0x00000000c4300000)
 Metaspace       used 63164K, committed 64256K, reserved 1114112K
  class space    used 6900K, committed 7360K, reserved 1048576K
}
Event: 9.164 GC heap after
{Heap after GC invocations=32 (full 3):
 PSYoungGen      total 22016K, used 1093K [0x00000000eab00000, 0x00000000ec500000, 0x0000000100000000)
  eden space 20480K, 0% used [0x00000000eab00000,0x00000000eab00000,0x00000000ebf00000)
  from space 1536K, 71% used [0x00000000ec000000,0x00000000ec111498,0x00000000ec180000)
  to   space 2048K, 0% used [0x00000000ec300000,0x00000000ec300000,0x00000000ec500000)
 ParOldGen       total 68608K, used 40305K [0x00000000c0000000, 0x00000000c4300000, 0x00000000eab00000)
  object space 68608K, 58% used [0x00000000c0000000,0x00000000c275c468,0x00000000c4300000)
 Metaspace       used 63164K, committed 64256K, reserved 1114112K
  class space    used 6900K, committed 7360K, reserved 1048576K
}
Event: 9.537 GC heap before
{Heap before GC invocations=33 (full 3):
 PSYoungGen      total 22016K, used 21573K [0x00000000eab00000, 0x00000000ec500000, 0x0000000100000000)
  eden space 20480K, 100% used [0x00000000eab00000,0x00000000ebf00000,0x00000000ebf00000)
  from space 1536K, 71% used [0x00000000ec000000,0x00000000ec111498,0x00000000ec180000)
  to   space 2048K, 0% used [0x00000000ec300000,0x00000000ec300000,0x00000000ec500000)
 ParOldGen       total 68608K, used 40305K [0x00000000c0000000, 0x00000000c4300000, 0x00000000eab00000)
  object space 68608K, 58% used [0x00000000c0000000,0x00000000c275c468,0x00000000c4300000)
 Metaspace       used 64672K, committed 65792K, reserved 1114112K
  class space    used 7029K, committed 7488K, reserved 1048576K
}
Event: 9.539 GC heap after
{Heap after GC invocations=33 (full 3):
 PSYoungGen      total 22016K, used 1349K [0x00000000eab00000, 0x00000000ec480000, 0x0000000100000000)
  eden space 20480K, 0% used [0x00000000eab00000,0x00000000eab00000,0x00000000ebf00000)
  from space 1536K, 87% used [0x00000000ec300000,0x00000000ec4517a8,0x00000000ec480000)
  to   space 1536K, 0% used [0x00000000ec000000,0x00000000ec000000,0x00000000ec180000)
 ParOldGen       total 68608K, used 40369K [0x00000000c0000000, 0x00000000c4300000, 0x00000000eab00000)
  object space 68608K, 58% used [0x00000000c0000000,0x00000000c276c468,0x00000000c4300000)
 Metaspace       used 64672K, committed 65792K, reserved 1114112K
  class space    used 7029K, committed 7488K, reserved 1048576K
}
Event: 10.016 GC heap before
{Heap before GC invocations=34 (full 3):
 PSYoungGen      total 22016K, used 20512K [0x00000000eab00000, 0x00000000ec480000, 0x0000000100000000)
  eden space 20480K, 93% used [0x00000000eab00000,0x00000000ebdb6b58,0x00000000ebf00000)
  from space 1536K, 87% used [0x00000000ec300000,0x00000000ec4517a8,0x00000000ec480000)
  to   space 1536K, 0% used [0x00000000ec000000,0x00000000ec000000,0x00000000ec180000)
 ParOldGen       total 68608K, used 40369K [0x00000000c0000000, 0x00000000c4300000, 0x00000000eab00000)
  object space 68608K, 58% used [0x00000000c0000000,0x00000000c276c468,0x00000000c4300000)
 Metaspace       used 65452K, committed 66560K, reserved 1114112K
  class space    used 7085K, committed 7552K, reserved 1048576K
}
Event: 10.020 GC heap after
{Heap after GC invocations=34 (full 3):
 PSYoungGen      total 22016K, used 1529K [0x00000000eab00000, 0x00000000ec600000, 0x0000000100000000)
  eden space 20480K, 0% used [0x00000000eab00000,0x00000000eab00000,0x00000000ebf00000)
  from space 1536K, 99% used [0x00000000ec000000,0x00000000ec17e740,0x00000000ec180000)
  to   space 3584K, 0% used [0x00000000ec280000,0x00000000ec280000,0x00000000ec600000)
 ParOldGen       total 68608K, used 41794K [0x00000000c0000000, 0x00000000c4300000, 0x00000000eab00000)
  object space 68608K, 60% used [0x00000000c0000000,0x00000000c28d0bb8,0x00000000c4300000)
 Metaspace       used 65452K, committed 66560K, reserved 1114112K
  class space    used 7085K, committed 7552K, reserved 1048576K
}
Event: 10.104 GC heap before
{Heap before GC invocations=35 (full 3):
 PSYoungGen      total 22016K, used 22009K [0x00000000eab00000, 0x00000000ec600000, 0x0000000100000000)
  eden space 20480K, 100% used [0x00000000eab00000,0x00000000ebf00000,0x00000000ebf00000)
  from space 1536K, 99% used [0x00000000ec000000,0x00000000ec17e740,0x00000000ec180000)
  to   space 3584K, 0% used [0x00000000ec280000,0x00000000ec280000,0x00000000ec600000)
 ParOldGen       total 68608K, used 41794K [0x00000000c0000000, 0x00000000c4300000, 0x00000000eab00000)
  object space 68608K, 60% used [0x00000000c0000000,0x00000000c28d0bb8,0x00000000c4300000)
 Metaspace       used 65461K, committed 66560K, reserved 1114112K
  class space    used 7085K, committed 7552K, reserved 1048576K
}
Event: 10.108 GC heap after
{Heap after GC invocations=35 (full 3):
 PSYoungGen      total 23552K, used 3533K [0x00000000eab00000, 0x00000000ec700000, 0x0000000100000000)
  eden space 19968K, 0% used [0x00000000eab00000,0x00000000eab00000,0x00000000ebe80000)
  from space 3584K, 98% used [0x00000000ec280000,0x00000000ec5f3448,0x00000000ec600000)
  to   space 4096K, 0% used [0x00000000ebe80000,0x00000000ebe80000,0x00000000ec280000)
 ParOldGen       total 68608K, used 43341K [0x00000000c0000000, 0x00000000c4300000, 0x00000000eab00000)
  object space 68608K, 63% used [0x00000000c0000000,0x00000000c2a53760,0x00000000c4300000)
 Metaspace       used 65461K, committed 66560K, reserved 1114112K
  class space    used 7085K, committed 7552K, reserved 1048576K
}

