# JRE version: OpenJDK Runtime Environment Temurin-17.0.9+9 (17.0.9+9) (build 17.0.9+9)
# Java VM: OpenJDK 64-Bit Server VM Temurin-17.0.9+9 (17.0.9+9, mixed mode, tiered, compressed oops, compressed class ptrs, parallel gc, windows-amd64)
GC Precious Log:
 CPUs: 8 total, 8 available
 Memory: 16238M
 Large Page Support: Disabled
 NUMA Support: Disabled
 Compressed Oops: Enabled (32-bit)
 Alignments: Space 512K, Generation 512K, Heap 2M
 Heap Min Capacity: 100M
 Heap Initial Capacity: 100M
 Heap Max Capacity: 1G
 Pre-touch: Disabled
 Parallel Workers: 8
Heap:
 PSYoungGen      total 4096K, used 3924K [0x00000000eab00000, 0x00000000eb080000, 0x0000000100000000)
  eden space 3072K, 99% used [0x00000000eab00000,0x00000000eadfff88,0x00000000eae00000)
  from space 1024K, 83% used [0x00000000eaf00000,0x00000000eafd5200,0x00000000eb000000)
  to   space 512K, 31% used [0x00000000eb000000,0x00000000eb028000,0x00000000eb080000)
 ParOldGen       total 179200K, used 154749K [0x00000000c0000000, 0x00000000caf00000, 0x00000000eab00000)
  object space 179200K, 86% used [0x00000000c0000000,0x00000000c971f7b0,0x00000000caf00000)
 Metaspace       used 90656K, committed 92096K, reserved 1179648K
  class space    used 9308K, committed 9984K, reserved 1048576K
GC Heap History (20 events):
Event: 1062.297 GC heap after
{Heap after GC invocations=1881 (full 44):
 PSYoungGen      total 2048K, used 608K [0x00000000eab00000, 0x00000000eb080000, 0x0000000100000000)
  eden space 1024K, 0% used [0x00000000eab00000,0x00000000eab00000,0x00000000eac00000)
  from space 1024K, 59% used [0x00000000eaf80000,0x00000000eb018000,0x00000000eb080000)
  to   space 1024K, 0% used [0x00000000eae80000,0x00000000eae80000,0x00000000eaf80000)
 ParOldGen       total 179200K, used 147654K [0x00000000c0000000, 0x00000000caf00000, 0x00000000eab00000)
  object space 179200K, 82% used [0x00000000c0000000,0x00000000c9031ae0,0x00000000caf00000)
 Metaspace       used 90654K, committed 92096K, reserved 1179648K
  class space    used 9308K, committed 9984K, reserved 1048576K
}
Event: 1062.299 GC heap before
{Heap before GC invocations=1882 (full 44):
 PSYoungGen      total 2048K, used 1632K [0x00000000eab00000, 0x00000000eb080000, 0x0000000100000000)
  eden space 1024K, 100% used [0x00000000eab00000,0x00000000eac00000,0x00000000eac00000)
  from space 1024K, 59% used [0x00000000eaf80000,0x00000000eb018000,0x00000000eb080000)
  to   space 1024K, 0% used [0x00000000eae80000,0x00000000eae80000,0x00000000eaf80000)
 ParOldGen       total 179200K, used 147654K [0x00000000c0000000, 0x00000000caf00000, 0x00000000eab00000)
  object space 179200K, 82% used [0x00000000c0000000,0x00000000c9031ae0,0x00000000caf00000)
 Metaspace       used 90654K, committed 92096K, reserved 1179648K
  class space    used 9308K, committed 9984K, reserved 1048576K
}
Event: 1062.300 GC heap after
{Heap after GC invocations=1882 (full 44):
 PSYoungGen      total 2560K, used 1024K [0x00000000eab00000, 0x00000000eb080000, 0x0000000100000000)
  eden space 1536K, 0% used [0x00000000eab00000,0x00000000eab00000,0x00000000eac80000)
  from space 1024K, 100% used [0x00000000eae80000,0x00000000eaf80000,0x00000000eaf80000)
  to   space 1024K, 0% used [0x00000000eaf80000,0x00000000eaf80000,0x00000000eb080000)
 ParOldGen       total 179200K, used 148142K [0x00000000c0000000, 0x00000000caf00000, 0x00000000eab00000)
  object space 179200K, 82% used [0x00000000c0000000,0x00000000c90abae0,0x00000000caf00000)
 Metaspace       used 90654K, committed 92096K, reserved 1179648K
  class space    used 9308K, committed 9984K, reserved 1048576K
}
Event: 1062.303 GC heap before
{Heap before GC invocations=1883 (full 44):
 PSYoungGen      total 2560K, used 2560K [0x00000000eab00000, 0x00000000eb080000, 0x0000000100000000)
  eden space 1536K, 100% used [0x00000000eab00000,0x00000000eac80000,0x00000000eac80000)
  from space 1024K, 100% used [0x00000000eae80000,0x00000000eaf80000,0x00000000eaf80000)
  to   space 1024K, 0% used [0x00000000eaf80000,0x00000000eaf80000,0x00000000eb080000)
 ParOldGen       total 179200K, used 148142K [0x00000000c0000000, 0x00000000caf00000, 0x00000000eab00000)
  object space 179200K, 82% used [0x00000000c0000000,0x00000000c90abae0,0x00000000caf00000)
 Metaspace       used 90654K, committed 92096K, reserved 1179648K
  class space    used 9308K, committed 9984K, reserved 1048576K
}
Event: 1062.306 GC heap after
{Heap after GC invocations=1883 (full 44):
 PSYoungGen      total 2560K, used 1024K [0x00000000eab00000, 0x00000000eb300000, 0x0000000100000000)
  eden space 1536K, 0% used [0x00000000eab00000,0x00000000eab00000,0x00000000eac80000)
  from space 1024K, 100% used [0x00000000eaf80000,0x00000000eb080000,0x00000000eb080000)
  to   space 3072K, 0% used [0x00000000eac80000,0x00000000eac80000,0x00000000eaf80000)
 ParOldGen       total 179200K, used 149614K [0x00000000c0000000, 0x00000000caf00000, 0x00000000eab00000)
  object space 179200K, 83% used [0x00000000c0000000,0x00000000c921bae0,0x00000000caf00000)
 Metaspace       used 90654K, committed 92096K, reserved 1179648K
  class space    used 9308K, committed 9984K, reserved 1048576K
}
Event: 1062.309 GC heap before
{Heap before GC invocations=1884 (full 44):
 PSYoungGen      total 2560K, used 2560K [0x00000000eab00000, 0x00000000eb300000, 0x0000000100000000)
  eden space 1536K, 100% used [0x00000000eab00000,0x00000000eac80000,0x00000000eac80000)
  from space 1024K, 100% used [0x00000000eaf80000,0x00000000eb080000,0x00000000eb080000)
  to   space 3072K, 0% used [0x00000000eac80000,0x00000000eac80000,0x00000000eaf80000)
 ParOldGen       total 179200K, used 149614K [0x00000000c0000000, 0x00000000caf00000, 0x00000000eab00000)
  object space 179200K, 83% used [0x00000000c0000000,0x00000000c921bae0,0x00000000caf00000)
 Metaspace       used 90654K, committed 92096K, reserved 1179648K
  class space    used 9308K, committed 9984K, reserved 1048576K
}
Event: 1062.311 GC heap after
{Heap after GC invocations=1884 (full 44):
 PSYoungGen      total 3072K, used 1120K [0x00000000eab00000, 0x00000000eb100000, 0x0000000100000000)
  eden space 1536K, 0% used [0x00000000eab00000,0x00000000eab00000,0x00000000eac80000)
  from space 1536K, 72% used [0x00000000eac80000,0x00000000ead98000,0x00000000eae00000)
  to   space 2048K, 0% used [0x00000000eaf00000,0x00000000eaf00000,0x00000000eb100000)
 ParOldGen       total 179200K, used 150678K [0x00000000c0000000, 0x00000000caf00000, 0x00000000eab00000)
  object space 179200K, 84% used [0x00000000c0000000,0x00000000c9325ae0,0x00000000caf00000)
 Metaspace       used 90654K, committed 92096K, reserved 1179648K
  class space    used 9308K, committed 9984K, reserved 1048576K
}
Event: 1062.313 GC heap before
{Heap before GC invocations=1885 (full 44):
 PSYoungGen      total 3072K, used 2656K [0x00000000eab00000, 0x00000000eb100000, 0x0000000100000000)
  eden space 1536K, 100% used [0x00000000eab00000,0x00000000eac80000,0x00000000eac80000)
  from space 1536K, 72% used [0x00000000eac80000,0x00000000ead98000,0x00000000eae00000)
  to   space 2048K, 0% used [0x00000000eaf00000,0x00000000eaf00000,0x00000000eb100000)
 ParOldGen       total 179200K, used 150678K [0x00000000c0000000, 0x00000000caf00000, 0x00000000eab00000)
  object space 179200K, 84% used [0x00000000c0000000,0x00000000c9325ae0,0x00000000caf00000)
 Metaspace       used 90654K, committed 92096K, reserved 1179648K
  class space    used 9308K, committed 9984K, reserved 1048576K
}
Event: 1062.314 GC heap after
{Heap after GC invocations=1885 (full 44):
 PSYoungGen      total 2560K, used 480K [0x00000000eab00000, 0x00000000eaf80000, 0x0000000100000000)
  eden space 2048K, 0% used [0x00000000eab00000,0x00000000eab00000,0x00000000ead00000)
  from space 512K, 93% used [0x00000000eaf00000,0x00000000eaf78000,0x00000000eaf80000)
  to   space 1024K, 0% used [0x00000000ead80000,0x00000000ead80000,0x00000000eae80000)
 ParOldGen       total 179200K, used 151691K [0x00000000c0000000, 0x00000000caf00000, 0x00000000eab00000)
  object space 179200K, 84% used [0x00000000c0000000,0x00000000c9422ce0,0x00000000caf00000)
 Metaspace       used 90654K, committed 92096K, reserved 1179648K
  class space    used 9308K, committed 9984K, reserved 1048576K
}
Event: 1062.322 GC heap before
{Heap before GC invocations=1886 (full 44):
 PSYoungGen      total 2560K, used 2528K [0x00000000eab00000, 0x00000000eaf80000, 0x0000000100000000)
  eden space 2048K, 100% used [0x00000000eab00000,0x00000000ead00000,0x00000000ead00000)
  from space 512K, 93% used [0x00000000eaf00000,0x00000000eaf78000,0x00000000eaf80000)
  to   space 1024K, 0% used [0x00000000ead80000,0x00000000ead80000,0x00000000eae80000)
 ParOldGen       total 179200K, used 151691K [0x00000000c0000000, 0x00000000caf00000, 0x00000000eab00000)
  object space 179200K, 84% used [0x00000000c0000000,0x00000000c9422ce0,0x00000000caf00000)
 Metaspace       used 90654K, committed 92096K, reserved 1179648K
  class space    used 9308K, committed 9984K, reserved 1048576K
}
Event: 1062.323 GC heap after
{Heap after GC invocations=1886 (full 44):
 PSYoungGen      total 3584K, used 512K [0x00000000eab00000, 0x00000000eaf80000, 0x0000000100000000)
  eden space 2560K, 0% used [0x00000000eab00000,0x00000000eab00000,0x00000000ead80000)
  from space 1024K, 50% used [0x00000000ead80000,0x00000000eae00000,0x00000000eae80000)
  to   space 1024K, 0% used [0x00000000eae80000,0x00000000eae80000,0x00000000eaf80000)
 ParOldGen       total 179200K, used 152123K [0x00000000c0000000, 0x00000000caf00000, 0x00000000eab00000)
  object space 179200K, 84% used [0x00000000c0000000,0x00000000c948ece0,0x00000000caf00000)
 Metaspace       used 90654K, committed 92096K, reserved 1179648K
  class space    used 9308K, committed 9984K, reserved 1048576K
}
Event: 1062.328 GC heap before
{Heap before GC invocations=1887 (full 44):
 PSYoungGen      total 3584K, used 3072K [0x00000000eab00000, 0x00000000eaf80000, 0x0000000100000000)
  eden space 2560K, 100% used [0x00000000eab00000,0x00000000ead80000,0x00000000ead80000)
  from space 1024K, 50% used [0x00000000ead80000,0x00000000eae00000,0x00000000eae80000)
  to   space 1024K, 0% used [0x00000000eae80000,0x00000000eae80000,0x00000000eaf80000)
 ParOldGen       total 179200K, used 152123K [0x00000000c0000000, 0x00000000caf00000, 0x00000000eab00000)
  object space 179200K, 84% used [0x00000000c0000000,0x00000000c948ece0,0x00000000caf00000)
 Metaspace       used 90654K, committed 92096K, reserved 1179648K
  class space    used 9308K, committed 9984K, reserved 1048576K
}
Event: 1062.329 GC heap after
{Heap after GC invocations=1887 (full 44):
 PSYoungGen      total 3584K, used 442K [0x00000000eab00000, 0x00000000eaf00000, 0x0000000100000000)
  eden space 3072K, 0% used [0x00000000eab00000,0x00000000eab00000,0x00000000eae00000)
  from space 512K, 86% used [0x00000000eae80000,0x00000000eaeee900,0x00000000eaf00000)
  to   space 512K, 0% used [0x00000000eae00000,0x00000000eae00000,0x00000000eae80000)
 ParOldGen       total 179200K, used 152515K [0x00000000c0000000, 0x00000000caf00000, 0x00000000eab00000)
  object space 179200K, 85% used [0x00000000c0000000,0x00000000c94f0ce0,0x00000000caf00000)
 Metaspace       used 90654K, committed 92096K, reserved 1179648K
  class space    used 9308K, committed 9984K, reserved 1048576K
}
Event: 1062.336 GC heap before
{Heap before GC invocations=1888 (full 44):
 PSYoungGen      total 3584K, used 3514K [0x00000000eab00000, 0x00000000eaf00000, 0x0000000100000000)
  eden space 3072K, 100% used [0x00000000eab00000,0x00000000eae00000,0x00000000eae00000)
  from space 512K, 86% used [0x00000000eae80000,0x00000000eaeee900,0x00000000eaf00000)
  to   space 512K, 0% used [0x00000000eae00000,0x00000000eae00000,0x00000000eae80000)
 ParOldGen       total 179200K, used 152515K [0x00000000c0000000, 0x00000000caf00000, 0x00000000eab00000)
  object space 179200K, 85% used [0x00000000c0000000,0x00000000c94f0ce0,0x00000000caf00000)
 Metaspace       used 90654K, committed 92096K, reserved 1179648K
  class space    used 9308K, committed 9984K, reserved 1048576K
}
Event: 1062.338 GC heap after
{Heap after GC invocations=1888 (full 44):
 PSYoungGen      total 3584K, used 500K [0x00000000eab00000, 0x00000000eb100000, 0x0000000100000000)
  eden space 3072K, 0% used [0x00000000eab00000,0x00000000eab00000,0x00000000eae00000)
  from space 512K, 97% used [0x00000000eae00000,0x00000000eae7d200,0x00000000eae80000)
  to   space 1024K, 0% used [0x00000000eb000000,0x00000000eb000000,0x00000000eb100000)
 ParOldGen       total 179200K, used 152899K [0x00000000c0000000, 0x00000000caf00000, 0x00000000eab00000)
  object space 179200K, 85% used [0x00000000c0000000,0x00000000c9550ce0,0x00000000caf00000)
 Metaspace       used 90654K, committed 92096K, reserved 1179648K
  class space    used 9308K, committed 9984K, reserved 1048576K
}
Event: 1062.483 GC heap before
{Heap before GC invocations=1889 (full 44):
 PSYoungGen      total 3584K, used 3572K [0x00000000eab00000, 0x00000000eb100000, 0x0000000100000000)
  eden space 3072K, 100% used [0x00000000eab00000,0x00000000eae00000,0x00000000eae00000)
  from space 512K, 97% used [0x00000000eae00000,0x00000000eae7d200,0x00000000eae80000)
  to   space 1024K, 0% used [0x00000000eb000000,0x00000000eb000000,0x00000000eb100000)
 ParOldGen       total 179200K, used 152899K [0x00000000c0000000, 0x00000000caf00000, 0x00000000eab00000)
  object space 179200K, 85% used [0x00000000c0000000,0x00000000c9550ce0,0x00000000caf00000)
 Metaspace       used 90656K, committed 92096K, reserved 1179648K
  class space    used 9308K, committed 9984K, reserved 1048576K
}
Event: 1062.486 GC heap after
{Heap after GC invocations=1889 (full 44):
 PSYoungGen      total 4096K, used 794K [0x00000000eab00000, 0x00000000eb100000, 0x0000000100000000)
  eden space 3072K, 0% used [0x00000000eab00000,0x00000000eab00000,0x00000000eae00000)
  from space 1024K, 77% used [0x00000000eb000000,0x00000000eb0c6900,0x00000000eb100000)
  to   space 1024K, 0% used [0x00000000eaf00000,0x00000000eaf00000,0x00000000eb000000)
 ParOldGen       total 179200K, used 153372K [0x00000000c0000000, 0x00000000caf00000, 0x00000000eab00000)
  object space 179200K, 85% used [0x00000000c0000000,0x00000000c95c7248,0x00000000caf00000)
 Metaspace       used 90656K, committed 92096K, reserved 1179648K
  class space    used 9308K, committed 9984K, reserved 1048576K
}
Event: 1062.508 GC heap before
{Heap before GC invocations=1890 (full 44):
 PSYoungGen      total 4096K, used 3866K [0x00000000eab00000, 0x00000000eb100000, 0x0000000100000000)
  eden space 3072K, 100% used [0x00000000eab00000,0x00000000eae00000,0x00000000eae00000)
  from space 1024K, 77% used [0x00000000eb000000,0x00000000eb0c6900,0x00000000eb100000)
  to   space 1024K, 0% used [0x00000000eaf00000,0x00000000eaf00000,0x00000000eb000000)
 ParOldGen       total 179200K, used 153372K [0x00000000c0000000, 0x00000000caf00000, 0x00000000eab00000)
  object space 179200K, 85% used [0x00000000c0000000,0x00000000c95c7248,0x00000000caf00000)
 Metaspace       used 90656K, committed 92096K, reserved 1179648K
  class space    used 9308K, committed 9984K, reserved 1048576K
}
Event: 1062.510 GC heap after
{Heap after GC invocations=1890 (full 44):
 PSYoungGen      total 4096K, used 852K [0x00000000eab00000, 0x00000000eb080000, 0x0000000100000000)
  eden space 3072K, 0% used [0x00000000eab00000,0x00000000eab00000,0x00000000eae00000)
  from space 1024K, 83% used [0x00000000eaf00000,0x00000000eafd5200,0x00000000eb000000)
  to   space 512K, 0% used [0x00000000eb000000,0x00000000eb000000,0x00000000eb080000)
 ParOldGen       total 179200K, used 154069K [0x00000000c0000000, 0x00000000caf00000, 0x00000000eab00000)
  object space 179200K, 85% used [0x00000000c0000000,0x00000000c96757b0,0x00000000caf00000)
 Metaspace       used 90656K, committed 92096K, reserved 1179648K
  class space    used 9308K, committed 9984K, reserved 1048576K
}
Event: 1062.561 GC heap before
{Heap before GC invocations=1891 (full 44):
 PSYoungGen      total 4096K, used 3924K [0x00000000eab00000, 0x00000000eb080000, 0x0000000100000000)
  eden space 3072K, 99% used [0x00000000eab00000,0x00000000eadfff88,0x00000000eae00000)
  from space 1024K, 83% used [0x00000000eaf00000,0x00000000eafd5200,0x00000000eb000000)
  to   space 512K, 0% used [0x00000000eb000000,0x00000000eb000000,0x00000000eb080000)
 ParOldGen       total 179200K, used 154069K [0x00000000c0000000, 0x00000000caf00000, 0x00000000eab00000)
  object space 179200K, 85% used [0x00000000c0000000,0x00000000c96757b0,0x00000000caf00000)
 Metaspace       used 90656K, committed 92096K, reserved 1179648K
  class space    used 9308K, committed 9984K, reserved 1048576K
}

