# JRE version: OpenJDK Runtime Environment Temurin-17.0.9+9 (17.0.9+9) (build 17.0.9+9)
# Java VM: OpenJDK 64-Bit Server VM Temurin-17.0.9+9 (17.0.9+9, mixed mode, tiered, compressed oops, compressed class ptrs, parallel gc, windows-amd64)
GC Precious Log:
 CPUs: 8 total, 8 available
 Memory: 16238M
 Large Page Support: Disabled
 NUMA Support: Disabled
 Compressed Oops: Enabled (32-bit)
 Alignments: Space 512K, Generation 512K, Heap 2M
 Heap Min Capacity: 100M
 Heap Initial Capacity: 100M
 Heap Max Capacity: 1G
 Pre-touch: Disabled
 Parallel Workers: 8
Heap:
 PSYoungGen      total 1536K, used 482K [0x00000000eab00000, 0x00000000eb280000, 0x0000000100000000)
  eden space 1024K, 0% used [0x00000000eab00000,0x00000000eab00000,0x00000000eac00000)
  from space 512K, 94% used [0x00000000eae80000,0x00000000eaef8a08,0x00000000eaf00000)
  to   space 2560K, 0% used [0x00000000eac00000,0x00000000eac00000,0x00000000eae80000)
 ParOldGen       total 156160K, used 155804K [0x00000000c0000000, 0x00000000c9880000, 0x00000000eab00000)
  object space 156160K, 99% used [0x00000000c0000000,0x00000000c9827300,0x00000000c9880000)
 Metaspace       used 91126K, committed 92672K, reserved 1179648K
  class space    used 9474K, committed 10176K, reserved 1048576K
GC Heap History (20 events):
Event: 4300.486 GC heap after
{Heap after GC invocations=978 (full 35):
 PSYoungGen      total 3584K, used 1526K [0x00000000eab00000, 0x00000000eb100000, 0x0000000100000000)
  eden space 2048K, 0% used [0x00000000eab00000,0x00000000eab00000,0x00000000ead00000)
  from space 1536K, 99% used [0x00000000ead00000,0x00000000eae7db40,0x00000000eae80000)
  to   space 2048K, 0% used [0x00000000eaf00000,0x00000000eaf00000,0x00000000eb100000)
 ParOldGen       total 155648K, used 148832K [0x00000000c0000000, 0x00000000c9800000, 0x00000000eab00000)
  object space 155648K, 95% used [0x00000000c0000000,0x00000000c9158040,0x00000000c9800000)
 Metaspace       used 91104K, committed 92608K, reserved 1179648K
  class space    used 9474K, committed 10176K, reserved 1048576K
}
Event: 4300.497 GC heap before
{Heap before GC invocations=979 (full 35):
 PSYoungGen      total 3584K, used 3574K [0x00000000eab00000, 0x00000000eb100000, 0x0000000100000000)
  eden space 2048K, 100% used [0x00000000eab00000,0x00000000ead00000,0x00000000ead00000)
  from space 1536K, 99% used [0x00000000ead00000,0x00000000eae7db40,0x00000000eae80000)
  to   space 2048K, 0% used [0x00000000eaf00000,0x00000000eaf00000,0x00000000eb100000)
 ParOldGen       total 155648K, used 148832K [0x00000000c0000000, 0x00000000c9800000, 0x00000000eab00000)
  object space 155648K, 95% used [0x00000000c0000000,0x00000000c9158040,0x00000000c9800000)
 Metaspace       used 91104K, committed 92608K, reserved 1179648K
  class space    used 9474K, committed 10176K, reserved 1048576K
}
Event: 4300.500 GC heap after
{Heap after GC invocations=979 (full 35):
 PSYoungGen      total 3072K, used 640K [0x00000000eab00000, 0x00000000eb000000, 0x0000000100000000)
  eden space 2048K, 0% used [0x00000000eab00000,0x00000000eab00000,0x00000000ead00000)
  from space 1024K, 62% used [0x00000000eaf00000,0x00000000eafa0000,0x00000000eb000000)
  to   space 1024K, 0% used [0x00000000eae00000,0x00000000eae00000,0x00000000eaf00000)
 ParOldGen       total 155648K, used 150245K [0x00000000c0000000, 0x00000000c9800000, 0x00000000eab00000)
  object space 155648K, 96% used [0x00000000c0000000,0x00000000c92b9590,0x00000000c9800000)
 Metaspace       used 91104K, committed 92608K, reserved 1179648K
  class space    used 9474K, committed 10176K, reserved 1048576K
}
Event: 4300.513 GC heap before
{Heap before GC invocations=980 (full 35):
 PSYoungGen      total 3072K, used 2688K [0x00000000eab00000, 0x00000000eb000000, 0x0000000100000000)
  eden space 2048K, 100% used [0x00000000eab00000,0x00000000ead00000,0x00000000ead00000)
  from space 1024K, 62% used [0x00000000eaf00000,0x00000000eafa0000,0x00000000eb000000)
  to   space 1024K, 0% used [0x00000000eae00000,0x00000000eae00000,0x00000000eaf00000)
 ParOldGen       total 155648K, used 151724K [0x00000000c0000000, 0x00000000c9800000, 0x00000000eab00000)
  object space 155648K, 97% used [0x00000000c0000000,0x00000000c942b2a8,0x00000000c9800000)
 Metaspace       used 91104K, committed 92608K, reserved 1179648K
  class space    used 9474K, committed 10176K, reserved 1048576K
}
Event: 4300.515 GC heap after
{Heap after GC invocations=980 (full 35):
 PSYoungGen      total 3072K, used 623K [0x00000000eab00000, 0x00000000eaf80000, 0x0000000100000000)
  eden space 2048K, 0% used [0x00000000eab00000,0x00000000eab00000,0x00000000ead00000)
  from space 1024K, 60% used [0x00000000eae00000,0x00000000eae9bf90,0x00000000eaf00000)
  to   space 512K, 0% used [0x00000000eaf00000,0x00000000eaf00000,0x00000000eaf80000)
 ParOldGen       total 155648K, used 152244K [0x00000000c0000000, 0x00000000c9800000, 0x00000000eab00000)
  object space 155648K, 97% used [0x00000000c0000000,0x00000000c94ad198,0x00000000c9800000)
 Metaspace       used 91104K, committed 92608K, reserved 1179648K
  class space    used 9474K, committed 10176K, reserved 1048576K
}
Event: 4300.525 GC heap before
{Heap before GC invocations=981 (full 35):
 PSYoungGen      total 3072K, used 2671K [0x00000000eab00000, 0x00000000eaf80000, 0x0000000100000000)
  eden space 2048K, 100% used [0x00000000eab00000,0x00000000ead00000,0x00000000ead00000)
  from space 1024K, 60% used [0x00000000eae00000,0x00000000eae9bf90,0x00000000eaf00000)
  to   space 512K, 0% used [0x00000000eaf00000,0x00000000eaf00000,0x00000000eaf80000)
 ParOldGen       total 155648K, used 152244K [0x00000000c0000000, 0x00000000c9800000, 0x00000000eab00000)
  object space 155648K, 97% used [0x00000000c0000000,0x00000000c94ad198,0x00000000c9800000)
 Metaspace       used 91125K, committed 92672K, reserved 1179648K
  class space    used 9474K, committed 10176K, reserved 1048576K
}
Event: 4300.527 GC heap after
{Heap after GC invocations=981 (full 35):
 PSYoungGen      total 2560K, used 378K [0x00000000eab00000, 0x00000000eaf80000, 0x0000000100000000)
  eden space 2048K, 0% used [0x00000000eab00000,0x00000000eab00000,0x00000000ead00000)
  from space 512K, 73% used [0x00000000eaf00000,0x00000000eaf5e900,0x00000000eaf80000)
  to   space 512K, 0% used [0x00000000eae80000,0x00000000eae80000,0x00000000eaf00000)
 ParOldGen       total 155648K, used 152640K [0x00000000c0000000, 0x00000000c9800000, 0x00000000eab00000)
  object space 155648K, 98% used [0x00000000c0000000,0x00000000c9510138,0x00000000c9800000)
 Metaspace       used 91125K, committed 92672K, reserved 1179648K
  class space    used 9474K, committed 10176K, reserved 1048576K
}
Event: 4300.531 GC heap before
{Heap before GC invocations=982 (full 35):
 PSYoungGen      total 2560K, used 2426K [0x00000000eab00000, 0x00000000eaf80000, 0x0000000100000000)
  eden space 2048K, 100% used [0x00000000eab00000,0x00000000ead00000,0x00000000ead00000)
  from space 512K, 73% used [0x00000000eaf00000,0x00000000eaf5e900,0x00000000eaf80000)
  to   space 512K, 0% used [0x00000000eae80000,0x00000000eae80000,0x00000000eaf00000)
 ParOldGen       total 155648K, used 152640K [0x00000000c0000000, 0x00000000c9800000, 0x00000000eab00000)
  object space 155648K, 98% used [0x00000000c0000000,0x00000000c9510138,0x00000000c9800000)
 Metaspace       used 91125K, committed 92672K, reserved 1179648K
  class space    used 9474K, committed 10176K, reserved 1048576K
}
Event: 4300.533 GC heap after
{Heap after GC invocations=982 (full 35):
 PSYoungGen      total 2560K, used 480K [0x00000000eab00000, 0x00000000eaf80000, 0x0000000100000000)
  eden space 2048K, 0% used [0x00000000eab00000,0x00000000eab00000,0x00000000ead00000)
  from space 512K, 93% used [0x00000000eae80000,0x00000000eaef8020,0x00000000eaf00000)
  to   space 512K, 0% used [0x00000000eaf00000,0x00000000eaf00000,0x00000000eaf80000)
 ParOldGen       total 155648K, used 152820K [0x00000000c0000000, 0x00000000c9800000, 0x00000000eab00000)
  object space 155648K, 98% used [0x00000000c0000000,0x00000000c953d348,0x00000000c9800000)
 Metaspace       used 91125K, committed 92672K, reserved 1179648K
  class space    used 9474K, committed 10176K, reserved 1048576K
}
Event: 4301.590 GC heap before
{Heap before GC invocations=983 (full 35):
 PSYoungGen      total 2560K, used 2528K [0x00000000eab00000, 0x00000000eaf80000, 0x0000000100000000)
  eden space 2048K, 100% used [0x00000000eab00000,0x00000000ead00000,0x00000000ead00000)
  from space 512K, 93% used [0x00000000eae80000,0x00000000eaef8020,0x00000000eaf00000)
  to   space 512K, 0% used [0x00000000eaf00000,0x00000000eaf00000,0x00000000eaf80000)
 ParOldGen       total 155648K, used 152820K [0x00000000c0000000, 0x00000000c9800000, 0x00000000eab00000)
  object space 155648K, 98% used [0x00000000c0000000,0x00000000c953d348,0x00000000c9800000)
 Metaspace       used 91126K, committed 92672K, reserved 1179648K
  class space    used 9474K, committed 10176K, reserved 1048576K
}
Event: 4301.591 GC heap after
{Heap after GC invocations=983 (full 35):
 PSYoungGen      total 2560K, used 506K [0x00000000eab00000, 0x00000000eb000000, 0x0000000100000000)
  eden space 2048K, 0% used [0x00000000eab00000,0x00000000eab00000,0x00000000ead00000)
  from space 512K, 98% used [0x00000000eaf00000,0x00000000eaf7e900,0x00000000eaf80000)
  to   space 1536K, 0% used [0x00000000ead00000,0x00000000ead00000,0x00000000eae80000)
 ParOldGen       total 155648K, used 153379K [0x00000000c0000000, 0x00000000c9800000, 0x00000000eab00000)
  object space 155648K, 98% used [0x00000000c0000000,0x00000000c95c8e28,0x00000000c9800000)
 Metaspace       used 91126K, committed 92672K, reserved 1179648K
  class space    used 9474K, committed 10176K, reserved 1048576K
}
Event: 4301.595 GC heap before
{Heap before GC invocations=984 (full 35):
 PSYoungGen      total 2560K, used 2554K [0x00000000eab00000, 0x00000000eb000000, 0x0000000100000000)
  eden space 2048K, 100% used [0x00000000eab00000,0x00000000ead00000,0x00000000ead00000)
  from space 512K, 98% used [0x00000000eaf00000,0x00000000eaf7e900,0x00000000eaf80000)
  to   space 1536K, 0% used [0x00000000ead00000,0x00000000ead00000,0x00000000eae80000)
 ParOldGen       total 155648K, used 153379K [0x00000000c0000000, 0x00000000c9800000, 0x00000000eab00000)
  object space 155648K, 98% used [0x00000000c0000000,0x00000000c95c8e28,0x00000000c9800000)
 Metaspace       used 91126K, committed 92672K, reserved 1179648K
  class space    used 9474K, committed 10176K, reserved 1048576K
}
Event: 4301.597 GC heap after
{Heap after GC invocations=984 (full 35):
 PSYoungGen      total 3584K, used 576K [0x00000000eab00000, 0x00000000eaf80000, 0x0000000100000000)
  eden space 2048K, 0% used [0x00000000eab00000,0x00000000eab00000,0x00000000ead00000)
  from space 1536K, 37% used [0x00000000ead00000,0x00000000ead90020,0x00000000eae80000)
  to   space 1024K, 0% used [0x00000000eae80000,0x00000000eae80000,0x00000000eaf80000)
 ParOldGen       total 155648K, used 153804K [0x00000000c0000000, 0x00000000c9800000, 0x00000000eab00000)
  object space 155648K, 98% used [0x00000000c0000000,0x00000000c96333b8,0x00000000c9800000)
 Metaspace       used 91126K, committed 92672K, reserved 1179648K
  class space    used 9474K, committed 10176K, reserved 1048576K
}
Event: 4301.604 GC heap before
{Heap before GC invocations=985 (full 35):
 PSYoungGen      total 3584K, used 2624K [0x00000000eab00000, 0x00000000eaf80000, 0x0000000100000000)
  eden space 2048K, 100% used [0x00000000eab00000,0x00000000ead00000,0x00000000ead00000)
  from space 1536K, 37% used [0x00000000ead00000,0x00000000ead90020,0x00000000eae80000)
  to   space 1024K, 0% used [0x00000000eae80000,0x00000000eae80000,0x00000000eaf80000)
 ParOldGen       total 155648K, used 153804K [0x00000000c0000000, 0x00000000c9800000, 0x00000000eab00000)
  object space 155648K, 98% used [0x00000000c0000000,0x00000000c96333b8,0x00000000c9800000)
 Metaspace       used 91126K, committed 92672K, reserved 1179648K
  class space    used 9474K, committed 10176K, reserved 1048576K
}
Event: 4301.605 GC heap after
{Heap after GC invocations=985 (full 35):
 PSYoungGen      total 2560K, used 314K [0x00000000eab00000, 0x00000000eaf00000, 0x0000000100000000)
  eden space 2048K, 0% used [0x00000000eab00000,0x00000000eab00000,0x00000000ead00000)
  from space 512K, 61% used [0x00000000eae80000,0x00000000eaece900,0x00000000eaf00000)
  to   space 512K, 0% used [0x00000000eae00000,0x00000000eae00000,0x00000000eae80000)
 ParOldGen       total 155648K, used 153908K [0x00000000c0000000, 0x00000000c9800000, 0x00000000eab00000)
  object space 155648K, 98% used [0x00000000c0000000,0x00000000c964d3d8,0x00000000c9800000)
 Metaspace       used 91126K, committed 92672K, reserved 1179648K
  class space    used 9474K, committed 10176K, reserved 1048576K
}
Event: 4301.609 GC heap before
{Heap before GC invocations=986 (full 35):
 PSYoungGen      total 2560K, used 2019K [0x00000000eab00000, 0x00000000eaf00000, 0x0000000100000000)
  eden space 2048K, 83% used [0x00000000eab00000,0x00000000eacaa5e8,0x00000000ead00000)
  from space 512K, 61% used [0x00000000eae80000,0x00000000eaece900,0x00000000eaf00000)
  to   space 512K, 0% used [0x00000000eae00000,0x00000000eae00000,0x00000000eae80000)
 ParOldGen       total 155648K, used 153908K [0x00000000c0000000, 0x00000000c9800000, 0x00000000eab00000)
  object space 155648K, 98% used [0x00000000c0000000,0x00000000c964d3d8,0x00000000c9800000)
 Metaspace       used 91126K, committed 92672K, reserved 1179648K
  class space    used 9474K, committed 10176K, reserved 1048576K
}
Event: 4301.610 GC heap after
{Heap after GC invocations=986 (full 35):
 PSYoungGen      total 2560K, used 485K [0x00000000eab00000, 0x00000000eaf00000, 0x0000000100000000)
  eden space 2048K, 0% used [0x00000000eab00000,0x00000000eab00000,0x00000000ead00000)
  from space 512K, 94% used [0x00000000eae00000,0x00000000eae79778,0x00000000eae80000)
  to   space 512K, 0% used [0x00000000eae80000,0x00000000eae80000,0x00000000eaf00000)
 ParOldGen       total 155648K, used 154081K [0x00000000c0000000, 0x00000000c9800000, 0x00000000eab00000)
  object space 155648K, 98% used [0x00000000c0000000,0x00000000c96785d8,0x00000000c9800000)
 Metaspace       used 91126K, committed 92672K, reserved 1179648K
  class space    used 9474K, committed 10176K, reserved 1048576K
}
Event: 4301.615 GC heap before
{Heap before GC invocations=987 (full 35):
 PSYoungGen      total 2560K, used 2452K [0x00000000eab00000, 0x00000000eaf00000, 0x0000000100000000)
  eden space 2048K, 96% used [0x00000000eab00000,0x00000000eaceba98,0x00000000ead00000)
  from space 512K, 94% used [0x00000000eae00000,0x00000000eae79778,0x00000000eae80000)
  to   space 512K, 0% used [0x00000000eae80000,0x00000000eae80000,0x00000000eaf00000)
 ParOldGen       total 155648K, used 154081K [0x00000000c0000000, 0x00000000c9800000, 0x00000000eab00000)
  object space 155648K, 98% used [0x00000000c0000000,0x00000000c96785d8,0x00000000c9800000)
 Metaspace       used 91126K, committed 92672K, reserved 1179648K
  class space    used 9474K, committed 10176K, reserved 1048576K
}
Event: 4301.616 GC heap after
{Heap after GC invocations=987 (full 35):
 PSYoungGen      total 1536K, used 482K [0x00000000eab00000, 0x00000000eb280000, 0x0000000100000000)
  eden space 1024K, 0% used [0x00000000eab00000,0x00000000eab00000,0x00000000eac00000)
  from space 512K, 94% used [0x00000000eae80000,0x00000000eaef8a08,0x00000000eaf00000)
  to   space 2560K, 0% used [0x00000000eac00000,0x00000000eac00000,0x00000000eae80000)
 ParOldGen       total 156160K, used 155804K [0x00000000c0000000, 0x00000000c9880000, 0x00000000eab00000)
  object space 156160K, 99% used [0x00000000c0000000,0x00000000c9827300,0x00000000c9880000)
 Metaspace       used 91126K, committed 92672K, reserved 1179648K
  class space    used 9474K, committed 10176K, reserved 1048576K
}
Event: 4301.617 GC heap before
{Heap before GC invocations=988 (full 36):
 PSYoungGen      total 1536K, used 482K [0x00000000eab00000, 0x00000000eb280000, 0x0000000100000000)
  eden space 1024K, 0% used [0x00000000eab00000,0x00000000eab00000,0x00000000eac00000)
  from space 512K, 94% used [0x00000000eae80000,0x00000000eaef8a08,0x00000000eaf00000)
  to   space 2560K, 0% used [0x00000000eac00000,0x00000000eac00000,0x00000000eae80000)
 ParOldGen       total 156160K, used 155804K [0x00000000c0000000, 0x00000000c9880000, 0x00000000eab00000)
  object space 156160K, 99% used [0x00000000c0000000,0x00000000c9827300,0x00000000c9880000)
 Metaspace       used 91126K, committed 92672K, reserved 1179648K
  class space    used 9474K, committed 10176K, reserved 1048576K
}

