# JRE version: OpenJDK Runtime Environment Temurin-17.0.9+9 (17.0.9+9) (build 17.0.9+9)
# Java VM: OpenJDK 64-Bit Server VM Temurin-17.0.9+9 (17.0.9+9, mixed mode, tiered, compressed oops, compressed class ptrs, parallel gc, windows-amd64)
GC Precious Log:
 CPUs: 8 total, 8 available
 Memory: 16238M
 Large Page Support: Disabled
 NUMA Support: Disabled
 Compressed Oops: Enabled (32-bit)
 Alignments: Space 512K, Generation 512K, Heap 2M
 Heap Min Capacity: 100M
 Heap Initial Capacity: 100M
 Heap Max Capacity: 1G
 Pre-touch: Disabled
 Parallel Workers: 8
Heap:
 PSYoungGen      total 7168K, used 493K [0x00000000eab00000, 0x00000000eb880000, 0x0000000100000000)
  eden space 6656K, 0% used [0x00000000eab00000,0x00000000eab00000,0x00000000eb180000)
  from space 512K, 96% used [0x00000000eb180000,0x00000000eb1fb5a0,0x00000000eb200000)
  to   space 3584K, 0% used [0x00000000eb500000,0x00000000eb500000,0x00000000eb880000)
 ParOldGen       total 142848K, used 141676K [0x00000000c0000000, 0x00000000c8b80000, 0x00000000eab00000)
  object space 142848K, 99% used [0x00000000c0000000,0x00000000c8a5b288,0x00000000c8b80000)
 Metaspace       used 77100K, committed 78464K, reserved 1179648K
  class space    used 8129K, committed 8704K, reserved 1048576K
GC Heap History (20 events):
Event: 21.039 GC heap after
{Heap after GC invocations=96 (full 7):
 PSYoungGen      total 8192K, used 6132K [0x00000000eab00000, 0x00000000ec900000, 0x0000000100000000)
  eden space 2048K, 0% used [0x00000000eab00000,0x00000000eab00000,0x00000000ead00000)
  from space 6144K, 99% used [0x00000000eb800000,0x00000000ebdfd308,0x00000000ebe00000)
  to   space 11264K, 0% used [0x00000000ead00000,0x00000000ead00000,0x00000000eb800000)
 ParOldGen       total 142848K, used 124456K [0x00000000c0000000, 0x00000000c8b80000, 0x00000000eab00000)
  object space 142848K, 87% used [0x00000000c0000000,0x00000000c798a170,0x00000000c8b80000)
 Metaspace       used 76794K, committed 78080K, reserved 1179648K
  class space    used 8096K, committed 8640K, reserved 1048576K
}
Event: 21.081 GC heap before
{Heap before GC invocations=97 (full 7):
 PSYoungGen      total 8192K, used 8180K [0x00000000eab00000, 0x00000000ec900000, 0x0000000100000000)
  eden space 2048K, 100% used [0x00000000eab00000,0x00000000ead00000,0x00000000ead00000)
  from space 6144K, 99% used [0x00000000eb800000,0x00000000ebdfd308,0x00000000ebe00000)
  to   space 11264K, 0% used [0x00000000ead00000,0x00000000ead00000,0x00000000eb800000)
 ParOldGen       total 142848K, used 124456K [0x00000000c0000000, 0x00000000c8b80000, 0x00000000eab00000)
  object space 142848K, 87% used [0x00000000c0000000,0x00000000c798a170,0x00000000c8b80000)
 Metaspace       used 76832K, committed 78144K, reserved 1179648K
  class space    used 8099K, committed 8640K, reserved 1048576K
}
Event: 21.084 GC heap after
{Heap after GC invocations=97 (full 7):
 PSYoungGen      total 8704K, used 6424K [0x00000000eab00000, 0x00000000ebd80000, 0x0000000100000000)
  eden space 2048K, 0% used [0x00000000eab00000,0x00000000eab00000,0x00000000ead00000)
  from space 6656K, 96% used [0x00000000ead00000,0x00000000eb3461d8,0x00000000eb380000)
  to   space 8192K, 0% used [0x00000000eb580000,0x00000000eb580000,0x00000000ebd80000)
 ParOldGen       total 142848K, used 125775K [0x00000000c0000000, 0x00000000c8b80000, 0x00000000eab00000)
  object space 142848K, 88% used [0x00000000c0000000,0x00000000c7ad3e68,0x00000000c8b80000)
 Metaspace       used 76832K, committed 78144K, reserved 1179648K
  class space    used 8099K, committed 8640K, reserved 1048576K
}
Event: 21.088 GC heap before
{Heap before GC invocations=98 (full 7):
 PSYoungGen      total 8704K, used 8472K [0x00000000eab00000, 0x00000000ebd80000, 0x0000000100000000)
  eden space 2048K, 100% used [0x00000000eab00000,0x00000000ead00000,0x00000000ead00000)
  from space 6656K, 96% used [0x00000000ead00000,0x00000000eb3461d8,0x00000000eb380000)
  to   space 8192K, 0% used [0x00000000eb580000,0x00000000eb580000,0x00000000ebd80000)
 ParOldGen       total 142848K, used 125775K [0x00000000c0000000, 0x00000000c8b80000, 0x00000000eab00000)
  object space 142848K, 88% used [0x00000000c0000000,0x00000000c7ad3e68,0x00000000c8b80000)
 Metaspace       used 76832K, committed 78144K, reserved 1179648K
  class space    used 8099K, committed 8640K, reserved 1048576K
}
Event: 21.092 GC heap after
{Heap after GC invocations=98 (full 7):
 PSYoungGen      total 10240K, used 8184K [0x00000000eab00000, 0x00000000ebe80000, 0x0000000100000000)
  eden space 2048K, 0% used [0x00000000eab00000,0x00000000eab00000,0x00000000ead00000)
  from space 8192K, 99% used [0x00000000eb580000,0x00000000ebd7e1c8,0x00000000ebd80000)
  to   space 8704K, 0% used [0x00000000ead00000,0x00000000ead00000,0x00000000eb580000)
 ParOldGen       total 142848K, used 125815K [0x00000000c0000000, 0x00000000c8b80000, 0x00000000eab00000)
  object space 142848K, 88% used [0x00000000c0000000,0x00000000c7adde68,0x00000000c8b80000)
 Metaspace       used 76832K, committed 78144K, reserved 1179648K
  class space    used 8099K, committed 8640K, reserved 1048576K
}
Event: 21.095 GC heap before
{Heap before GC invocations=99 (full 7):
 PSYoungGen      total 10240K, used 10232K [0x00000000eab00000, 0x00000000ebe80000, 0x0000000100000000)
  eden space 2048K, 100% used [0x00000000eab00000,0x00000000ead00000,0x00000000ead00000)
  from space 8192K, 99% used [0x00000000eb580000,0x00000000ebd7e1c8,0x00000000ebd80000)
  to   space 8704K, 0% used [0x00000000ead00000,0x00000000ead00000,0x00000000eb580000)
 ParOldGen       total 142848K, used 125815K [0x00000000c0000000, 0x00000000c8b80000, 0x00000000eab00000)
  object space 142848K, 88% used [0x00000000c0000000,0x00000000c7adde68,0x00000000c8b80000)
 Metaspace       used 76832K, committed 78144K, reserved 1179648K
  class space    used 8099K, committed 8640K, reserved 1048576K
}
Event: 21.100 GC heap after
{Heap after GC invocations=99 (full 7):
 PSYoungGen      total 10752K, used 8502K [0x00000000eab00000, 0x00000000ebe80000, 0x0000000100000000)
  eden space 2048K, 0% used [0x00000000eab00000,0x00000000eab00000,0x00000000ead00000)
  from space 8704K, 97% used [0x00000000ead00000,0x00000000eb54db60,0x00000000eb580000)
  to   space 8704K, 0% used [0x00000000eb600000,0x00000000eb600000,0x00000000ebe80000)
 ParOldGen       total 142848K, used 127512K [0x00000000c0000000, 0x00000000c8b80000, 0x00000000eab00000)
  object space 142848K, 89% used [0x00000000c0000000,0x00000000c7c862f8,0x00000000c8b80000)
 Metaspace       used 76832K, committed 78144K, reserved 1179648K
  class space    used 8099K, committed 8640K, reserved 1048576K
}
Event: 21.106 GC heap before
{Heap before GC invocations=100 (full 7):
 PSYoungGen      total 10752K, used 10550K [0x00000000eab00000, 0x00000000ebe80000, 0x0000000100000000)
  eden space 2048K, 99% used [0x00000000eab00000,0x00000000eacfffe0,0x00000000ead00000)
  from space 8704K, 97% used [0x00000000ead00000,0x00000000eb54db60,0x00000000eb580000)
  to   space 8704K, 0% used [0x00000000eb600000,0x00000000eb600000,0x00000000ebe80000)
 ParOldGen       total 142848K, used 127512K [0x00000000c0000000, 0x00000000c8b80000, 0x00000000eab00000)
  object space 142848K, 89% used [0x00000000c0000000,0x00000000c7c862f8,0x00000000c8b80000)
 Metaspace       used 76832K, committed 78144K, reserved 1179648K
  class space    used 8099K, committed 8640K, reserved 1048576K
}
Event: 21.111 GC heap after
{Heap after GC invocations=100 (full 7):
 PSYoungGen      total 8704K, used 5812K [0x00000000eab00000, 0x00000000ebc00000, 0x0000000100000000)
  eden space 2560K, 0% used [0x00000000eab00000,0x00000000eab00000,0x00000000ead80000)
  from space 6144K, 94% used [0x00000000eb600000,0x00000000ebbad050,0x00000000ebc00000)
  to   space 7168K, 0% used [0x00000000eae00000,0x00000000eae00000,0x00000000eb500000)
 ParOldGen       total 142848K, used 132203K [0x00000000c0000000, 0x00000000c8b80000, 0x00000000eab00000)
  object space 142848K, 92% used [0x00000000c0000000,0x00000000c811ad28,0x00000000c8b80000)
 Metaspace       used 76832K, committed 78144K, reserved 1179648K
  class space    used 8099K, committed 8640K, reserved 1048576K
}
Event: 21.139 GC heap before
{Heap before GC invocations=101 (full 7):
 PSYoungGen      total 8704K, used 8372K [0x00000000eab00000, 0x00000000ebc00000, 0x0000000100000000)
  eden space 2560K, 100% used [0x00000000eab00000,0x00000000ead80000,0x00000000ead80000)
  from space 6144K, 94% used [0x00000000eb600000,0x00000000ebbad050,0x00000000ebc00000)
  to   space 7168K, 0% used [0x00000000eae00000,0x00000000eae00000,0x00000000eb500000)
 ParOldGen       total 142848K, used 132203K [0x00000000c0000000, 0x00000000c8b80000, 0x00000000eab00000)
  object space 142848K, 92% used [0x00000000c0000000,0x00000000c811ad28,0x00000000c8b80000)
 Metaspace       used 76876K, committed 78144K, reserved 1179648K
  class space    used 8103K, committed 8640K, reserved 1048576K
}
Event: 21.147 GC heap after
{Heap after GC invocations=101 (full 7):
 PSYoungGen      total 6144K, used 2900K [0x00000000eab00000, 0x00000000eb700000, 0x0000000100000000)
  eden space 3072K, 0% used [0x00000000eab00000,0x00000000eab00000,0x00000000eae00000)
  from space 3072K, 94% used [0x00000000eae00000,0x00000000eb0d5200,0x00000000eb100000)
  to   space 4608K, 0% used [0x00000000eb280000,0x00000000eb280000,0x00000000eb700000)
 ParOldGen       total 142848K, used 135977K [0x00000000c0000000, 0x00000000c8b80000, 0x00000000eab00000)
  object space 142848K, 95% used [0x00000000c0000000,0x00000000c84ca778,0x00000000c8b80000)
 Metaspace       used 76876K, committed 78144K, reserved 1179648K
  class space    used 8103K, committed 8640K, reserved 1048576K
}
Event: 21.175 GC heap before
{Heap before GC invocations=102 (full 7):
 PSYoungGen      total 6144K, used 5874K [0x00000000eab00000, 0x00000000eb700000, 0x0000000100000000)
  eden space 3072K, 96% used [0x00000000eab00000,0x00000000eade7890,0x00000000eae00000)
  from space 3072K, 94% used [0x00000000eae00000,0x00000000eb0d5200,0x00000000eb100000)
  to   space 4608K, 0% used [0x00000000eb280000,0x00000000eb280000,0x00000000eb700000)
 ParOldGen       total 142848K, used 135977K [0x00000000c0000000, 0x00000000c8b80000, 0x00000000eab00000)
  object space 142848K, 95% used [0x00000000c0000000,0x00000000c84ca778,0x00000000c8b80000)
 Metaspace       used 76888K, committed 78144K, reserved 1179648K
  class space    used 8103K, committed 8640K, reserved 1048576K
}
Event: 21.178 GC heap after
{Heap after GC invocations=102 (full 7):
 PSYoungGen      total 5120K, used 775K [0x00000000eab00000, 0x00000000eb380000, 0x0000000100000000)
  eden space 4096K, 0% used [0x00000000eab00000,0x00000000eab00000,0x00000000eaf00000)
  from space 1024K, 75% used [0x00000000eb280000,0x00000000eb341dc8,0x00000000eb380000)
  to   space 2048K, 0% used [0x00000000eaf80000,0x00000000eaf80000,0x00000000eb180000)
 ParOldGen       total 142848K, used 138806K [0x00000000c0000000, 0x00000000c8b80000, 0x00000000eab00000)
  object space 142848K, 97% used [0x00000000c0000000,0x00000000c878d978,0x00000000c8b80000)
 Metaspace       used 76888K, committed 78144K, reserved 1179648K
  class space    used 8103K, committed 8640K, reserved 1048576K
}
Event: 21.198 GC heap before
{Heap before GC invocations=103 (full 7):
 PSYoungGen      total 5120K, used 4738K [0x00000000eab00000, 0x00000000eb380000, 0x0000000100000000)
  eden space 4096K, 96% used [0x00000000eab00000,0x00000000eaedea78,0x00000000eaf00000)
  from space 1024K, 75% used [0x00000000eb280000,0x00000000eb341dc8,0x00000000eb380000)
  to   space 2048K, 0% used [0x00000000eaf80000,0x00000000eaf80000,0x00000000eb180000)
 ParOldGen       total 142848K, used 138806K [0x00000000c0000000, 0x00000000c8b80000, 0x00000000eab00000)
  object space 142848K, 97% used [0x00000000c0000000,0x00000000c878d978,0x00000000c8b80000)
 Metaspace       used 76909K, committed 78208K, reserved 1179648K
  class space    used 8103K, committed 8640K, reserved 1048576K
}
Event: 21.200 GC heap after
{Heap after GC invocations=103 (full 7):
 PSYoungGen      total 6656K, used 295K [0x00000000eab00000, 0x00000000eb300000, 0x0000000100000000)
  eden space 4608K, 0% used [0x00000000eab00000,0x00000000eab00000,0x00000000eaf80000)
  from space 2048K, 14% used [0x00000000eaf80000,0x00000000eafc9dc8,0x00000000eb180000)
  to   space 1024K, 0% used [0x00000000eb200000,0x00000000eb200000,0x00000000eb300000)
 ParOldGen       total 142848K, used 139338K [0x00000000c0000000, 0x00000000c8b80000, 0x00000000eab00000)
  object space 142848K, 97% used [0x00000000c0000000,0x00000000c8812988,0x00000000c8b80000)
 Metaspace       used 76909K, committed 78208K, reserved 1179648K
  class space    used 8103K, committed 8640K, reserved 1048576K
}
Event: 21.608 GC heap before
{Heap before GC invocations=104 (full 7):
 PSYoungGen      total 6656K, used 4903K [0x00000000eab00000, 0x00000000eb300000, 0x0000000100000000)
  eden space 4608K, 100% used [0x00000000eab00000,0x00000000eaf80000,0x00000000eaf80000)
  from space 2048K, 14% used [0x00000000eaf80000,0x00000000eafc9dc8,0x00000000eb180000)
  to   space 1024K, 0% used [0x00000000eb200000,0x00000000eb200000,0x00000000eb300000)
 ParOldGen       total 142848K, used 139338K [0x00000000c0000000, 0x00000000c8b80000, 0x00000000eab00000)
  object space 142848K, 97% used [0x00000000c0000000,0x00000000c8812988,0x00000000c8b80000)
 Metaspace       used 76950K, committed 78208K, reserved 1179648K
  class space    used 8107K, committed 8640K, reserved 1048576K
}
Event: 21.609 GC heap after
{Heap after GC invocations=104 (full 7):
 PSYoungGen      total 6144K, used 192K [0x00000000eab00000, 0x00000000eb280000, 0x0000000100000000)
  eden space 5632K, 0% used [0x00000000eab00000,0x00000000eab00000,0x00000000eb080000)
  from space 512K, 37% used [0x00000000eb200000,0x00000000eb230000,0x00000000eb280000)
  to   space 512K, 0% used [0x00000000eb180000,0x00000000eb180000,0x00000000eb200000)
 ParOldGen       total 142848K, used 139346K [0x00000000c0000000, 0x00000000c8b80000, 0x00000000eab00000)
  object space 142848K, 97% used [0x00000000c0000000,0x00000000c8814988,0x00000000c8b80000)
 Metaspace       used 76950K, committed 78208K, reserved 1179648K
  class space    used 8107K, committed 8640K, reserved 1048576K
}
Event: 21.679 GC heap before
{Heap before GC invocations=105 (full 7):
 PSYoungGen      total 6144K, used 5824K [0x00000000eab00000, 0x00000000eb280000, 0x0000000100000000)
  eden space 5632K, 100% used [0x00000000eab00000,0x00000000eb080000,0x00000000eb080000)
  from space 512K, 37% used [0x00000000eb200000,0x00000000eb230000,0x00000000eb280000)
  to   space 512K, 0% used [0x00000000eb180000,0x00000000eb180000,0x00000000eb200000)
 ParOldGen       total 142848K, used 139346K [0x00000000c0000000, 0x00000000c8b80000, 0x00000000eab00000)
  object space 142848K, 97% used [0x00000000c0000000,0x00000000c8814988,0x00000000c8b80000)
 Metaspace       used 77100K, committed 78464K, reserved 1179648K
  class space    used 8129K, committed 8704K, reserved 1048576K
}
Event: 21.681 GC heap after
{Heap after GC invocations=105 (full 7):
 PSYoungGen      total 7168K, used 493K [0x00000000eab00000, 0x00000000eb880000, 0x0000000100000000)
  eden space 6656K, 0% used [0x00000000eab00000,0x00000000eab00000,0x00000000eb180000)
  from space 512K, 96% used [0x00000000eb180000,0x00000000eb1fb5a0,0x00000000eb200000)
  to   space 3584K, 0% used [0x00000000eb500000,0x00000000eb500000,0x00000000eb880000)
 ParOldGen       total 142848K, used 141676K [0x00000000c0000000, 0x00000000c8b80000, 0x00000000eab00000)
  object space 142848K, 99% used [0x00000000c0000000,0x00000000c8a5b288,0x00000000c8b80000)
 Metaspace       used 77100K, committed 78464K, reserved 1179648K
  class space    used 8129K, committed 8704K, reserved 1048576K
}
Event: 21.681 GC heap before
{Heap before GC invocations=106 (full 8):
 PSYoungGen      total 7168K, used 493K [0x00000000eab00000, 0x00000000eb880000, 0x0000000100000000)
  eden space 6656K, 0% used [0x00000000eab00000,0x00000000eab00000,0x00000000eb180000)
  from space 512K, 96% used [0x00000000eb180000,0x00000000eb1fb5a0,0x00000000eb200000)
  to   space 3584K, 0% used [0x00000000eb500000,0x00000000eb500000,0x00000000eb880000)
 ParOldGen       total 142848K, used 141676K [0x00000000c0000000, 0x00000000c8b80000, 0x00000000eab00000)
  object space 142848K, 99% used [0x00000000c0000000,0x00000000c8a5b288,0x00000000c8b80000)
 Metaspace       used 77100K, committed 78464K, reserved 1179648K
  class space    used 8129K, committed 8704K, reserved 1048576K
}

