# JRE version: OpenJDK Runtime Environment Temurin-17.0.9+9 (17.0.9+9) (build 17.0.9+9)
# Java VM: OpenJDK 64-Bit Server VM Temurin-17.0.9+9 (17.0.9+9, mixed mode, tiered, compressed oops, compressed class ptrs, parallel gc, windows-amd64)
GC Precious Log:
 CPUs: 8 total, 8 available
 Memory: 16238M
 Large Page Support: Disabled
 NUMA Support: Disabled
 Compressed Oops: Enabled (32-bit)
 Alignments: Space 512K, Generation 512K, Heap 2M
 Heap Min Capacity: 100M
 Heap Initial Capacity: 100M
 Heap Max Capacity: 1G
 Pre-touch: Disabled
 Parallel Workers: 8
Heap:
 PSYoungGen      total 4096K, used 634K [0x00000000eab00000, 0x00000000eb100000, 0x0000000100000000)
  eden space 3072K, 0% used [0x00000000eab00000,0x00000000eab00000,0x00000000eae00000)
  from space 1024K, 61% used [0x00000000eae00000,0x00000000eae9e900,0x00000000eaf00000)
  to   space 1024K, 0% used [0x00000000eb000000,0x00000000eb000000,0x00000000eb100000)
 ParOldGen       total 177152K, used 176648K [0x00000000c0000000, 0x00000000cad00000, 0x00000000eab00000)
  object space 177152K, 99% used [0x00000000c0000000,0x00000000cac82260,0x00000000cad00000)
 Metaspace       used 97469K, committed 98816K, reserved 1179648K
  class space    used 10108K, committed 10752K, reserved 1048576K
GC Heap History (20 events):
Event: 13307.831 GC heap after
{Heap after GC invocations=2478 (full 73):
 PSYoungGen      total 4608K, used 4096K [0x00000000eab00000, 0x00000000ec280000, 0x0000000100000000)
  eden space 512K, 0% used [0x00000000eab00000,0x00000000eab00000,0x00000000eab80000)
  from space 4096K, 100% used [0x00000000eb400000,0x00000000eb800000,0x00000000eb800000)
  to   space 8704K, 0% used [0x00000000eab80000,0x00000000eab80000,0x00000000eb400000)
 ParOldGen       total 176640K, used 166921K [0x00000000c0000000, 0x00000000cac80000, 0x00000000eab00000)
  object space 176640K, 94% used [0x00000000c0000000,0x00000000ca302740,0x00000000cac80000)
 Metaspace       used 97469K, committed 98816K, reserved 1179648K
  class space    used 10108K, committed 10752K, reserved 1048576K
}
Event: 13307.833 GC heap before
{Heap before GC invocations=2479 (full 73):
 PSYoungGen      total 4608K, used 4607K [0x00000000eab00000, 0x00000000ec280000, 0x0000000100000000)
  eden space 512K, 99% used [0x00000000eab00000,0x00000000eab7ffc0,0x00000000eab80000)
  from space 4096K, 100% used [0x00000000eb400000,0x00000000eb800000,0x00000000eb800000)
  to   space 8704K, 0% used [0x00000000eab80000,0x00000000eab80000,0x00000000eb400000)
 ParOldGen       total 176640K, used 166921K [0x00000000c0000000, 0x00000000cac80000, 0x00000000eab00000)
  object space 176640K, 94% used [0x00000000c0000000,0x00000000ca302740,0x00000000cac80000)
 Metaspace       used 97469K, committed 98816K, reserved 1179648K
  class space    used 10108K, committed 10752K, reserved 1048576K
}
Event: 13307.837 GC heap after
{Heap after GC invocations=2479 (full 73):
 PSYoungGen      total 1024K, used 512K [0x00000000eab00000, 0x00000000eb480000, 0x0000000100000000)
  eden space 512K, 0% used [0x00000000eab00000,0x00000000eab00000,0x00000000eab80000)
  from space 512K, 100% used [0x00000000eab80000,0x00000000eac00000,0x00000000eac00000)
  to   space 3584K, 0% used [0x00000000eb100000,0x00000000eb100000,0x00000000eb480000)
 ParOldGen       total 176640K, used 171081K [0x00000000c0000000, 0x00000000cac80000, 0x00000000eab00000)
  object space 176640K, 96% used [0x00000000c0000000,0x00000000ca712740,0x00000000cac80000)
 Metaspace       used 97469K, committed 98816K, reserved 1179648K
  class space    used 10108K, committed 10752K, reserved 1048576K
}
Event: 13307.838 GC heap before
{Heap before GC invocations=2480 (full 73):
 PSYoungGen      total 1024K, used 1024K [0x00000000eab00000, 0x00000000eb480000, 0x0000000100000000)
  eden space 512K, 100% used [0x00000000eab00000,0x00000000eab80000,0x00000000eab80000)
  from space 512K, 100% used [0x00000000eab80000,0x00000000eac00000,0x00000000eac00000)
  to   space 3584K, 0% used [0x00000000eb100000,0x00000000eb100000,0x00000000eb480000)
 ParOldGen       total 176640K, used 171081K [0x00000000c0000000, 0x00000000cac80000, 0x00000000eab00000)
  object space 176640K, 96% used [0x00000000c0000000,0x00000000ca712740,0x00000000cac80000)
 Metaspace       used 97469K, committed 98816K, reserved 1179648K
  class space    used 10108K, committed 10752K, reserved 1048576K
}
Event: 13307.839 GC heap after
{Heap after GC invocations=2480 (full 73):
 PSYoungGen      total 2048K, used 608K [0x00000000eab00000, 0x00000000eb200000, 0x0000000100000000)
  eden space 1024K, 0% used [0x00000000eab00000,0x00000000eab00000,0x00000000eac00000)
  from space 1024K, 59% used [0x00000000eb100000,0x00000000eb198000,0x00000000eb200000)
  to   space 1536K, 0% used [0x00000000eaf00000,0x00000000eaf00000,0x00000000eb080000)
 ParOldGen       total 176640K, used 171537K [0x00000000c0000000, 0x00000000cac80000, 0x00000000eab00000)
  object space 176640K, 97% used [0x00000000c0000000,0x00000000ca784740,0x00000000cac80000)
 Metaspace       used 97469K, committed 98816K, reserved 1179648K
  class space    used 10108K, committed 10752K, reserved 1048576K
}
Event: 13307.842 GC heap before
{Heap before GC invocations=2481 (full 73):
 PSYoungGen      total 2048K, used 1632K [0x00000000eab00000, 0x00000000eb200000, 0x0000000100000000)
  eden space 1024K, 100% used [0x00000000eab00000,0x00000000eac00000,0x00000000eac00000)
  from space 1024K, 59% used [0x00000000eb100000,0x00000000eb198000,0x00000000eb200000)
  to   space 1536K, 0% used [0x00000000eaf00000,0x00000000eaf00000,0x00000000eb080000)
 ParOldGen       total 176640K, used 171537K [0x00000000c0000000, 0x00000000cac80000, 0x00000000eab00000)
  object space 176640K, 97% used [0x00000000c0000000,0x00000000ca784740,0x00000000cac80000)
 Metaspace       used 97469K, committed 98816K, reserved 1179648K
  class space    used 10108K, committed 10752K, reserved 1048576K
}
Event: 13307.844 GC heap after
{Heap after GC invocations=2481 (full 73):
 PSYoungGen      total 2560K, used 1024K [0x00000000eab00000, 0x00000000eb180000, 0x0000000100000000)
  eden space 1536K, 0% used [0x00000000eab00000,0x00000000eab00000,0x00000000eac80000)
  from space 1024K, 100% used [0x00000000eaf00000,0x00000000eb000000,0x00000000eb000000)
  to   space 1536K, 0% used [0x00000000eb000000,0x00000000eb000000,0x00000000eb180000)
 ParOldGen       total 176640K, used 172001K [0x00000000c0000000, 0x00000000cac80000, 0x00000000eab00000)
  object space 176640K, 97% used [0x00000000c0000000,0x00000000ca7f8740,0x00000000cac80000)
 Metaspace       used 97469K, committed 98816K, reserved 1179648K
  class space    used 10108K, committed 10752K, reserved 1048576K
}
Event: 13307.848 GC heap before
{Heap before GC invocations=2482 (full 73):
 PSYoungGen      total 2560K, used 2560K [0x00000000eab00000, 0x00000000eb180000, 0x0000000100000000)
  eden space 1536K, 100% used [0x00000000eab00000,0x00000000eac80000,0x00000000eac80000)
  from space 1024K, 100% used [0x00000000eaf00000,0x00000000eb000000,0x00000000eb000000)
  to   space 1536K, 0% used [0x00000000eb000000,0x00000000eb000000,0x00000000eb180000)
 ParOldGen       total 176640K, used 172001K [0x00000000c0000000, 0x00000000cac80000, 0x00000000eab00000)
  object space 176640K, 97% used [0x00000000c0000000,0x00000000ca7f8740,0x00000000cac80000)
 Metaspace       used 97469K, committed 98816K, reserved 1179648K
  class space    used 10108K, committed 10752K, reserved 1048576K
}
Event: 13307.850 GC heap after
{Heap after GC invocations=2482 (full 73):
 PSYoungGen      total 3584K, used 1536K [0x00000000eab00000, 0x00000000eb300000, 0x0000000100000000)
  eden space 2048K, 0% used [0x00000000eab00000,0x00000000eab00000,0x00000000ead00000)
  from space 1536K, 100% used [0x00000000eb000000,0x00000000eb180000,0x00000000eb180000)
  to   space 3072K, 0% used [0x00000000ead00000,0x00000000ead00000,0x00000000eb000000)
 ParOldGen       total 176640K, used 172929K [0x00000000c0000000, 0x00000000cac80000, 0x00000000eab00000)
  object space 176640K, 97% used [0x00000000c0000000,0x00000000ca8e0740,0x00000000cac80000)
 Metaspace       used 97469K, committed 98816K, reserved 1179648K
  class space    used 10108K, committed 10752K, reserved 1048576K
}
Event: 13307.857 GC heap before
{Heap before GC invocations=2483 (full 73):
 PSYoungGen      total 3584K, used 3584K [0x00000000eab00000, 0x00000000eb300000, 0x0000000100000000)
  eden space 2048K, 100% used [0x00000000eab00000,0x00000000ead00000,0x00000000ead00000)
  from space 1536K, 100% used [0x00000000eb000000,0x00000000eb180000,0x00000000eb180000)
  to   space 3072K, 0% used [0x00000000ead00000,0x00000000ead00000,0x00000000eb000000)
 ParOldGen       total 176640K, used 172929K [0x00000000c0000000, 0x00000000cac80000, 0x00000000eab00000)
  object space 176640K, 97% used [0x00000000c0000000,0x00000000ca8e0740,0x00000000cac80000)
 Metaspace       used 97469K, committed 98816K, reserved 1179648K
  class space    used 10108K, committed 10752K, reserved 1048576K
}
Event: 13307.859 GC heap after
{Heap after GC invocations=2483 (full 73):
 PSYoungGen      total 3072K, used 980K [0x00000000eab00000, 0x00000000eb080000, 0x0000000100000000)
  eden space 2048K, 0% used [0x00000000eab00000,0x00000000eab00000,0x00000000ead00000)
  from space 1024K, 95% used [0x00000000ead00000,0x00000000eadf5220,0x00000000eae00000)
  to   space 1536K, 0% used [0x00000000eaf00000,0x00000000eaf00000,0x00000000eb080000)
 ParOldGen       total 176640K, used 174441K [0x00000000c0000000, 0x00000000cac80000, 0x00000000eab00000)
  object space 176640K, 98% used [0x00000000c0000000,0x00000000caa5a740,0x00000000cac80000)
 Metaspace       used 97469K, committed 98816K, reserved 1179648K
  class space    used 10108K, committed 10752K, reserved 1048576K
}
Event: 13307.864 GC heap before
{Heap before GC invocations=2484 (full 73):
 PSYoungGen      total 3072K, used 3028K [0x00000000eab00000, 0x00000000eb080000, 0x0000000100000000)
  eden space 2048K, 100% used [0x00000000eab00000,0x00000000ead00000,0x00000000ead00000)
  from space 1024K, 95% used [0x00000000ead00000,0x00000000eadf5220,0x00000000eae00000)
  to   space 1536K, 0% used [0x00000000eaf00000,0x00000000eaf00000,0x00000000eb080000)
 ParOldGen       total 176640K, used 174441K [0x00000000c0000000, 0x00000000cac80000, 0x00000000eab00000)
  object space 176640K, 98% used [0x00000000c0000000,0x00000000caa5a740,0x00000000cac80000)
 Metaspace       used 97469K, committed 98816K, reserved 1179648K
  class space    used 10108K, committed 10752K, reserved 1048576K
}
Event: 13307.865 GC heap after
{Heap after GC invocations=2484 (full 73):
 PSYoungGen      total 3584K, used 544K [0x00000000eab00000, 0x00000000eb000000, 0x0000000100000000)
  eden space 2560K, 0% used [0x00000000eab00000,0x00000000eab00000,0x00000000ead80000)
  from space 1024K, 53% used [0x00000000eaf00000,0x00000000eaf88000,0x00000000eb000000)
  to   space 1024K, 0% used [0x00000000eae00000,0x00000000eae00000,0x00000000eaf00000)
 ParOldGen       total 176640K, used 175298K [0x00000000c0000000, 0x00000000cac80000, 0x00000000eab00000)
  object space 176640K, 99% used [0x00000000c0000000,0x00000000cab30ba0,0x00000000cac80000)
 Metaspace       used 97469K, committed 98816K, reserved 1179648K
  class space    used 10108K, committed 10752K, reserved 1048576K
}
Event: 13307.874 GC heap before
{Heap before GC invocations=2485 (full 73):
 PSYoungGen      total 3584K, used 3104K [0x00000000eab00000, 0x00000000eb000000, 0x0000000100000000)
  eden space 2560K, 100% used [0x00000000eab00000,0x00000000ead80000,0x00000000ead80000)
  from space 1024K, 53% used [0x00000000eaf00000,0x00000000eaf88000,0x00000000eb000000)
  to   space 1024K, 0% used [0x00000000eae00000,0x00000000eae00000,0x00000000eaf00000)
 ParOldGen       total 176640K, used 175298K [0x00000000c0000000, 0x00000000cac80000, 0x00000000eab00000)
  object space 176640K, 99% used [0x00000000c0000000,0x00000000cab30ba0,0x00000000cac80000)
 Metaspace       used 97469K, committed 98816K, reserved 1179648K
  class space    used 10108K, committed 10752K, reserved 1048576K
}
Event: 13307.876 GC heap after
{Heap after GC invocations=2485 (full 73):
 PSYoungGen      total 4096K, used 544K [0x00000000eab00000, 0x00000000eb000000, 0x0000000100000000)
  eden space 3072K, 0% used [0x00000000eab00000,0x00000000eab00000,0x00000000eae00000)
  from space 1024K, 53% used [0x00000000eae00000,0x00000000eae88000,0x00000000eaf00000)
  to   space 1024K, 0% used [0x00000000eaf00000,0x00000000eaf00000,0x00000000eb000000)
 ParOldGen       total 176640K, used 175690K [0x00000000c0000000, 0x00000000cac80000, 0x00000000eab00000)
  object space 176640K, 99% used [0x00000000c0000000,0x00000000cab92ba0,0x00000000cac80000)
 Metaspace       used 97469K, committed 98816K, reserved 1179648K
  class space    used 10108K, committed 10752K, reserved 1048576K
}
Event: 13307.887 GC heap before
{Heap before GC invocations=2486 (full 73):
 PSYoungGen      total 4096K, used 3616K [0x00000000eab00000, 0x00000000eb000000, 0x0000000100000000)
  eden space 3072K, 100% used [0x00000000eab00000,0x00000000eae00000,0x00000000eae00000)
  from space 1024K, 53% used [0x00000000eae00000,0x00000000eae88000,0x00000000eaf00000)
  to   space 1024K, 0% used [0x00000000eaf00000,0x00000000eaf00000,0x00000000eb000000)
 ParOldGen       total 176640K, used 175690K [0x00000000c0000000, 0x00000000cac80000, 0x00000000eab00000)
  object space 176640K, 99% used [0x00000000c0000000,0x00000000cab92ba0,0x00000000cac80000)
 Metaspace       used 97469K, committed 98816K, reserved 1179648K
  class space    used 10108K, committed 10752K, reserved 1048576K
}
Event: 13307.889 GC heap after
{Heap after GC invocations=2486 (full 73):
 PSYoungGen      total 4096K, used 820K [0x00000000eab00000, 0x00000000eb100000, 0x0000000100000000)
  eden space 3072K, 0% used [0x00000000eab00000,0x00000000eab00000,0x00000000eae00000)
  from space 1024K, 80% used [0x00000000eaf00000,0x00000000eafcd200,0x00000000eb000000)
  to   space 1024K, 0% used [0x00000000eae00000,0x00000000eae00000,0x00000000eaf00000)
 ParOldGen       total 176640K, used 176082K [0x00000000c0000000, 0x00000000cac80000, 0x00000000eab00000)
  object space 176640K, 99% used [0x00000000c0000000,0x00000000cabf4ba0,0x00000000cac80000)
 Metaspace       used 97469K, committed 98816K, reserved 1179648K
  class space    used 10108K, committed 10752K, reserved 1048576K
}
Event: 13307.893 GC heap before
{Heap before GC invocations=2487 (full 73):
 PSYoungGen      total 4096K, used 3892K [0x00000000eab00000, 0x00000000eb100000, 0x0000000100000000)
  eden space 3072K, 100% used [0x00000000eab00000,0x00000000eae00000,0x00000000eae00000)
  from space 1024K, 80% used [0x00000000eaf00000,0x00000000eafcd200,0x00000000eb000000)
  to   space 1024K, 0% used [0x00000000eae00000,0x00000000eae00000,0x00000000eaf00000)
 ParOldGen       total 176640K, used 176082K [0x00000000c0000000, 0x00000000cac80000, 0x00000000eab00000)
  object space 176640K, 99% used [0x00000000c0000000,0x00000000cabf4ba0,0x00000000cac80000)
 Metaspace       used 97469K, committed 98816K, reserved 1179648K
  class space    used 10108K, committed 10752K, reserved 1048576K
}
Event: 13307.895 GC heap after
{Heap after GC invocations=2487 (full 73):
 PSYoungGen      total 4096K, used 634K [0x00000000eab00000, 0x00000000eb100000, 0x0000000100000000)
  eden space 3072K, 0% used [0x00000000eab00000,0x00000000eab00000,0x00000000eae00000)
  from space 1024K, 61% used [0x00000000eae00000,0x00000000eae9e900,0x00000000eaf00000)
  to   space 1024K, 0% used [0x00000000eb000000,0x00000000eb000000,0x00000000eb100000)
 ParOldGen       total 177152K, used 176648K [0x00000000c0000000, 0x00000000cad00000, 0x00000000eab00000)
  object space 177152K, 99% used [0x00000000c0000000,0x00000000cac82260,0x00000000cad00000)
 Metaspace       used 97469K, committed 98816K, reserved 1179648K
  class space    used 10108K, committed 10752K, reserved 1048576K
}
Event: 13307.895 GC heap before
{Heap before GC invocations=2488 (full 74):
 PSYoungGen      total 4096K, used 634K [0x00000000eab00000, 0x00000000eb100000, 0x0000000100000000)
  eden space 3072K, 0% used [0x00000000eab00000,0x00000000eab00000,0x00000000eae00000)
  from space 1024K, 61% used [0x00000000eae00000,0x00000000eae9e900,0x00000000eaf00000)
  to   space 1024K, 0% used [0x00000000eb000000,0x00000000eb000000,0x00000000eb100000)
 ParOldGen       total 177152K, used 176648K [0x00000000c0000000, 0x00000000cad00000, 0x00000000eab00000)
  object space 177152K, 99% used [0x00000000c0000000,0x00000000cac82260,0x00000000cad00000)
 Metaspace       used 97469K, committed 98816K, reserved 1179648K
  class space    used 10108K, committed 10752K, reserved 1048576K
}

