# JRE version: OpenJDK Runtime Environment Temurin-17.0.9+9 (17.0.9+9) (build 17.0.9+9)
# Java VM: OpenJDK 64-Bit Server VM Temurin-17.0.9+9 (17.0.9+9, mixed mode, emulated-client, tiered, compressed oops, compressed class ptrs, g1 gc, windows-amd64)
GC Precious Log:
 CPUs: 8 total, 8 available
 Memory: 16238M
 Large Page Support: Disabled
 NUMA Support: Disabled
 Compressed Oops: Enabled (32-bit)
 Heap Region Size: 1M
 Heap Min Capacity: 8M
 Heap Initial Capacity: 254M
 Heap Max Capacity: 1G
 Pre-touch: Disabled
 Parallel Workers: 8
 Concurrent Workers: 2
 Concurrent Refinement Workers: 8
 Periodic GC: Disabled
Heap:
 garbage-first heap   total 99328K, used 35138K [0x00000000c0000000, 0x0000000100000000)
  region size 1024K, 1 young (1024K), 0 survivors (0K)
 Metaspace       used 58582K, committed 59072K, reserved 1114112K
  class space    used 7267K, committed 7552K, reserved 1048576K
GC Heap History (20 events):
Event: 1840.851 GC heap after
{Heap after GC invocations=178 (full 149):
 garbage-first heap   total 99328K, used 36878K [0x00000000c0000000, 0x0000000100000000)
  region size 1024K, 0 young (0K), 0 survivors (0K)
 Metaspace       used 58314K, committed 59072K, reserved 1114112K
  class space    used 7229K, committed 7552K, reserved 1048576K
}
Event: 1850.954 GC heap before
{Heap before GC invocations=178 (full 149):
 garbage-first heap   total 99328K, used 36878K [0x00000000c0000000, 0x0000000100000000)
  region size 1024K, 1 young (1024K), 0 survivors (0K)
 Metaspace       used 58314K, committed 59072K, reserved 1114112K
  class space    used 7229K, committed 7552K, reserved 1048576K
}
Event: 1850.994 GC heap after
{Heap after GC invocations=179 (full 150):
 garbage-first heap   total 99328K, used 36878K [0x00000000c0000000, 0x0000000100000000)
  region size 1024K, 0 young (0K), 0 survivors (0K)
 Metaspace       used 58314K, committed 59072K, reserved 1114112K
  class space    used 7229K, committed 7552K, reserved 1048576K
}
Event: 1861.098 GC heap before
{Heap before GC invocations=179 (full 150):
 garbage-first heap   total 99328K, used 36878K [0x00000000c0000000, 0x0000000100000000)
  region size 1024K, 1 young (1024K), 0 survivors (0K)
 Metaspace       used 58314K, committed 59072K, reserved 1114112K
  class space    used 7229K, committed 7552K, reserved 1048576K
}
Event: 1861.131 GC heap after
{Heap after GC invocations=180 (full 151):
 garbage-first heap   total 99328K, used 36878K [0x00000000c0000000, 0x0000000100000000)
  region size 1024K, 0 young (0K), 0 survivors (0K)
 Metaspace       used 58314K, committed 59072K, reserved 1114112K
  class space    used 7229K, committed 7552K, reserved 1048576K
}
Event: 1871.232 GC heap before
{Heap before GC invocations=180 (full 151):
 garbage-first heap   total 99328K, used 36878K [0x00000000c0000000, 0x0000000100000000)
  region size 1024K, 1 young (1024K), 0 survivors (0K)
 Metaspace       used 58314K, committed 59072K, reserved 1114112K
  class space    used 7229K, committed 7552K, reserved 1048576K
}
Event: 1871.264 GC heap after
{Heap after GC invocations=181 (full 152):
 garbage-first heap   total 99328K, used 36876K [0x00000000c0000000, 0x0000000100000000)
  region size 1024K, 0 young (0K), 0 survivors (0K)
 Metaspace       used 58314K, committed 59072K, reserved 1114112K
  class space    used 7229K, committed 7552K, reserved 1048576K
}
Event: 1881.363 GC heap before
{Heap before GC invocations=181 (full 152):
 garbage-first heap   total 99328K, used 36876K [0x00000000c0000000, 0x0000000100000000)
  region size 1024K, 1 young (1024K), 0 survivors (0K)
 Metaspace       used 58314K, committed 59072K, reserved 1114112K
  class space    used 7229K, committed 7552K, reserved 1048576K
}
Event: 1881.396 GC heap after
{Heap after GC invocations=182 (full 153):
 garbage-first heap   total 99328K, used 36876K [0x00000000c0000000, 0x0000000100000000)
  region size 1024K, 0 young (0K), 0 survivors (0K)
 Metaspace       used 58314K, committed 59072K, reserved 1114112K
  class space    used 7229K, committed 7552K, reserved 1048576K
}
Event: 1887.577 GC heap before
{Heap before GC invocations=182 (full 153):
 garbage-first heap   total 99328K, used 82956K [0x00000000c0000000, 0x0000000100000000)
  region size 1024K, 45 young (46080K), 0 survivors (0K)
 Metaspace       used 58561K, committed 59072K, reserved 1114112K
  class space    used 7264K, committed 7552K, reserved 1048576K
}
Event: 1887.578 GC heap after
{Heap after GC invocations=183 (full 153):
 garbage-first heap   total 99328K, used 38501K [0x00000000c0000000, 0x0000000100000000)
  region size 1024K, 2 young (2048K), 2 survivors (2048K)
 Metaspace       used 58561K, committed 59072K, reserved 1114112K
  class space    used 7264K, committed 7552K, reserved 1048576K
}
Event: 1894.056 GC heap before
{Heap before GC invocations=183 (full 153):
 garbage-first heap   total 99328K, used 81509K [0x00000000c0000000, 0x0000000100000000)
  region size 1024K, 44 young (45056K), 2 survivors (2048K)
 Metaspace       used 58578K, committed 59072K, reserved 1114112K
  class space    used 7266K, committed 7552K, reserved 1048576K
}
Event: 1894.058 GC heap after
{Heap after GC invocations=184 (full 153):
 garbage-first heap   total 99328K, used 39361K [0x00000000c0000000, 0x0000000100000000)
  region size 1024K, 3 young (3072K), 3 survivors (3072K)
 Metaspace       used 58578K, committed 59072K, reserved 1114112K
  class space    used 7266K, committed 7552K, reserved 1048576K
}
Event: 1897.309 GC heap before
{Heap before GC invocations=184 (full 153):
 garbage-first heap   total 99328K, used 81345K [0x00000000c0000000, 0x0000000100000000)
  region size 1024K, 44 young (45056K), 3 survivors (3072K)
 Metaspace       used 58581K, committed 59072K, reserved 1114112K
  class space    used 7267K, committed 7552K, reserved 1048576K
}
Event: 1897.311 GC heap after
{Heap after GC invocations=185 (full 153):
 garbage-first heap   total 99328K, used 39553K [0x00000000c0000000, 0x0000000100000000)
  region size 1024K, 3 young (3072K), 3 survivors (3072K)
 Metaspace       used 58581K, committed 59072K, reserved 1114112K
  class space    used 7267K, committed 7552K, reserved 1048576K
}
Event: 1900.008 GC heap before
{Heap before GC invocations=185 (full 153):
 garbage-first heap   total 99328K, used 81537K [0x00000000c0000000, 0x0000000100000000)
  region size 1024K, 44 young (45056K), 3 survivors (3072K)
 Metaspace       used 58582K, committed 59072K, reserved 1114112K
  class space    used 7267K, committed 7552K, reserved 1048576K
}
Event: 1900.010 GC heap after
{Heap after GC invocations=186 (full 153):
 garbage-first heap   total 99328K, used 40506K [0x00000000c0000000, 0x0000000100000000)
  region size 1024K, 4 young (4096K), 4 survivors (4096K)
 Metaspace       used 58582K, committed 59072K, reserved 1114112K
  class space    used 7267K, committed 7552K, reserved 1048576K
}
Event: 1961.635 GC heap before
{Heap before GC invocations=186 (full 153):
 garbage-first heap   total 99328K, used 60986K [0x00000000c0000000, 0x0000000100000000)
  region size 1024K, 25 young (25600K), 4 survivors (4096K)
 Metaspace       used 58582K, committed 59072K, reserved 1114112K
  class space    used 7267K, committed 7552K, reserved 1048576K
}
Event: 1961.665 GC heap after
{Heap after GC invocations=187 (full 154):
 garbage-first heap   total 99328K, used 35115K [0x00000000c0000000, 0x0000000100000000)
  region size 1024K, 0 young (0K), 0 survivors (0K)
 Metaspace       used 58582K, committed 59072K, reserved 1114112K
  class space    used 7267K, committed 7552K, reserved 1048576K
}
Event: 1971.780 GC heap before
{Heap before GC invocations=187 (full 154):
 garbage-first heap   total 99328K, used 35115K [0x00000000c0000000, 0x0000000100000000)
  region size 1024K, 1 young (1024K), 0 survivors (0K)
 Metaspace       used 58582K, committed 59072K, reserved 1114112K
  class space    used 7267K, committed 7552K, reserved 1048576K
}

