# JRE version: OpenJDK Runtime Environment Temurin-17.0.9+9 (17.0.9+9) (build 17.0.9+9)
# Java VM: OpenJDK 64-Bit Server VM Temurin-17.0.9+9 (17.0.9+9, mixed mode, tiered, compressed oops, compressed class ptrs, parallel gc, windows-amd64)
GC Precious Log:
 CPUs: 8 total, 8 available
 Memory: 16238M
 Large Page Support: Disabled
 NUMA Support: Disabled
 Compressed Oops: Enabled (32-bit)
 Alignments: Space 512K, Generation 512K, Heap 2M
 Heap Min Capacity: 100M
 Heap Initial Capacity: 100M
 Heap Max Capacity: 1G
 Pre-touch: Disabled
 Parallel Workers: 8
Heap:
 PSYoungGen      total 11264K, used 436K [0x00000000eab00000, 0x00000000eb780000, 0x0000000100000000)
  eden space 10240K, 0% used [0x00000000eab00000,0x00000000eab00000,0x00000000eb500000)
  from space 1024K, 42% used [0x00000000eb580000,0x00000000eb5ed220,0x00000000eb680000)
  to   space 512K, 0% used [0x00000000eb700000,0x00000000eb700000,0x00000000eb780000)
 ParOldGen       total 168960K, used 168095K [0x00000000c0000000, 0x00000000ca500000, 0x00000000eab00000)
  object space 168960K, 99% used [0x00000000c0000000,0x00000000ca427dd0,0x00000000ca500000)
 Metaspace       used 96526K, committed 98048K, reserved 1179648K
  class space    used 9875K, committed 10560K, reserved 1048576K
GC Heap History (20 events):
Event: 1223.423 GC heap after
{Heap after GC invocations=2101 (full 56):
 PSYoungGen      total 10752K, used 186K [0x00000000eab00000, 0x00000000eb880000, 0x0000000100000000)
  eden space 10240K, 0% used [0x00000000eab00000,0x00000000eab00000,0x00000000eb500000)
  from space 512K, 36% used [0x00000000eb800000,0x00000000eb82e900,0x00000000eb880000)
  to   space 1024K, 0% used [0x00000000eb680000,0x00000000eb680000,0x00000000eb780000)
 ParOldGen       total 167424K, used 162699K [0x00000000c0000000, 0x00000000ca380000, 0x00000000eab00000)
  object space 167424K, 97% used [0x00000000c0000000,0x00000000c9ee2f60,0x00000000ca380000)
 Metaspace       used 96520K, committed 98048K, reserved 1179648K
  class space    used 9875K, committed 10560K, reserved 1048576K
}
Event: 1223.440 GC heap before
{Heap before GC invocations=2102 (full 56):
 PSYoungGen      total 10752K, used 10426K [0x00000000eab00000, 0x00000000eb880000, 0x0000000100000000)
  eden space 10240K, 100% used [0x00000000eab00000,0x00000000eb500000,0x00000000eb500000)
  from space 512K, 36% used [0x00000000eb800000,0x00000000eb82e900,0x00000000eb880000)
  to   space 1024K, 0% used [0x00000000eb680000,0x00000000eb680000,0x00000000eb780000)
 ParOldGen       total 167424K, used 162699K [0x00000000c0000000, 0x00000000ca380000, 0x00000000eab00000)
  object space 167424K, 97% used [0x00000000c0000000,0x00000000c9ee2f60,0x00000000ca380000)
 Metaspace       used 96520K, committed 98048K, reserved 1179648K
  class space    used 9875K, committed 10560K, reserved 1048576K
}
Event: 1223.441 GC heap after
{Heap after GC invocations=2102 (full 56):
 PSYoungGen      total 11264K, used 160K [0x00000000eab00000, 0x00000000eb880000, 0x0000000100000000)
  eden space 10240K, 0% used [0x00000000eab00000,0x00000000eab00000,0x00000000eb500000)
  from space 1024K, 15% used [0x00000000eb680000,0x00000000eb6a8000,0x00000000eb780000)
  to   space 512K, 0% used [0x00000000eb800000,0x00000000eb800000,0x00000000eb880000)
 ParOldGen       total 167424K, used 162707K [0x00000000c0000000, 0x00000000ca380000, 0x00000000eab00000)
  object space 167424K, 97% used [0x00000000c0000000,0x00000000c9ee4f60,0x00000000ca380000)
 Metaspace       used 96520K, committed 98048K, reserved 1179648K
  class space    used 9875K, committed 10560K, reserved 1048576K
}
Event: 1223.459 GC heap before
{Heap before GC invocations=2103 (full 56):
 PSYoungGen      total 11264K, used 10400K [0x00000000eab00000, 0x00000000eb880000, 0x0000000100000000)
  eden space 10240K, 100% used [0x00000000eab00000,0x00000000eb500000,0x00000000eb500000)
  from space 1024K, 15% used [0x00000000eb680000,0x00000000eb6a8000,0x00000000eb780000)
  to   space 512K, 0% used [0x00000000eb800000,0x00000000eb800000,0x00000000eb880000)
 ParOldGen       total 167424K, used 162707K [0x00000000c0000000, 0x00000000ca380000, 0x00000000eab00000)
  object space 167424K, 97% used [0x00000000c0000000,0x00000000c9ee4f60,0x00000000ca380000)
 Metaspace       used 96522K, committed 98048K, reserved 1179648K
  class space    used 9875K, committed 10560K, reserved 1048576K
}
Event: 1223.461 GC heap after
{Heap after GC invocations=2103 (full 56):
 PSYoungGen      total 10752K, used 512K [0x00000000eab00000, 0x00000000eb880000, 0x0000000100000000)
  eden space 10240K, 0% used [0x00000000eab00000,0x00000000eab00000,0x00000000eb500000)
  from space 512K, 100% used [0x00000000eb800000,0x00000000eb880000,0x00000000eb880000)
  to   space 1024K, 0% used [0x00000000eb680000,0x00000000eb680000,0x00000000eb780000)
 ParOldGen       total 167424K, used 162904K [0x00000000c0000000, 0x00000000ca380000, 0x00000000eab00000)
  object space 167424K, 97% used [0x00000000c0000000,0x00000000c9f16160,0x00000000ca380000)
 Metaspace       used 96522K, committed 98048K, reserved 1179648K
  class space    used 9875K, committed 10560K, reserved 1048576K
}
Event: 1223.477 GC heap before
{Heap before GC invocations=2104 (full 56):
 PSYoungGen      total 10752K, used 10752K [0x00000000eab00000, 0x00000000eb880000, 0x0000000100000000)
  eden space 10240K, 100% used [0x00000000eab00000,0x00000000eb500000,0x00000000eb500000)
  from space 512K, 100% used [0x00000000eb800000,0x00000000eb880000,0x00000000eb880000)
  to   space 1024K, 0% used [0x00000000eb680000,0x00000000eb680000,0x00000000eb780000)
 ParOldGen       total 167424K, used 162904K [0x00000000c0000000, 0x00000000ca380000, 0x00000000eab00000)
  object space 167424K, 97% used [0x00000000c0000000,0x00000000c9f16160,0x00000000ca380000)
 Metaspace       used 96522K, committed 98048K, reserved 1179648K
  class space    used 9875K, committed 10560K, reserved 1048576K
}
Event: 1223.478 GC heap after
{Heap after GC invocations=2104 (full 56):
 PSYoungGen      total 11264K, used 982K [0x00000000eab00000, 0x00000000eb880000, 0x0000000100000000)
  eden space 10240K, 0% used [0x00000000eab00000,0x00000000eab00000,0x00000000eb500000)
  from space 1024K, 95% used [0x00000000eb680000,0x00000000eb775940,0x00000000eb780000)
  to   space 1024K, 0% used [0x00000000eb780000,0x00000000eb780000,0x00000000eb880000)
 ParOldGen       total 167424K, used 163448K [0x00000000c0000000, 0x00000000ca380000, 0x00000000eab00000)
  object space 167424K, 97% used [0x00000000c0000000,0x00000000c9f9e160,0x00000000ca380000)
 Metaspace       used 96522K, committed 98048K, reserved 1179648K
  class space    used 9875K, committed 10560K, reserved 1048576K
}
Event: 1223.498 GC heap before
{Heap before GC invocations=2105 (full 56):
 PSYoungGen      total 11264K, used 11222K [0x00000000eab00000, 0x00000000eb880000, 0x0000000100000000)
  eden space 10240K, 100% used [0x00000000eab00000,0x00000000eb500000,0x00000000eb500000)
  from space 1024K, 95% used [0x00000000eb680000,0x00000000eb775940,0x00000000eb780000)
  to   space 1024K, 0% used [0x00000000eb780000,0x00000000eb780000,0x00000000eb880000)
 ParOldGen       total 167424K, used 163448K [0x00000000c0000000, 0x00000000ca380000, 0x00000000eab00000)
  object space 167424K, 97% used [0x00000000c0000000,0x00000000c9f9e160,0x00000000ca380000)
 Metaspace       used 96522K, committed 98048K, reserved 1179648K
  class space    used 9875K, committed 10560K, reserved 1048576K
}
Event: 1223.499 GC heap after
{Heap after GC invocations=2105 (full 56):
 PSYoungGen      total 10752K, used 266K [0x00000000eab00000, 0x00000000eb800000, 0x0000000100000000)
  eden space 10240K, 0% used [0x00000000eab00000,0x00000000eab00000,0x00000000eb500000)
  from space 512K, 52% used [0x00000000eb780000,0x00000000eb7c2910,0x00000000eb800000)
  to   space 1024K, 0% used [0x00000000eb600000,0x00000000eb600000,0x00000000eb700000)
 ParOldGen       total 167424K, used 164020K [0x00000000c0000000, 0x00000000ca380000, 0x00000000eab00000)
  object space 167424K, 97% used [0x00000000c0000000,0x00000000ca02d1a0,0x00000000ca380000)
 Metaspace       used 96522K, committed 98048K, reserved 1179648K
  class space    used 9875K, committed 10560K, reserved 1048576K
}
Event: 1223.515 GC heap before
{Heap before GC invocations=2106 (full 56):
 PSYoungGen      total 10752K, used 10506K [0x00000000eab00000, 0x00000000eb800000, 0x0000000100000000)
  eden space 10240K, 100% used [0x00000000eab00000,0x00000000eb500000,0x00000000eb500000)
  from space 512K, 52% used [0x00000000eb780000,0x00000000eb7c2910,0x00000000eb800000)
  to   space 1024K, 0% used [0x00000000eb600000,0x00000000eb600000,0x00000000eb700000)
 ParOldGen       total 167424K, used 164020K [0x00000000c0000000, 0x00000000ca380000, 0x00000000eab00000)
  object space 167424K, 97% used [0x00000000c0000000,0x00000000ca02d1a0,0x00000000ca380000)
 Metaspace       used 96522K, committed 98048K, reserved 1179648K
  class space    used 9875K, committed 10560K, reserved 1048576K
}
Event: 1223.516 GC heap after
{Heap after GC invocations=2106 (full 56):
 PSYoungGen      total 11264K, used 282K [0x00000000eab00000, 0x00000000eb800000, 0x0000000100000000)
  eden space 10240K, 0% used [0x00000000eab00000,0x00000000eab00000,0x00000000eb500000)
  from space 1024K, 27% used [0x00000000eb600000,0x00000000eb646900,0x00000000eb700000)
  to   space 512K, 0% used [0x00000000eb780000,0x00000000eb780000,0x00000000eb800000)
 ParOldGen       total 167424K, used 164060K [0x00000000c0000000, 0x00000000ca380000, 0x00000000eab00000)
  object space 167424K, 97% used [0x00000000c0000000,0x00000000ca0371a0,0x00000000ca380000)
 Metaspace       used 96522K, committed 98048K, reserved 1179648K
  class space    used 9875K, committed 10560K, reserved 1048576K
}
Event: 1223.530 GC heap before
{Heap before GC invocations=2107 (full 56):
 PSYoungGen      total 11264K, used 10522K [0x00000000eab00000, 0x00000000eb800000, 0x0000000100000000)
  eden space 10240K, 100% used [0x00000000eab00000,0x00000000eb500000,0x00000000eb500000)
  from space 1024K, 27% used [0x00000000eb600000,0x00000000eb646900,0x00000000eb700000)
  to   space 512K, 0% used [0x00000000eb780000,0x00000000eb780000,0x00000000eb800000)
 ParOldGen       total 167424K, used 164060K [0x00000000c0000000, 0x00000000ca380000, 0x00000000eab00000)
  object space 167424K, 97% used [0x00000000c0000000,0x00000000ca0371a0,0x00000000ca380000)
 Metaspace       used 96522K, committed 98048K, reserved 1179648K
  class space    used 9875K, committed 10560K, reserved 1048576K
}
Event: 1223.531 GC heap after
{Heap after GC invocations=2107 (full 56):
 PSYoungGen      total 10752K, used 512K [0x00000000eab00000, 0x00000000eb800000, 0x0000000100000000)
  eden space 10240K, 0% used [0x00000000eab00000,0x00000000eab00000,0x00000000eb500000)
  from space 512K, 100% used [0x00000000eb780000,0x00000000eb800000,0x00000000eb800000)
  to   space 1024K, 0% used [0x00000000eb600000,0x00000000eb600000,0x00000000eb700000)
 ParOldGen       total 167424K, used 164084K [0x00000000c0000000, 0x00000000ca380000, 0x00000000eab00000)
  object space 167424K, 98% used [0x00000000c0000000,0x00000000ca03d1a0,0x00000000ca380000)
 Metaspace       used 96522K, committed 98048K, reserved 1179648K
  class space    used 9875K, committed 10560K, reserved 1048576K
}
Event: 1223.546 GC heap before
{Heap before GC invocations=2108 (full 56):
 PSYoungGen      total 10752K, used 10752K [0x00000000eab00000, 0x00000000eb800000, 0x0000000100000000)
  eden space 10240K, 100% used [0x00000000eab00000,0x00000000eb500000,0x00000000eb500000)
  from space 512K, 100% used [0x00000000eb780000,0x00000000eb800000,0x00000000eb800000)
  to   space 1024K, 0% used [0x00000000eb600000,0x00000000eb600000,0x00000000eb700000)
 ParOldGen       total 167424K, used 164084K [0x00000000c0000000, 0x00000000ca380000, 0x00000000eab00000)
  object space 167424K, 98% used [0x00000000c0000000,0x00000000ca03d1a0,0x00000000ca380000)
 Metaspace       used 96523K, committed 98048K, reserved 1179648K
  class space    used 9875K, committed 10560K, reserved 1048576K
}
Event: 1223.547 GC heap after
{Heap after GC invocations=2108 (full 56):
 PSYoungGen      total 11264K, used 1018K [0x00000000eab00000, 0x00000000eb800000, 0x0000000100000000)
  eden space 10240K, 0% used [0x00000000eab00000,0x00000000eab00000,0x00000000eb500000)
  from space 1024K, 99% used [0x00000000eb600000,0x00000000eb6fe900,0x00000000eb700000)
  to   space 1024K, 0% used [0x00000000eb700000,0x00000000eb700000,0x00000000eb800000)
 ParOldGen       total 167424K, used 164560K [0x00000000c0000000, 0x00000000ca380000, 0x00000000eab00000)
  object space 167424K, 98% used [0x00000000c0000000,0x00000000ca0b43a0,0x00000000ca380000)
 Metaspace       used 96523K, committed 98048K, reserved 1179648K
  class space    used 9875K, committed 10560K, reserved 1048576K
}
Event: 1223.562 GC heap before
{Heap before GC invocations=2109 (full 56):
 PSYoungGen      total 11264K, used 11258K [0x00000000eab00000, 0x00000000eb800000, 0x0000000100000000)
  eden space 10240K, 100% used [0x00000000eab00000,0x00000000eb500000,0x00000000eb500000)
  from space 1024K, 99% used [0x00000000eb600000,0x00000000eb6fe900,0x00000000eb700000)
  to   space 1024K, 0% used [0x00000000eb700000,0x00000000eb700000,0x00000000eb800000)
 ParOldGen       total 167424K, used 164560K [0x00000000c0000000, 0x00000000ca380000, 0x00000000eab00000)
  object space 167424K, 98% used [0x00000000c0000000,0x00000000ca0b43a0,0x00000000ca380000)
 Metaspace       used 96523K, committed 98048K, reserved 1179648K
  class space    used 9875K, committed 10560K, reserved 1048576K
}
Event: 1223.564 GC heap after
{Heap after GC invocations=2109 (full 56):
 PSYoungGen      total 10752K, used 314K [0x00000000eab00000, 0x00000000eb780000, 0x0000000100000000)
  eden space 10240K, 0% used [0x00000000eab00000,0x00000000eab00000,0x00000000eb500000)
  from space 512K, 61% used [0x00000000eb700000,0x00000000eb74e900,0x00000000eb780000)
  to   space 1024K, 0% used [0x00000000eb580000,0x00000000eb580000,0x00000000eb680000)
 ParOldGen       total 167424K, used 165096K [0x00000000c0000000, 0x00000000ca380000, 0x00000000eab00000)
  object space 167424K, 98% used [0x00000000c0000000,0x00000000ca13a3a0,0x00000000ca380000)
 Metaspace       used 96523K, committed 98048K, reserved 1179648K
  class space    used 9875K, committed 10560K, reserved 1048576K
}
Event: 1223.584 GC heap before
{Heap before GC invocations=2110 (full 56):
 PSYoungGen      total 10752K, used 10554K [0x00000000eab00000, 0x00000000eb780000, 0x0000000100000000)
  eden space 10240K, 99% used [0x00000000eab00000,0x00000000eb4fff68,0x00000000eb500000)
  from space 512K, 61% used [0x00000000eb700000,0x00000000eb74e900,0x00000000eb780000)
  to   space 1024K, 0% used [0x00000000eb580000,0x00000000eb580000,0x00000000eb680000)
 ParOldGen       total 167424K, used 165096K [0x00000000c0000000, 0x00000000ca380000, 0x00000000eab00000)
  object space 167424K, 98% used [0x00000000c0000000,0x00000000ca13a3a0,0x00000000ca380000)
 Metaspace       used 96526K, committed 98048K, reserved 1179648K
  class space    used 9875K, committed 10560K, reserved 1048576K
}
Event: 1223.586 GC heap after
{Heap after GC invocations=2110 (full 56):
 PSYoungGen      total 11264K, used 436K [0x00000000eab00000, 0x00000000eb780000, 0x0000000100000000)
  eden space 10240K, 0% used [0x00000000eab00000,0x00000000eab00000,0x00000000eb500000)
  from space 1024K, 42% used [0x00000000eb580000,0x00000000eb5ed220,0x00000000eb680000)
  to   space 512K, 0% used [0x00000000eb700000,0x00000000eb700000,0x00000000eb780000)
 ParOldGen       total 168960K, used 168095K [0x00000000c0000000, 0x00000000ca500000, 0x00000000eab00000)
  object space 168960K, 99% used [0x00000000c0000000,0x00000000ca427dd0,0x00000000ca500000)
 Metaspace       used 96526K, committed 98048K, reserved 1179648K
  class space    used 9875K, committed 10560K, reserved 1048576K
}
Event: 1223.586 GC heap before
{Heap before GC invocations=2111 (full 57):
 PSYoungGen      total 11264K, used 436K [0x00000000eab00000, 0x00000000eb780000, 0x0000000100000000)
  eden space 10240K, 0% used [0x00000000eab00000,0x00000000eab00000,0x00000000eb500000)
  from space 1024K, 42% used [0x00000000eb580000,0x00000000eb5ed220,0x00000000eb680000)
  to   space 512K, 0% used [0x00000000eb700000,0x00000000eb700000,0x00000000eb780000)
 ParOldGen       total 168960K, used 168095K [0x00000000c0000000, 0x00000000ca500000, 0x00000000eab00000)
  object space 168960K, 99% used [0x00000000c0000000,0x00000000ca427dd0,0x00000000ca500000)
 Metaspace       used 96526K, committed 98048K, reserved 1179648K
  class space    used 9875K, committed 10560K, reserved 1048576K
}

