# JRE version: OpenJDK Runtime Environment Temurin-17.0.9+9 (17.0.9+9) (build 17.0.9+9)
# Java VM: OpenJDK 64-Bit Server VM Temurin-17.0.9+9 (17.0.9+9, mixed mode, tiered, compressed oops, compressed class ptrs, parallel gc, windows-amd64)
GC Precious Log:
 CPUs: 8 total, 8 available
 Memory: 16238M
 Large Page Support: Disabled
 NUMA Support: Disabled
 Compressed Oops: Enabled (32-bit)
 Alignments: Space 512K, Generation 512K, Heap 2M
 Heap Min Capacity: 100M
 Heap Initial Capacity: 100M
 Heap Max Capacity: 1G
 Pre-touch: Disabled
 Parallel Workers: 8
Heap:
 PSYoungGen      total 20992K, used 7415K [0x00000000eab00000, 0x00000000ec180000, 0x0000000100000000)
  eden space 20480K, 36% used [0x00000000eab00000,0x00000000eb23df50,0x00000000ebf00000)
  from space 512K, 0% used [0x00000000ec100000,0x00000000ec100000,0x00000000ec180000)
  to   space 512K, 0% used [0x00000000ec080000,0x00000000ec080000,0x00000000ec100000)
 ParOldGen       total 68608K, used 37221K [0x00000000c0000000, 0x00000000c4300000, 0x00000000eab00000)
  object space 68608K, 54% used [0x00000000c0000000,0x00000000c2459648,0x00000000c4300000)
 Metaspace       used 59691K, committed 60928K, reserved 1114112K
  class space    used 6419K, committed 6976K, reserved 1048576K
GC Heap History (20 events):
Event: 3.870 GC heap after
{Heap after GC invocations=21 (full 2):
 PSYoungGen      total 23552K, used 2041K [0x00000000eab00000, 0x00000000ec800000, 0x0000000100000000)
  eden space 21504K, 0% used [0x00000000eab00000,0x00000000eab00000,0x00000000ec000000)
  from space 2048K, 99% used [0x00000000ec000000,0x00000000ec1fe5a0,0x00000000ec200000)
  to   space 4096K, 0% used [0x00000000ec400000,0x00000000ec400000,0x00000000ec800000)
 ParOldGen       total 68608K, used 27700K [0x00000000c0000000, 0x00000000c4300000, 0x00000000eab00000)
  object space 68608K, 40% used [0x00000000c0000000,0x00000000c1b0d2f0,0x00000000c4300000)
 Metaspace       used 45179K, committed 46272K, reserved 1114112K
  class space    used 4728K, committed 5184K, reserved 1048576K
}
Event: 4.033 GC heap before
{Heap before GC invocations=22 (full 2):
 PSYoungGen      total 23552K, used 23545K [0x00000000eab00000, 0x00000000ec800000, 0x0000000100000000)
  eden space 21504K, 100% used [0x00000000eab00000,0x00000000ec000000,0x00000000ec000000)
  from space 2048K, 99% used [0x00000000ec000000,0x00000000ec1fe5a0,0x00000000ec200000)
  to   space 4096K, 0% used [0x00000000ec400000,0x00000000ec400000,0x00000000ec800000)
 ParOldGen       total 68608K, used 27702K [0x00000000c0000000, 0x00000000c4300000, 0x00000000eab00000)
  object space 68608K, 40% used [0x00000000c0000000,0x00000000c1b0da30,0x00000000c4300000)
 Metaspace       used 47246K, committed 48256K, reserved 1114112K
  class space    used 4961K, committed 5440K, reserved 1048576K
}
Event: 4.036 GC heap after
{Heap after GC invocations=22 (full 2):
 PSYoungGen      total 22528K, used 1012K [0x00000000eab00000, 0x00000000ec500000, 0x0000000100000000)
  eden space 21504K, 0% used [0x00000000eab00000,0x00000000eab00000,0x00000000ec000000)
  from space 1024K, 98% used [0x00000000ec400000,0x00000000ec4fd390,0x00000000ec500000)
  to   space 2048K, 0% used [0x00000000ec100000,0x00000000ec100000,0x00000000ec300000)
 ParOldGen       total 68608K, used 29415K [0x00000000c0000000, 0x00000000c4300000, 0x00000000eab00000)
  object space 68608K, 42% used [0x00000000c0000000,0x00000000c1cb9d68,0x00000000c4300000)
 Metaspace       used 47246K, committed 48256K, reserved 1114112K
  class space    used 4961K, committed 5440K, reserved 1048576K
}
Event: 4.301 GC heap before
{Heap before GC invocations=23 (full 2):
 PSYoungGen      total 22528K, used 22516K [0x00000000eab00000, 0x00000000ec500000, 0x0000000100000000)
  eden space 21504K, 100% used [0x00000000eab00000,0x00000000ec000000,0x00000000ec000000)
  from space 1024K, 98% used [0x00000000ec400000,0x00000000ec4fd390,0x00000000ec500000)
  to   space 2048K, 0% used [0x00000000ec100000,0x00000000ec100000,0x00000000ec300000)
 ParOldGen       total 68608K, used 29415K [0x00000000c0000000, 0x00000000c4300000, 0x00000000eab00000)
  object space 68608K, 42% used [0x00000000c0000000,0x00000000c1cb9d68,0x00000000c4300000)
 Metaspace       used 49140K, committed 50240K, reserved 1114112K
  class space    used 5204K, committed 5696K, reserved 1048576K
}
Event: 4.303 GC heap after
{Heap after GC invocations=23 (full 2):
 PSYoungGen      total 23552K, used 704K [0x00000000eab00000, 0x00000000ec480000, 0x0000000100000000)
  eden space 21504K, 0% used [0x00000000eab00000,0x00000000eab00000,0x00000000ec000000)
  from space 2048K, 34% used [0x00000000ec100000,0x00000000ec1b0000,0x00000000ec300000)
  to   space 1024K, 0% used [0x00000000ec380000,0x00000000ec380000,0x00000000ec480000)
 ParOldGen       total 68608K, used 30126K [0x00000000c0000000, 0x00000000c4300000, 0x00000000eab00000)
  object space 68608K, 43% used [0x00000000c0000000,0x00000000c1d6b888,0x00000000c4300000)
 Metaspace       used 49140K, committed 50240K, reserved 1114112K
  class space    used 5204K, committed 5696K, reserved 1048576K
}
Event: 4.516 GC heap before
{Heap before GC invocations=24 (full 2):
 PSYoungGen      total 23552K, used 22208K [0x00000000eab00000, 0x00000000ec480000, 0x0000000100000000)
  eden space 21504K, 100% used [0x00000000eab00000,0x00000000ec000000,0x00000000ec000000)
  from space 2048K, 34% used [0x00000000ec100000,0x00000000ec1b0000,0x00000000ec300000)
  to   space 1024K, 0% used [0x00000000ec380000,0x00000000ec380000,0x00000000ec480000)
 ParOldGen       total 68608K, used 30126K [0x00000000c0000000, 0x00000000c4300000, 0x00000000eab00000)
  object space 68608K, 43% used [0x00000000c0000000,0x00000000c1d6b888,0x00000000c4300000)
 Metaspace       used 50664K, committed 51776K, reserved 1114112K
  class space    used 5418K, committed 5888K, reserved 1048576K
}
Event: 4.517 GC heap after
{Heap after GC invocations=24 (full 2):
 PSYoungGen      total 22528K, used 730K [0x00000000eab00000, 0x00000000ec480000, 0x0000000100000000)
  eden space 21504K, 0% used [0x00000000eab00000,0x00000000eab00000,0x00000000ec000000)
  from space 1024K, 71% used [0x00000000ec380000,0x00000000ec436950,0x00000000ec480000)
  to   space 1024K, 0% used [0x00000000ec280000,0x00000000ec280000,0x00000000ec380000)
 ParOldGen       total 68608K, used 30664K [0x00000000c0000000, 0x00000000c4300000, 0x00000000eab00000)
  object space 68608K, 44% used [0x00000000c0000000,0x00000000c1df20f0,0x00000000c4300000)
 Metaspace       used 50664K, committed 51776K, reserved 1114112K
  class space    used 5418K, committed 5888K, reserved 1048576K
}
Event: 4.700 GC heap before
{Heap before GC invocations=25 (full 2):
 PSYoungGen      total 22528K, used 22234K [0x00000000eab00000, 0x00000000ec480000, 0x0000000100000000)
  eden space 21504K, 100% used [0x00000000eab00000,0x00000000ec000000,0x00000000ec000000)
  from space 1024K, 71% used [0x00000000ec380000,0x00000000ec436950,0x00000000ec480000)
  to   space 1024K, 0% used [0x00000000ec280000,0x00000000ec280000,0x00000000ec380000)
 ParOldGen       total 68608K, used 30664K [0x00000000c0000000, 0x00000000c4300000, 0x00000000eab00000)
  object space 68608K, 44% used [0x00000000c0000000,0x00000000c1df20f0,0x00000000c4300000)
 Metaspace       used 52539K, committed 53696K, reserved 1114112K
  class space    used 5642K, committed 6144K, reserved 1048576K
}
Event: 4.701 GC heap after
{Heap after GC invocations=25 (full 2):
 PSYoungGen      total 22528K, used 768K [0x00000000eab00000, 0x00000000ec400000, 0x0000000100000000)
  eden space 21504K, 0% used [0x00000000eab00000,0x00000000eab00000,0x00000000ec000000)
  from space 1024K, 75% used [0x00000000ec280000,0x00000000ec340000,0x00000000ec380000)
  to   space 512K, 0% used [0x00000000ec380000,0x00000000ec380000,0x00000000ec400000)
 ParOldGen       total 68608K, used 31192K [0x00000000c0000000, 0x00000000c4300000, 0x00000000eab00000)
  object space 68608K, 45% used [0x00000000c0000000,0x00000000c1e760f0,0x00000000c4300000)
 Metaspace       used 52539K, committed 53696K, reserved 1114112K
  class space    used 5642K, committed 6144K, reserved 1048576K
}
Event: 4.820 GC heap before
{Heap before GC invocations=26 (full 2):
 PSYoungGen      total 22528K, used 22272K [0x00000000eab00000, 0x00000000ec400000, 0x0000000100000000)
  eden space 21504K, 100% used [0x00000000eab00000,0x00000000ec000000,0x00000000ec000000)
  from space 1024K, 75% used [0x00000000ec280000,0x00000000ec340000,0x00000000ec380000)
  to   space 512K, 0% used [0x00000000ec380000,0x00000000ec380000,0x00000000ec400000)
 ParOldGen       total 68608K, used 31192K [0x00000000c0000000, 0x00000000c4300000, 0x00000000eab00000)
  object space 68608K, 45% used [0x00000000c0000000,0x00000000c1e760f0,0x00000000c4300000)
 Metaspace       used 53871K, committed 54976K, reserved 1114112K
  class space    used 5789K, committed 6272K, reserved 1048576K
}
Event: 4.822 GC heap after
{Heap after GC invocations=26 (full 2):
 PSYoungGen      total 20992K, used 508K [0x00000000eab00000, 0x00000000ec900000, 0x0000000100000000)
  eden space 20480K, 0% used [0x00000000eab00000,0x00000000eab00000,0x00000000ebf00000)
  from space 512K, 99% used [0x00000000ec380000,0x00000000ec3ff148,0x00000000ec400000)
  to   space 4608K, 0% used [0x00000000ebf00000,0x00000000ebf00000,0x00000000ec380000)
 ParOldGen       total 68608K, used 34591K [0x00000000c0000000, 0x00000000c4300000, 0x00000000eab00000)
  object space 68608K, 50% used [0x00000000c0000000,0x00000000c21c7d88,0x00000000c4300000)
 Metaspace       used 53871K, committed 54976K, reserved 1114112K
  class space    used 5789K, committed 6272K, reserved 1048576K
}
Event: 5.085 GC heap before
{Heap before GC invocations=27 (full 2):
 PSYoungGen      total 20992K, used 20988K [0x00000000eab00000, 0x00000000ec900000, 0x0000000100000000)
  eden space 20480K, 100% used [0x00000000eab00000,0x00000000ebf00000,0x00000000ebf00000)
  from space 512K, 99% used [0x00000000ec380000,0x00000000ec3ff148,0x00000000ec400000)
  to   space 4608K, 0% used [0x00000000ebf00000,0x00000000ebf00000,0x00000000ec380000)
 ParOldGen       total 68608K, used 34591K [0x00000000c0000000, 0x00000000c4300000, 0x00000000eab00000)
  object space 68608K, 50% used [0x00000000c0000000,0x00000000c21c7d88,0x00000000c4300000)
 Metaspace       used 56114K, committed 57216K, reserved 1114112K
  class space    used 6048K, committed 6528K, reserved 1048576K
}
Event: 5.088 GC heap after
{Heap after GC invocations=27 (full 2):
 PSYoungGen      total 23040K, used 2409K [0x00000000eab00000, 0x00000000ec500000, 0x0000000100000000)
  eden space 20480K, 0% used [0x00000000eab00000,0x00000000eab00000,0x00000000ebf00000)
  from space 2560K, 94% used [0x00000000ebf00000,0x00000000ec15a420,0x00000000ec180000)
  to   space 3072K, 0% used [0x00000000ec200000,0x00000000ec200000,0x00000000ec500000)
 ParOldGen       total 68608K, used 35113K [0x00000000c0000000, 0x00000000c4300000, 0x00000000eab00000)
  object space 68608K, 51% used [0x00000000c0000000,0x00000000c224a580,0x00000000c4300000)
 Metaspace       used 56114K, committed 57216K, reserved 1114112K
  class space    used 6048K, committed 6528K, reserved 1048576K
}
Event: 5.289 GC heap before
{Heap before GC invocations=28 (full 2):
 PSYoungGen      total 23040K, used 22730K [0x00000000eab00000, 0x00000000ec500000, 0x0000000100000000)
  eden space 20480K, 99% used [0x00000000eab00000,0x00000000ebed8520,0x00000000ebf00000)
  from space 2560K, 94% used [0x00000000ebf00000,0x00000000ec15a420,0x00000000ec180000)
  to   space 3072K, 0% used [0x00000000ec200000,0x00000000ec200000,0x00000000ec500000)
 ParOldGen       total 68608K, used 35282K [0x00000000c0000000, 0x00000000c4300000, 0x00000000eab00000)
  object space 68608K, 51% used [0x00000000c0000000,0x00000000c2274b10,0x00000000c4300000)
 Metaspace       used 58298K, committed 59520K, reserved 1114112K
  class space    used 6280K, committed 6848K, reserved 1048576K
}
Event: 5.291 GC heap after
{Heap after GC invocations=28 (full 2):
 PSYoungGen      total 22016K, used 1321K [0x00000000eab00000, 0x00000000ec380000, 0x0000000100000000)
  eden space 20480K, 0% used [0x00000000eab00000,0x00000000eab00000,0x00000000ebf00000)
  from space 1536K, 86% used [0x00000000ec200000,0x00000000ec34a590,0x00000000ec380000)
  to   space 2048K, 0% used [0x00000000ebf80000,0x00000000ebf80000,0x00000000ec180000)
 ParOldGen       total 68608K, used 37579K [0x00000000c0000000, 0x00000000c4300000, 0x00000000eab00000)
  object space 68608K, 54% used [0x00000000c0000000,0x00000000c24b2c80,0x00000000c4300000)
 Metaspace       used 58298K, committed 59520K, reserved 1114112K
  class space    used 6280K, committed 6848K, reserved 1048576K
}
Event: 5.386 GC heap before
{Heap before GC invocations=29 (full 2):
 PSYoungGen      total 22016K, used 21801K [0x00000000eab00000, 0x00000000ec380000, 0x0000000100000000)
  eden space 20480K, 100% used [0x00000000eab00000,0x00000000ebf00000,0x00000000ebf00000)
  from space 1536K, 86% used [0x00000000ec200000,0x00000000ec34a590,0x00000000ec380000)
  to   space 2048K, 0% used [0x00000000ebf80000,0x00000000ebf80000,0x00000000ec180000)
 ParOldGen       total 68608K, used 37582K [0x00000000c0000000, 0x00000000c4300000, 0x00000000eab00000)
  object space 68608K, 54% used [0x00000000c0000000,0x00000000c24b38b8,0x00000000c4300000)
 Metaspace       used 58594K, committed 59776K, reserved 1114112K
  class space    used 6311K, committed 6848K, reserved 1048576K
}
Event: 5.388 GC heap after
{Heap after GC invocations=29 (full 2):
 PSYoungGen      total 21504K, used 904K [0x00000000eab00000, 0x00000000ec280000, 0x0000000100000000)
  eden space 20480K, 0% used [0x00000000eab00000,0x00000000eab00000,0x00000000ebf00000)
  from space 1024K, 88% used [0x00000000ebf80000,0x00000000ec062090,0x00000000ec080000)
  to   space 1536K, 0% used [0x00000000ec100000,0x00000000ec100000,0x00000000ec280000)
 ParOldGen       total 68608K, used 38738K [0x00000000c0000000, 0x00000000c4300000, 0x00000000eab00000)
  object space 68608K, 56% used [0x00000000c0000000,0x00000000c25d4890,0x00000000c4300000)
 Metaspace       used 58594K, committed 59776K, reserved 1114112K
  class space    used 6311K, committed 6848K, reserved 1048576K
}
Event: 5.426 GC heap before
{Heap before GC invocations=30 (full 2):
 PSYoungGen      total 21504K, used 16134K [0x00000000eab00000, 0x00000000ec280000, 0x0000000100000000)
  eden space 20480K, 74% used [0x00000000eab00000,0x00000000eb9dfa28,0x00000000ebf00000)
  from space 1024K, 88% used [0x00000000ebf80000,0x00000000ec062090,0x00000000ec080000)
  to   space 1536K, 0% used [0x00000000ec100000,0x00000000ec100000,0x00000000ec280000)
 ParOldGen       total 68608K, used 38738K [0x00000000c0000000, 0x00000000c4300000, 0x00000000eab00000)
  object space 68608K, 56% used [0x00000000c0000000,0x00000000c25d4890,0x00000000c4300000)
 Metaspace       used 58597K, committed 59776K, reserved 1114112K
  class space    used 6311K, committed 6848K, reserved 1048576K
}
Event: 5.427 GC heap after
{Heap after GC invocations=30 (full 2):
 PSYoungGen      total 20992K, used 32K [0x00000000eab00000, 0x00000000ec180000, 0x0000000100000000)
  eden space 20480K, 0% used [0x00000000eab00000,0x00000000eab00000,0x00000000ebf00000)
  from space 512K, 6% used [0x00000000ec100000,0x00000000ec108000,0x00000000ec180000)
  to   space 512K, 0% used [0x00000000ec080000,0x00000000ec080000,0x00000000ec100000)
 ParOldGen       total 68608K, used 38842K [0x00000000c0000000, 0x00000000c4300000, 0x00000000eab00000)
  object space 68608K, 56% used [0x00000000c0000000,0x00000000c25eebd0,0x00000000c4300000)
 Metaspace       used 58597K, committed 59776K, reserved 1114112K
  class space    used 6311K, committed 6848K, reserved 1048576K
}
Event: 5.427 GC heap before
{Heap before GC invocations=31 (full 3):
 PSYoungGen      total 20992K, used 32K [0x00000000eab00000, 0x00000000ec180000, 0x0000000100000000)
  eden space 20480K, 0% used [0x00000000eab00000,0x00000000eab00000,0x00000000ebf00000)
  from space 512K, 6% used [0x00000000ec100000,0x00000000ec108000,0x00000000ec180000)
  to   space 512K, 0% used [0x00000000ec080000,0x00000000ec080000,0x00000000ec100000)
 ParOldGen       total 68608K, used 38842K [0x00000000c0000000, 0x00000000c4300000, 0x00000000eab00000)
  object space 68608K, 56% used [0x00000000c0000000,0x00000000c25eebd0,0x00000000c4300000)
 Metaspace       used 58597K, committed 59776K, reserved 1114112K
  class space    used 6311K, committed 6848K, reserved 1048576K
}

