# JRE version: OpenJDK Runtime Environment Temurin-17.0.9+9 (17.0.9+9) (build 17.0.9+9)
# Java VM: OpenJDK 64-Bit Server VM Temurin-17.0.9+9 (17.0.9+9, mixed mode, tiered, compressed oops, compressed class ptrs, parallel gc, windows-amd64)
GC Precious Log:
 CPUs: 8 total, 8 available
 Memory: 16238M
 Large Page Support: Disabled
 NUMA Support: Disabled
 Compressed Oops: Enabled (32-bit)
 Alignments: Space 512K, Generation 512K, Heap 2M
 Heap Min Capacity: 100M
 Heap Initial Capacity: 100M
 Heap Max Capacity: 1G
 Pre-touch: Disabled
 Parallel Workers: 8
Heap:
 PSYoungGen      total 6656K, used 4220K [0x00000000eab00000, 0x00000000eb280000, 0x0000000100000000)
  eden space 5632K, 65% used [0x00000000eab00000,0x00000000eae97270,0x00000000eb080000)
  from space 1024K, 53% used [0x00000000eb180000,0x00000000eb208000,0x00000000eb280000)
  to   space 1024K, 0% used [0x00000000eb080000,0x00000000eb080000,0x00000000eb180000)
 ParOldGen       total 160256K, used 114389K [0x00000000c0000000, 0x00000000c9c80000, 0x00000000eab00000)
  object space 160256K, 71% used [0x00000000c0000000,0x00000000c6fb5718,0x00000000c9c80000)
 Metaspace       used 91585K, committed 93056K, reserved 1179648K
  class space    used 9106K, committed 9728K, reserved 1048576K
GC Heap History (20 events):
Event: 3994.748 GC heap before
{Heap before GC invocations=3625 (full 101):
 PSYoungGen      total 3584K, used 3568K [0x00000000eab00000, 0x00000000eb280000, 0x0000000100000000)
  eden space 2560K, 100% used [0x00000000eab00000,0x00000000ead80000,0x00000000ead80000)
  from space 1024K, 98% used [0x00000000eb080000,0x00000000eb17c1d0,0x00000000eb180000)
  to   space 2560K, 0% used [0x00000000ead80000,0x00000000ead80000,0x00000000eb000000)
 ParOldGen       total 163840K, used 157950K [0x00000000c0000000, 0x00000000ca000000, 0x00000000eab00000)
  object space 163840K, 96% used [0x00000000c0000000,0x00000000c9a3fbc8,0x00000000ca000000)
 Metaspace       used 91473K, committed 92992K, reserved 1179648K
  class space    used 9089K, committed 9728K, reserved 1048576K
}
Event: 3994.750 GC heap after
{Heap after GC invocations=3625 (full 101):
 PSYoungGen      total 5120K, used 2400K [0x00000000eab00000, 0x00000000eb280000, 0x0000000100000000)
  eden space 2560K, 0% used [0x00000000eab00000,0x00000000eab00000,0x00000000ead80000)
  from space 2560K, 93% used [0x00000000ead80000,0x00000000eafd8000,0x00000000eb000000)
  to   space 2560K, 0% used [0x00000000eb000000,0x00000000eb000000,0x00000000eb280000)
 ParOldGen       total 163840K, used 158975K [0x00000000c0000000, 0x00000000ca000000, 0x00000000eab00000)
  object space 163840K, 97% used [0x00000000c0000000,0x00000000c9b3fd98,0x00000000ca000000)
 Metaspace       used 91473K, committed 92992K, reserved 1179648K
  class space    used 9089K, committed 9728K, reserved 1048576K
}
Event: 3994.756 GC heap before
{Heap before GC invocations=3626 (full 101):
 PSYoungGen      total 5120K, used 4960K [0x00000000eab00000, 0x00000000eb280000, 0x0000000100000000)
  eden space 2560K, 100% used [0x00000000eab00000,0x00000000ead80000,0x00000000ead80000)
  from space 2560K, 93% used [0x00000000ead80000,0x00000000eafd8000,0x00000000eb000000)
  to   space 2560K, 0% used [0x00000000eb000000,0x00000000eb000000,0x00000000eb280000)
 ParOldGen       total 163840K, used 158975K [0x00000000c0000000, 0x00000000ca000000, 0x00000000eab00000)
  object space 163840K, 97% used [0x00000000c0000000,0x00000000c9b3fd98,0x00000000ca000000)
 Metaspace       used 91473K, committed 92992K, reserved 1179648K
  class space    used 9089K, committed 9728K, reserved 1048576K
}
Event: 3994.761 GC heap after
{Heap after GC invocations=3626 (full 101):
 PSYoungGen      total 5120K, used 2432K [0x00000000eab00000, 0x00000000eb300000, 0x0000000100000000)
  eden space 2560K, 0% used [0x00000000eab00000,0x00000000eab00000,0x00000000ead80000)
  from space 2560K, 95% used [0x00000000eb000000,0x00000000eb260000,0x00000000eb280000)
  to   space 2560K, 0% used [0x00000000ead80000,0x00000000ead80000,0x00000000eb000000)
 ParOldGen       total 163840K, used 161327K [0x00000000c0000000, 0x00000000ca000000, 0x00000000eab00000)
  object space 163840K, 98% used [0x00000000c0000000,0x00000000c9d8bd98,0x00000000ca000000)
 Metaspace       used 91473K, committed 92992K, reserved 1179648K
  class space    used 9089K, committed 9728K, reserved 1048576K
}
Event: 3994.761 GC heap before
{Heap before GC invocations=3627 (full 102):
 PSYoungGen      total 5120K, used 2432K [0x00000000eab00000, 0x00000000eb300000, 0x0000000100000000)
  eden space 2560K, 0% used [0x00000000eab00000,0x00000000eab00000,0x00000000ead80000)
  from space 2560K, 95% used [0x00000000eb000000,0x00000000eb260000,0x00000000eb280000)
  to   space 2560K, 0% used [0x00000000ead80000,0x00000000ead80000,0x00000000eb000000)
 ParOldGen       total 163840K, used 161327K [0x00000000c0000000, 0x00000000ca000000, 0x00000000eab00000)
  object space 163840K, 98% used [0x00000000c0000000,0x00000000c9d8bd98,0x00000000ca000000)
 Metaspace       used 91473K, committed 92992K, reserved 1179648K
  class space    used 9089K, committed 9728K, reserved 1048576K
}
Event: 3994.878 GC heap after
{Heap after GC invocations=3627 (full 102):
 PSYoungGen      total 5120K, used 0K [0x00000000eab00000, 0x00000000eb300000, 0x0000000100000000)
  eden space 2560K, 0% used [0x00000000eab00000,0x00000000eab00000,0x00000000ead80000)
  from space 2560K, 0% used [0x00000000ead80000,0x00000000ead80000,0x00000000eb000000)
  to   space 2560K, 0% used [0x00000000eb080000,0x00000000eb080000,0x00000000eb300000)
 ParOldGen       total 160256K, used 111604K [0x00000000c0000000, 0x00000000c9c80000, 0x00000000eab00000)
  object space 160256K, 69% used [0x00000000c0000000,0x00000000c6cfd2d8,0x00000000c9c80000)
 Metaspace       used 91473K, committed 92992K, reserved 1179648K
  class space    used 9089K, committed 9728K, reserved 1048576K
}
Event: 3994.883 GC heap before
{Heap before GC invocations=3628 (full 102):
 PSYoungGen      total 5120K, used 2560K [0x00000000eab00000, 0x00000000eb300000, 0x0000000100000000)
  eden space 2560K, 100% used [0x00000000eab00000,0x00000000ead80000,0x00000000ead80000)
  from space 2560K, 0% used [0x00000000ead80000,0x00000000ead80000,0x00000000eb000000)
  to   space 2560K, 0% used [0x00000000eb080000,0x00000000eb080000,0x00000000eb300000)
 ParOldGen       total 160256K, used 111604K [0x00000000c0000000, 0x00000000c9c80000, 0x00000000eab00000)
  object space 160256K, 69% used [0x00000000c0000000,0x00000000c6cfd2d8,0x00000000c9c80000)
 Metaspace       used 91473K, committed 92992K, reserved 1179648K
  class space    used 9089K, committed 9728K, reserved 1048576K
}
Event: 3994.884 GC heap after
{Heap after GC invocations=3628 (full 102):
 PSYoungGen      total 4096K, used 768K [0x00000000eab00000, 0x00000000eb180000, 0x0000000100000000)
  eden space 3072K, 0% used [0x00000000eab00000,0x00000000eab00000,0x00000000eae00000)
  from space 1024K, 75% used [0x00000000eb080000,0x00000000eb140000,0x00000000eb180000)
  to   space 1536K, 0% used [0x00000000eae80000,0x00000000eae80000,0x00000000eb000000)
 ParOldGen       total 160256K, used 111604K [0x00000000c0000000, 0x00000000c9c80000, 0x00000000eab00000)
  object space 160256K, 69% used [0x00000000c0000000,0x00000000c6cfd2d8,0x00000000c9c80000)
 Metaspace       used 91473K, committed 92992K, reserved 1179648K
  class space    used 9089K, committed 9728K, reserved 1048576K
}
Event: 3994.889 GC heap before
{Heap before GC invocations=3629 (full 102):
 PSYoungGen      total 4096K, used 3840K [0x00000000eab00000, 0x00000000eb180000, 0x0000000100000000)
  eden space 3072K, 100% used [0x00000000eab00000,0x00000000eae00000,0x00000000eae00000)
  from space 1024K, 75% used [0x00000000eb080000,0x00000000eb140000,0x00000000eb180000)
  to   space 1536K, 0% used [0x00000000eae80000,0x00000000eae80000,0x00000000eb000000)
 ParOldGen       total 160256K, used 111604K [0x00000000c0000000, 0x00000000c9c80000, 0x00000000eab00000)
  object space 160256K, 69% used [0x00000000c0000000,0x00000000c6cfd2d8,0x00000000c9c80000)
 Metaspace       used 91473K, committed 92992K, reserved 1179648K
  class space    used 9089K, committed 9728K, reserved 1048576K
}
Event: 3994.892 GC heap after
{Heap after GC invocations=3629 (full 102):
 PSYoungGen      total 5120K, used 608K [0x00000000eab00000, 0x00000000eb100000, 0x0000000100000000)
  eden space 3584K, 0% used [0x00000000eab00000,0x00000000eab00000,0x00000000eae80000)
  from space 1536K, 39% used [0x00000000eae80000,0x00000000eaf18000,0x00000000eb000000)
  to   space 1024K, 0% used [0x00000000eb000000,0x00000000eb000000,0x00000000eb100000)
 ParOldGen       total 160256K, used 112260K [0x00000000c0000000, 0x00000000c9c80000, 0x00000000eab00000)
  object space 160256K, 70% used [0x00000000c0000000,0x00000000c6da12d8,0x00000000c9c80000)
 Metaspace       used 91473K, committed 92992K, reserved 1179648K
  class space    used 9089K, committed 9728K, reserved 1048576K
}
Event: 3994.900 GC heap before
{Heap before GC invocations=3630 (full 102):
 PSYoungGen      total 5120K, used 4192K [0x00000000eab00000, 0x00000000eb100000, 0x0000000100000000)
  eden space 3584K, 100% used [0x00000000eab00000,0x00000000eae80000,0x00000000eae80000)
  from space 1536K, 39% used [0x00000000eae80000,0x00000000eaf18000,0x00000000eb000000)
  to   space 1024K, 0% used [0x00000000eb000000,0x00000000eb000000,0x00000000eb100000)
 ParOldGen       total 160256K, used 112260K [0x00000000c0000000, 0x00000000c9c80000, 0x00000000eab00000)
  object space 160256K, 70% used [0x00000000c0000000,0x00000000c6da12d8,0x00000000c9c80000)
 Metaspace       used 91473K, committed 92992K, reserved 1179648K
  class space    used 9089K, committed 9728K, reserved 1048576K
}
Event: 3994.901 GC heap after
{Heap after GC invocations=3630 (full 102):
 PSYoungGen      total 5120K, used 692K [0x00000000eab00000, 0x00000000eb180000, 0x0000000100000000)
  eden space 4096K, 0% used [0x00000000eab00000,0x00000000eab00000,0x00000000eaf00000)
  from space 1024K, 67% used [0x00000000eb000000,0x00000000eb0ad200,0x00000000eb100000)
  to   space 1024K, 0% used [0x00000000eaf00000,0x00000000eaf00000,0x00000000eb000000)
 ParOldGen       total 160256K, used 112700K [0x00000000c0000000, 0x00000000c9c80000, 0x00000000eab00000)
  object space 160256K, 70% used [0x00000000c0000000,0x00000000c6e0f2d8,0x00000000c9c80000)
 Metaspace       used 91473K, committed 92992K, reserved 1179648K
  class space    used 9089K, committed 9728K, reserved 1048576K
}
Event: 3994.908 GC heap before
{Heap before GC invocations=3631 (full 102):
 PSYoungGen      total 5120K, used 4788K [0x00000000eab00000, 0x00000000eb180000, 0x0000000100000000)
  eden space 4096K, 100% used [0x00000000eab00000,0x00000000eaf00000,0x00000000eaf00000)
  from space 1024K, 67% used [0x00000000eb000000,0x00000000eb0ad200,0x00000000eb100000)
  to   space 1024K, 0% used [0x00000000eaf00000,0x00000000eaf00000,0x00000000eb000000)
 ParOldGen       total 160256K, used 112700K [0x00000000c0000000, 0x00000000c9c80000, 0x00000000eab00000)
  object space 160256K, 70% used [0x00000000c0000000,0x00000000c6e0f2d8,0x00000000c9c80000)
 Metaspace       used 91473K, committed 92992K, reserved 1179648K
  class space    used 9089K, committed 9728K, reserved 1048576K
}
Event: 3994.909 GC heap after
{Heap after GC invocations=3631 (full 102):
 PSYoungGen      total 5120K, used 762K [0x00000000eab00000, 0x00000000eb200000, 0x0000000100000000)
  eden space 4096K, 0% used [0x00000000eab00000,0x00000000eab00000,0x00000000eaf00000)
  from space 1024K, 74% used [0x00000000eaf00000,0x00000000eafbe900,0x00000000eb000000)
  to   space 1024K, 0% used [0x00000000eb100000,0x00000000eb100000,0x00000000eb200000)
 ParOldGen       total 160256K, used 113140K [0x00000000c0000000, 0x00000000c9c80000, 0x00000000eab00000)
  object space 160256K, 70% used [0x00000000c0000000,0x00000000c6e7d2d8,0x00000000c9c80000)
 Metaspace       used 91473K, committed 92992K, reserved 1179648K
  class space    used 9089K, committed 9728K, reserved 1048576K
}
Event: 3995.375 GC heap before
{Heap before GC invocations=3632 (full 102):
 PSYoungGen      total 5120K, used 4858K [0x00000000eab00000, 0x00000000eb200000, 0x0000000100000000)
  eden space 4096K, 99% used [0x00000000eab00000,0x00000000eaeffff0,0x00000000eaf00000)
  from space 1024K, 74% used [0x00000000eaf00000,0x00000000eafbe900,0x00000000eb000000)
  to   space 1024K, 0% used [0x00000000eb100000,0x00000000eb100000,0x00000000eb200000)
 ParOldGen       total 160256K, used 113140K [0x00000000c0000000, 0x00000000c9c80000, 0x00000000eab00000)
  object space 160256K, 70% used [0x00000000c0000000,0x00000000c6e7d2d8,0x00000000c9c80000)
 Metaspace       used 91474K, committed 92992K, reserved 1179648K
  class space    used 9089K, committed 9728K, reserved 1048576K
}
Event: 3995.379 GC heap after
{Heap after GC invocations=3632 (full 102):
 PSYoungGen      total 6144K, used 644K [0x00000000eab00000, 0x00000000eb200000, 0x0000000100000000)
  eden space 5120K, 0% used [0x00000000eab00000,0x00000000eab00000,0x00000000eb000000)
  from space 1024K, 62% used [0x00000000eb100000,0x00000000eb1a1210,0x00000000eb200000)
  to   space 1024K, 0% used [0x00000000eb000000,0x00000000eb000000,0x00000000eb100000)
 ParOldGen       total 160256K, used 113825K [0x00000000c0000000, 0x00000000c9c80000, 0x00000000eab00000)
  object space 160256K, 71% used [0x00000000c0000000,0x00000000c6f284f8,0x00000000c9c80000)
 Metaspace       used 91474K, committed 92992K, reserved 1179648K
  class space    used 9089K, committed 9728K, reserved 1048576K
}
Event: 3995.402 GC heap before
{Heap before GC invocations=3633 (full 102):
 PSYoungGen      total 6144K, used 5764K [0x00000000eab00000, 0x00000000eb200000, 0x0000000100000000)
  eden space 5120K, 100% used [0x00000000eab00000,0x00000000eb000000,0x00000000eb000000)
  from space 1024K, 62% used [0x00000000eb100000,0x00000000eb1a1210,0x00000000eb200000)
  to   space 1024K, 0% used [0x00000000eb000000,0x00000000eb000000,0x00000000eb100000)
 ParOldGen       total 160256K, used 113825K [0x00000000c0000000, 0x00000000c9c80000, 0x00000000eab00000)
  object space 160256K, 71% used [0x00000000c0000000,0x00000000c6f284f8,0x00000000c9c80000)
 Metaspace       used 91474K, committed 92992K, reserved 1179648K
  class space    used 9089K, committed 9728K, reserved 1048576K
}
Event: 3995.403 GC heap after
{Heap after GC invocations=3633 (full 102):
 PSYoungGen      total 6144K, used 948K [0x00000000eab00000, 0x00000000eb280000, 0x0000000100000000)
  eden space 5120K, 0% used [0x00000000eab00000,0x00000000eab00000,0x00000000eb000000)
  from space 1024K, 92% used [0x00000000eb000000,0x00000000eb0ed200,0x00000000eb100000)
  to   space 1024K, 0% used [0x00000000eb180000,0x00000000eb180000,0x00000000eb280000)
 ParOldGen       total 160256K, used 114389K [0x00000000c0000000, 0x00000000c9c80000, 0x00000000eab00000)
  object space 160256K, 71% used [0x00000000c0000000,0x00000000c6fb5718,0x00000000c9c80000)
 Metaspace       used 91474K, committed 92992K, reserved 1179648K
  class space    used 9089K, committed 9728K, reserved 1048576K
}
Event: 4144.375 GC heap before
{Heap before GC invocations=3634 (full 102):
 PSYoungGen      total 6144K, used 6068K [0x00000000eab00000, 0x00000000eb280000, 0x0000000100000000)
  eden space 5120K, 100% used [0x00000000eab00000,0x00000000eb000000,0x00000000eb000000)
  from space 1024K, 92% used [0x00000000eb000000,0x00000000eb0ed200,0x00000000eb100000)
  to   space 1024K, 0% used [0x00000000eb180000,0x00000000eb180000,0x00000000eb280000)
 ParOldGen       total 160256K, used 114389K [0x00000000c0000000, 0x00000000c9c80000, 0x00000000eab00000)
  object space 160256K, 71% used [0x00000000c0000000,0x00000000c6fb5718,0x00000000c9c80000)
 Metaspace       used 91477K, committed 92992K, reserved 1179648K
  class space    used 9089K, committed 9728K, reserved 1048576K
}
Event: 4144.377 GC heap after
{Heap after GC invocations=3634 (full 102):
 PSYoungGen      total 6656K, used 544K [0x00000000eab00000, 0x00000000eb280000, 0x0000000100000000)
  eden space 5632K, 0% used [0x00000000eab00000,0x00000000eab00000,0x00000000eb080000)
  from space 1024K, 53% used [0x00000000eb180000,0x00000000eb208000,0x00000000eb280000)
  to   space 1024K, 0% used [0x00000000eb080000,0x00000000eb080000,0x00000000eb180000)
 ParOldGen       total 160256K, used 114389K [0x00000000c0000000, 0x00000000c9c80000, 0x00000000eab00000)
  object space 160256K, 71% used [0x00000000c0000000,0x00000000c6fb5718,0x00000000c9c80000)
 Metaspace       used 91477K, committed 92992K, reserved 1179648K
  class space    used 9089K, committed 9728K, reserved 1048576K
}

