# JRE version: OpenJDK Runtime Environment Temurin-17.0.9+9 (17.0.9+9) (build 17.0.9+9)
# Java VM: OpenJDK 64-Bit Server VM Temurin-17.0.9+9 (17.0.9+9, mixed mode, tiered, compressed oops, compressed class ptrs, parallel gc, windows-amd64)
GC Precious Log:
 CPUs: 8 total, 8 available
 Memory: 16238M
 Large Page Support: Disabled
 NUMA Support: Disabled
 Compressed Oops: Enabled (32-bit)
 Alignments: Space 512K, Generation 512K, Heap 2M
 Heap Min Capacity: 100M
 Heap Initial Capacity: 100M
 Heap Max Capacity: 1G
 Pre-touch: Disabled
 Parallel Workers: 8
Heap:
 PSYoungGen      total 3072K, used 493K [0x00000000eab00000, 0x00000000eb480000, 0x0000000100000000)
  eden space 2560K, 0% used [0x00000000eab00000,0x00000000eab00000,0x00000000ead80000)
  from space 512K, 96% used [0x00000000eae00000,0x00000000eae7b5a0,0x00000000eae80000)
  to   space 3584K, 0% used [0x00000000eb100000,0x00000000eb100000,0x00000000eb480000)
 ParOldGen       total 178688K, used 177228K [0x00000000c0000000, 0x00000000cae80000, 0x00000000eab00000)
  object space 178688K, 99% used [0x00000000c0000000,0x00000000cad13328,0x00000000cae80000)
 Metaspace       used 91931K, committed 93504K, reserved 1179648K
  class space    used 9790K, committed 10496K, reserved 1048576K
GC Heap History (20 events):
Event: 1436.644 GC heap after
{Heap after GC invocations=627 (full 19):
 PSYoungGen      total 3072K, used 404K [0x00000000eab00000, 0x00000000eb000000, 0x0000000100000000)
  eden space 2560K, 0% used [0x00000000eab00000,0x00000000eab00000,0x00000000ead80000)
  from space 512K, 79% used [0x00000000eaf80000,0x00000000eafe5200,0x00000000eb000000)
  to   space 512K, 0% used [0x00000000eaf00000,0x00000000eaf00000,0x00000000eaf80000)
 ParOldGen       total 178688K, used 171847K [0x00000000c0000000, 0x00000000cae80000, 0x00000000eab00000)
  object space 178688K, 96% used [0x00000000c0000000,0x00000000ca7d1c80,0x00000000cae80000)
 Metaspace       used 91837K, committed 93376K, reserved 1179648K
  class space    used 9788K, committed 10496K, reserved 1048576K
}
Event: 1436.669 GC heap before
{Heap before GC invocations=628 (full 19):
 PSYoungGen      total 3072K, used 2964K [0x00000000eab00000, 0x00000000eb000000, 0x0000000100000000)
  eden space 2560K, 100% used [0x00000000eab00000,0x00000000ead80000,0x00000000ead80000)
  from space 512K, 79% used [0x00000000eaf80000,0x00000000eafe5200,0x00000000eb000000)
  to   space 512K, 0% used [0x00000000eaf00000,0x00000000eaf00000,0x00000000eaf80000)
 ParOldGen       total 178688K, used 171847K [0x00000000c0000000, 0x00000000cae80000, 0x00000000eab00000)
  object space 178688K, 96% used [0x00000000c0000000,0x00000000ca7d1c80,0x00000000cae80000)
 Metaspace       used 91839K, committed 93376K, reserved 1179648K
  class space    used 9788K, committed 10496K, reserved 1048576K
}
Event: 1436.671 GC heap after
{Heap after GC invocations=628 (full 19):
 PSYoungGen      total 3072K, used 496K [0x00000000eab00000, 0x00000000eb000000, 0x0000000100000000)
  eden space 2560K, 0% used [0x00000000eab00000,0x00000000eab00000,0x00000000ead80000)
  from space 512K, 96% used [0x00000000eaf00000,0x00000000eaf7c030,0x00000000eaf80000)
  to   space 512K, 0% used [0x00000000eaf80000,0x00000000eaf80000,0x00000000eb000000)
 ParOldGen       total 178688K, used 172075K [0x00000000c0000000, 0x00000000cae80000, 0x00000000eab00000)
  object space 178688K, 96% used [0x00000000c0000000,0x00000000ca80ae80,0x00000000cae80000)
 Metaspace       used 91839K, committed 93376K, reserved 1179648K
  class space    used 9788K, committed 10496K, reserved 1048576K
}
Event: 1436.754 GC heap before
{Heap before GC invocations=629 (full 19):
 PSYoungGen      total 3072K, used 3056K [0x00000000eab00000, 0x00000000eb000000, 0x0000000100000000)
  eden space 2560K, 100% used [0x00000000eab00000,0x00000000ead80000,0x00000000ead80000)
  from space 512K, 96% used [0x00000000eaf00000,0x00000000eaf7c030,0x00000000eaf80000)
  to   space 512K, 0% used [0x00000000eaf80000,0x00000000eaf80000,0x00000000eb000000)
 ParOldGen       total 178688K, used 172075K [0x00000000c0000000, 0x00000000cae80000, 0x00000000eab00000)
  object space 178688K, 96% used [0x00000000c0000000,0x00000000ca80ae80,0x00000000cae80000)
 Metaspace       used 91861K, committed 93376K, reserved 1179648K
  class space    used 9788K, committed 10496K, reserved 1048576K
}
Event: 1436.757 GC heap after
{Heap after GC invocations=629 (full 19):
 PSYoungGen      total 3072K, used 509K [0x00000000eab00000, 0x00000000eb080000, 0x0000000100000000)
  eden space 2560K, 0% used [0x00000000eab00000,0x00000000eab00000,0x00000000ead80000)
  from space 512K, 99% used [0x00000000eaf80000,0x00000000eafff638,0x00000000eb000000)
  to   space 1536K, 0% used [0x00000000ead80000,0x00000000ead80000,0x00000000eaf00000)
 ParOldGen       total 178688K, used 172611K [0x00000000c0000000, 0x00000000cae80000, 0x00000000eab00000)
  object space 178688K, 96% used [0x00000000c0000000,0x00000000ca890ec0,0x00000000cae80000)
 Metaspace       used 91861K, committed 93376K, reserved 1179648K
  class space    used 9788K, committed 10496K, reserved 1048576K
}
Event: 1436.930 GC heap before
{Heap before GC invocations=630 (full 19):
 PSYoungGen      total 3072K, used 3069K [0x00000000eab00000, 0x00000000eb080000, 0x0000000100000000)
  eden space 2560K, 100% used [0x00000000eab00000,0x00000000ead80000,0x00000000ead80000)
  from space 512K, 99% used [0x00000000eaf80000,0x00000000eafff638,0x00000000eb000000)
  to   space 1536K, 0% used [0x00000000ead80000,0x00000000ead80000,0x00000000eaf00000)
 ParOldGen       total 178688K, used 174090K [0x00000000c0000000, 0x00000000cae80000, 0x00000000eab00000)
  object space 178688K, 97% used [0x00000000c0000000,0x00000000caa02bd8,0x00000000cae80000)
 Metaspace       used 91886K, committed 93440K, reserved 1179648K
  class space    used 9790K, committed 10496K, reserved 1048576K
}
Event: 1436.932 GC heap after
{Heap after GC invocations=630 (full 19):
 PSYoungGen      total 4096K, used 576K [0x00000000eab00000, 0x00000000eb000000, 0x0000000100000000)
  eden space 2560K, 0% used [0x00000000eab00000,0x00000000eab00000,0x00000000ead80000)
  from space 1536K, 37% used [0x00000000ead80000,0x00000000eae10040,0x00000000eaf00000)
  to   space 1024K, 0% used [0x00000000eaf00000,0x00000000eaf00000,0x00000000eb000000)
 ParOldGen       total 178688K, used 174391K [0x00000000c0000000, 0x00000000cae80000, 0x00000000eab00000)
  object space 178688K, 97% used [0x00000000c0000000,0x00000000caa4df18,0x00000000cae80000)
 Metaspace       used 91886K, committed 93440K, reserved 1179648K
  class space    used 9790K, committed 10496K, reserved 1048576K
}
Event: 1437.039 GC heap before
{Heap before GC invocations=631 (full 19):
 PSYoungGen      total 4096K, used 3136K [0x00000000eab00000, 0x00000000eb000000, 0x0000000100000000)
  eden space 2560K, 99% used [0x00000000eab00000,0x00000000ead7fff8,0x00000000ead80000)
  from space 1536K, 37% used [0x00000000ead80000,0x00000000eae10040,0x00000000eaf00000)
  to   space 1024K, 0% used [0x00000000eaf00000,0x00000000eaf00000,0x00000000eb000000)
 ParOldGen       total 178688K, used 174391K [0x00000000c0000000, 0x00000000cae80000, 0x00000000eab00000)
  object space 178688K, 97% used [0x00000000c0000000,0x00000000caa4df18,0x00000000cae80000)
 Metaspace       used 91891K, committed 93440K, reserved 1179648K
  class space    used 9790K, committed 10496K, reserved 1048576K
}
Event: 1437.040 GC heap after
{Heap after GC invocations=631 (full 19):
 PSYoungGen      total 3072K, used 442K [0x00000000eab00000, 0x00000000eaf80000, 0x0000000100000000)
  eden space 2560K, 0% used [0x00000000eab00000,0x00000000eab00000,0x00000000ead80000)
  from space 512K, 86% used [0x00000000eaf00000,0x00000000eaf6e900,0x00000000eaf80000)
  to   space 1024K, 0% used [0x00000000ead80000,0x00000000ead80000,0x00000000eae80000)
 ParOldGen       total 178688K, used 174860K [0x00000000c0000000, 0x00000000cae80000, 0x00000000eab00000)
  object space 178688K, 97% used [0x00000000c0000000,0x00000000caac3328,0x00000000cae80000)
 Metaspace       used 91891K, committed 93440K, reserved 1179648K
  class space    used 9790K, committed 10496K, reserved 1048576K
}
Event: 1437.054 GC heap before
{Heap before GC invocations=632 (full 19):
 PSYoungGen      total 3072K, used 3002K [0x00000000eab00000, 0x00000000eaf80000, 0x0000000100000000)
  eden space 2560K, 99% used [0x00000000eab00000,0x00000000ead7fff0,0x00000000ead80000)
  from space 512K, 86% used [0x00000000eaf00000,0x00000000eaf6e900,0x00000000eaf80000)
  to   space 1024K, 0% used [0x00000000ead80000,0x00000000ead80000,0x00000000eae80000)
 ParOldGen       total 178688K, used 174860K [0x00000000c0000000, 0x00000000cae80000, 0x00000000eab00000)
  object space 178688K, 97% used [0x00000000c0000000,0x00000000caac3328,0x00000000cae80000)
 Metaspace       used 91903K, committed 93440K, reserved 1179648K
  class space    used 9790K, committed 10496K, reserved 1048576K
}
Event: 1437.056 GC heap after
{Heap after GC invocations=632 (full 19):
 PSYoungGen      total 3584K, used 842K [0x00000000eab00000, 0x00000000eaf80000, 0x0000000100000000)
  eden space 2560K, 0% used [0x00000000eab00000,0x00000000eab00000,0x00000000ead80000)
  from space 1024K, 82% used [0x00000000ead80000,0x00000000eae52910,0x00000000eae80000)
  to   space 1024K, 0% used [0x00000000eae80000,0x00000000eae80000,0x00000000eaf80000)
 ParOldGen       total 178688K, used 174860K [0x00000000c0000000, 0x00000000cae80000, 0x00000000eab00000)
  object space 178688K, 97% used [0x00000000c0000000,0x00000000caac3328,0x00000000cae80000)
 Metaspace       used 91903K, committed 93440K, reserved 1179648K
  class space    used 9790K, committed 10496K, reserved 1048576K
}
Event: 1437.070 GC heap before
{Heap before GC invocations=633 (full 19):
 PSYoungGen      total 3584K, used 3402K [0x00000000eab00000, 0x00000000eaf80000, 0x0000000100000000)
  eden space 2560K, 100% used [0x00000000eab00000,0x00000000ead80000,0x00000000ead80000)
  from space 1024K, 82% used [0x00000000ead80000,0x00000000eae52910,0x00000000eae80000)
  to   space 1024K, 0% used [0x00000000eae80000,0x00000000eae80000,0x00000000eaf80000)
 ParOldGen       total 178688K, used 174860K [0x00000000c0000000, 0x00000000cae80000, 0x00000000eab00000)
  object space 178688K, 97% used [0x00000000c0000000,0x00000000caac3328,0x00000000cae80000)
 Metaspace       used 91904K, committed 93440K, reserved 1179648K
  class space    used 9790K, committed 10496K, reserved 1048576K
}
Event: 1437.072 GC heap after
{Heap after GC invocations=633 (full 19):
 PSYoungGen      total 3584K, used 586K [0x00000000eab00000, 0x00000000eaf80000, 0x0000000100000000)
  eden space 2560K, 0% used [0x00000000eab00000,0x00000000eab00000,0x00000000ead80000)
  from space 1024K, 57% used [0x00000000eae80000,0x00000000eaf12910,0x00000000eaf80000)
  to   space 1024K, 0% used [0x00000000ead80000,0x00000000ead80000,0x00000000eae80000)
 ParOldGen       total 178688K, used 174908K [0x00000000c0000000, 0x00000000cae80000, 0x00000000eab00000)
  object space 178688K, 97% used [0x00000000c0000000,0x00000000caacf328,0x00000000cae80000)
 Metaspace       used 91904K, committed 93440K, reserved 1179648K
  class space    used 9790K, committed 10496K, reserved 1048576K
}
Event: 1437.130 GC heap before
{Heap before GC invocations=634 (full 19):
 PSYoungGen      total 3584K, used 3146K [0x00000000eab00000, 0x00000000eaf80000, 0x0000000100000000)
  eden space 2560K, 99% used [0x00000000eab00000,0x00000000ead7ffa0,0x00000000ead80000)
  from space 1024K, 57% used [0x00000000eae80000,0x00000000eaf12910,0x00000000eaf80000)
  to   space 1024K, 0% used [0x00000000ead80000,0x00000000ead80000,0x00000000eae80000)
 ParOldGen       total 178688K, used 174908K [0x00000000c0000000, 0x00000000cae80000, 0x00000000eab00000)
  object space 178688K, 97% used [0x00000000c0000000,0x00000000caacf328,0x00000000cae80000)
 Metaspace       used 91909K, committed 93440K, reserved 1179648K
  class space    used 9790K, committed 10496K, reserved 1048576K
}
Event: 1437.131 GC heap after
{Heap after GC invocations=634 (full 19):
 PSYoungGen      total 3584K, used 160K [0x00000000eab00000, 0x00000000eaf00000, 0x0000000100000000)
  eden space 2560K, 0% used [0x00000000eab00000,0x00000000eab00000,0x00000000ead80000)
  from space 1024K, 15% used [0x00000000ead80000,0x00000000eada8000,0x00000000eae80000)
  to   space 512K, 0% used [0x00000000eae80000,0x00000000eae80000,0x00000000eaf00000)
 ParOldGen       total 178688K, used 174924K [0x00000000c0000000, 0x00000000cae80000, 0x00000000eab00000)
  object space 178688K, 97% used [0x00000000c0000000,0x00000000caad3328,0x00000000cae80000)
 Metaspace       used 91909K, committed 93440K, reserved 1179648K
  class space    used 9790K, committed 10496K, reserved 1048576K
}
Event: 1438.343 GC heap before
{Heap before GC invocations=635 (full 19):
 PSYoungGen      total 3584K, used 2590K [0x00000000eab00000, 0x00000000eaf00000, 0x0000000100000000)
  eden space 2560K, 94% used [0x00000000eab00000,0x00000000ead5faf8,0x00000000ead80000)
  from space 1024K, 15% used [0x00000000ead80000,0x00000000eada8000,0x00000000eae80000)
  to   space 512K, 0% used [0x00000000eae80000,0x00000000eae80000,0x00000000eaf00000)
 ParOldGen       total 178688K, used 174924K [0x00000000c0000000, 0x00000000cae80000, 0x00000000eab00000)
  object space 178688K, 97% used [0x00000000c0000000,0x00000000caad3328,0x00000000cae80000)
 Metaspace       used 91931K, committed 93504K, reserved 1179648K
  class space    used 9790K, committed 10496K, reserved 1048576K
}
Event: 1438.344 GC heap after
{Heap after GC invocations=635 (full 19):
 PSYoungGen      total 3072K, used 307K [0x00000000eab00000, 0x00000000eaf00000, 0x0000000100000000)
  eden space 2560K, 0% used [0x00000000eab00000,0x00000000eab00000,0x00000000ead80000)
  from space 512K, 60% used [0x00000000eae80000,0x00000000eaeccf50,0x00000000eaf00000)
  to   space 512K, 0% used [0x00000000eae00000,0x00000000eae00000,0x00000000eae80000)
 ParOldGen       total 178688K, used 174948K [0x00000000c0000000, 0x00000000cae80000, 0x00000000eab00000)
  object space 178688K, 97% used [0x00000000c0000000,0x00000000caad9328,0x00000000cae80000)
 Metaspace       used 91931K, committed 93504K, reserved 1179648K
  class space    used 9790K, committed 10496K, reserved 1048576K
}
Event: 1438.349 GC heap before
{Heap before GC invocations=636 (full 19):
 PSYoungGen      total 3072K, used 2867K [0x00000000eab00000, 0x00000000eaf00000, 0x0000000100000000)
  eden space 2560K, 100% used [0x00000000eab00000,0x00000000ead80000,0x00000000ead80000)
  from space 512K, 60% used [0x00000000eae80000,0x00000000eaeccf50,0x00000000eaf00000)
  to   space 512K, 0% used [0x00000000eae00000,0x00000000eae00000,0x00000000eae80000)
 ParOldGen       total 178688K, used 174948K [0x00000000c0000000, 0x00000000cae80000, 0x00000000eab00000)
  object space 178688K, 97% used [0x00000000c0000000,0x00000000caad9328,0x00000000cae80000)
 Metaspace       used 91931K, committed 93504K, reserved 1179648K
  class space    used 9790K, committed 10496K, reserved 1048576K
}
Event: 1438.351 GC heap after
{Heap after GC invocations=636 (full 19):
 PSYoungGen      total 3072K, used 493K [0x00000000eab00000, 0x00000000eb480000, 0x0000000100000000)
  eden space 2560K, 0% used [0x00000000eab00000,0x00000000eab00000,0x00000000ead80000)
  from space 512K, 96% used [0x00000000eae00000,0x00000000eae7b5a0,0x00000000eae80000)
  to   space 3584K, 0% used [0x00000000eb100000,0x00000000eb100000,0x00000000eb480000)
 ParOldGen       total 178688K, used 177228K [0x00000000c0000000, 0x00000000cae80000, 0x00000000eab00000)
  object space 178688K, 99% used [0x00000000c0000000,0x00000000cad13328,0x00000000cae80000)
 Metaspace       used 91931K, committed 93504K, reserved 1179648K
  class space    used 9790K, committed 10496K, reserved 1048576K
}
Event: 1438.351 GC heap before
{Heap before GC invocations=637 (full 20):
 PSYoungGen      total 3072K, used 493K [0x00000000eab00000, 0x00000000eb480000, 0x0000000100000000)
  eden space 2560K, 0% used [0x00000000eab00000,0x00000000eab00000,0x00000000ead80000)
  from space 512K, 96% used [0x00000000eae00000,0x00000000eae7b5a0,0x00000000eae80000)
  to   space 3584K, 0% used [0x00000000eb100000,0x00000000eb100000,0x00000000eb480000)
 ParOldGen       total 178688K, used 177228K [0x00000000c0000000, 0x00000000cae80000, 0x00000000eab00000)
  object space 178688K, 99% used [0x00000000c0000000,0x00000000cad13328,0x00000000cae80000)
 Metaspace       used 91931K, committed 93504K, reserved 1179648K
  class space    used 9790K, committed 10496K, reserved 1048576K
}

