# JRE version: OpenJDK Runtime Environment Temurin-17.0.9+9 (17.0.9+9) (build 17.0.9+9)
# Java VM: OpenJDK 64-Bit Server VM Temurin-17.0.9+9 (17.0.9+9, mixed mode, tiered, compressed oops, compressed class ptrs, parallel gc, windows-amd64)
GC Precious Log:
 CPUs: 8 total, 8 available
 Memory: 16238M
 Large Page Support: Disabled
 NUMA Support: Disabled
 Compressed Oops: Enabled (32-bit)
 Alignments: Space 512K, Generation 512K, Heap 2M
 Heap Min Capacity: 100M
 Heap Initial Capacity: 100M
 Heap Max Capacity: 1G
 Pre-touch: Disabled
 Parallel Workers: 8
Heap:
 PSYoungGen      total 24576K, used 10669K [0x00000000eab00000, 0x00000000ec600000, 0x0000000100000000)
  eden space 22016K, 37% used [0x00000000eab00000,0x00000000eb323188,0x00000000ec080000)
  from space 2560K, 91% used [0x00000000ec280000,0x00000000ec4c8388,0x00000000ec500000)
  to   space 1024K, 0% used [0x00000000ec500000,0x00000000ec500000,0x00000000ec600000)
 ParOldGen       total 68608K, used 48103K [0x00000000c0000000, 0x00000000c4300000, 0x00000000eab00000)
  object space 68608K, 70% used [0x00000000c0000000,0x00000000c2ef9c20,0x00000000c4300000)
 Metaspace       used 65052K, committed 66368K, reserved 1114112K
  class space    used 6891K, committed 7424K, reserved 1048576K
GC Heap History (20 events):
Event: 9.249 GC heap before
{Heap before GC invocations=33 (full 3):
 PSYoungGen      total 23552K, used 23545K [0x00000000eab00000, 0x00000000ec580000, 0x0000000100000000)
  eden space 22016K, 100% used [0x00000000eab00000,0x00000000ec080000,0x00000000ec080000)
  from space 1536K, 99% used [0x00000000ec080000,0x00000000ec1fe470,0x00000000ec200000)
  to   space 2560K, 0% used [0x00000000ec300000,0x00000000ec300000,0x00000000ec580000)
 ParOldGen       total 68608K, used 31751K [0x00000000c0000000, 0x00000000c4300000, 0x00000000eab00000)
  object space 68608K, 46% used [0x00000000c0000000,0x00000000c1f01c58,0x00000000c4300000)
 Metaspace       used 61924K, committed 63104K, reserved 1114112K
  class space    used 6633K, committed 7168K, reserved 1048576K
}
Event: 9.253 GC heap after
{Heap after GC invocations=33 (full 3):
 PSYoungGen      total 24064K, used 1824K [0x00000000eab00000, 0x00000000ec500000, 0x0000000100000000)
  eden space 22016K, 0% used [0x00000000eab00000,0x00000000eab00000,0x00000000ec080000)
  from space 2048K, 89% used [0x00000000ec300000,0x00000000ec4c8020,0x00000000ec500000)
  to   space 2048K, 0% used [0x00000000ec100000,0x00000000ec100000,0x00000000ec300000)
 ParOldGen       total 68608K, used 33176K [0x00000000c0000000, 0x00000000c4300000, 0x00000000eab00000)
  object space 68608K, 48% used [0x00000000c0000000,0x00000000c20660c8,0x00000000c4300000)
 Metaspace       used 61924K, committed 63104K, reserved 1114112K
  class space    used 6633K, committed 7168K, reserved 1048576K
}
Event: 9.311 GC heap before
{Heap before GC invocations=34 (full 3):
 PSYoungGen      total 24064K, used 23840K [0x00000000eab00000, 0x00000000ec500000, 0x0000000100000000)
  eden space 22016K, 100% used [0x00000000eab00000,0x00000000ec080000,0x00000000ec080000)
  from space 2048K, 89% used [0x00000000ec300000,0x00000000ec4c8020,0x00000000ec500000)
  to   space 2048K, 0% used [0x00000000ec100000,0x00000000ec100000,0x00000000ec300000)
 ParOldGen       total 68608K, used 33176K [0x00000000c0000000, 0x00000000c4300000, 0x00000000eab00000)
  object space 68608K, 48% used [0x00000000c0000000,0x00000000c20660c8,0x00000000c4300000)
 Metaspace       used 61924K, committed 63104K, reserved 1114112K
  class space    used 6633K, committed 7168K, reserved 1048576K
}
Event: 9.314 GC heap after
{Heap after GC invocations=34 (full 3):
 PSYoungGen      total 24064K, used 2016K [0x00000000eab00000, 0x00000000ec880000, 0x0000000100000000)
  eden space 22016K, 0% used [0x00000000eab00000,0x00000000eab00000,0x00000000ec080000)
  from space 2048K, 98% used [0x00000000ec100000,0x00000000ec2f8010,0x00000000ec300000)
  to   space 4096K, 0% used [0x00000000ec480000,0x00000000ec480000,0x00000000ec880000)
 ParOldGen       total 68608K, used 34912K [0x00000000c0000000, 0x00000000c4300000, 0x00000000eab00000)
  object space 68608K, 50% used [0x00000000c0000000,0x00000000c22180e8,0x00000000c4300000)
 Metaspace       used 61924K, committed 63104K, reserved 1114112K
  class space    used 6633K, committed 7168K, reserved 1048576K
}
Event: 9.476 GC heap before
{Heap before GC invocations=35 (full 3):
 PSYoungGen      total 24064K, used 24032K [0x00000000eab00000, 0x00000000ec880000, 0x0000000100000000)
  eden space 22016K, 100% used [0x00000000eab00000,0x00000000ec080000,0x00000000ec080000)
  from space 2048K, 98% used [0x00000000ec100000,0x00000000ec2f8010,0x00000000ec300000)
  to   space 4096K, 0% used [0x00000000ec480000,0x00000000ec480000,0x00000000ec880000)
 ParOldGen       total 68608K, used 34912K [0x00000000c0000000, 0x00000000c4300000, 0x00000000eab00000)
  object space 68608K, 50% used [0x00000000c0000000,0x00000000c22180e8,0x00000000c4300000)
 Metaspace       used 62477K, committed 63680K, reserved 1114112K
  class space    used 6680K, committed 7232K, reserved 1048576K
}
Event: 9.480 GC heap after
{Heap after GC invocations=35 (full 3):
 PSYoungGen      total 23552K, used 1312K [0x00000000eab00000, 0x00000000ec600000, 0x0000000100000000)
  eden space 22016K, 0% used [0x00000000eab00000,0x00000000eab00000,0x00000000ec080000)
  from space 1536K, 85% used [0x00000000ec480000,0x00000000ec5c8000,0x00000000ec600000)
  to   space 2560K, 0% used [0x00000000ec100000,0x00000000ec100000,0x00000000ec380000)
 ParOldGen       total 68608K, used 36912K [0x00000000c0000000, 0x00000000c4300000, 0x00000000eab00000)
  object space 68608K, 53% used [0x00000000c0000000,0x00000000c240c0f8,0x00000000c4300000)
 Metaspace       used 62477K, committed 63680K, reserved 1114112K
  class space    used 6680K, committed 7232K, reserved 1048576K
}
Event: 9.645 GC heap before
{Heap before GC invocations=36 (full 3):
 PSYoungGen      total 23552K, used 23328K [0x00000000eab00000, 0x00000000ec600000, 0x0000000100000000)
  eden space 22016K, 100% used [0x00000000eab00000,0x00000000ec080000,0x00000000ec080000)
  from space 1536K, 85% used [0x00000000ec480000,0x00000000ec5c8000,0x00000000ec600000)
  to   space 2560K, 0% used [0x00000000ec100000,0x00000000ec100000,0x00000000ec380000)
 ParOldGen       total 68608K, used 36912K [0x00000000c0000000, 0x00000000c4300000, 0x00000000eab00000)
  object space 68608K, 53% used [0x00000000c0000000,0x00000000c240c0f8,0x00000000c4300000)
 Metaspace       used 63281K, committed 64576K, reserved 1114112K
  class space    used 6748K, committed 7296K, reserved 1048576K
}
Event: 9.648 GC heap after
{Heap after GC invocations=36 (full 3):
 PSYoungGen      total 24576K, used 2550K [0x00000000eab00000, 0x00000000ecc80000, 0x0000000100000000)
  eden space 22016K, 0% used [0x00000000eab00000,0x00000000eab00000,0x00000000ec080000)
  from space 2560K, 99% used [0x00000000ec100000,0x00000000ec37db50,0x00000000ec380000)
  to   space 6144K, 0% used [0x00000000ec680000,0x00000000ec680000,0x00000000ecc80000)
 ParOldGen       total 68608K, used 39646K [0x00000000c0000000, 0x00000000c4300000, 0x00000000eab00000)
  object space 68608K, 57% used [0x00000000c0000000,0x00000000c26b7938,0x00000000c4300000)
 Metaspace       used 63281K, committed 64576K, reserved 1114112K
  class space    used 6748K, committed 7296K, reserved 1048576K
}
Event: 9.789 GC heap before
{Heap before GC invocations=37 (full 3):
 PSYoungGen      total 24576K, used 24566K [0x00000000eab00000, 0x00000000ecc80000, 0x0000000100000000)
  eden space 22016K, 100% used [0x00000000eab00000,0x00000000ec080000,0x00000000ec080000)
  from space 2560K, 99% used [0x00000000ec100000,0x00000000ec37db50,0x00000000ec380000)
  to   space 6144K, 0% used [0x00000000ec680000,0x00000000ec680000,0x00000000ecc80000)
 ParOldGen       total 68608K, used 39646K [0x00000000c0000000, 0x00000000c4300000, 0x00000000eab00000)
  object space 68608K, 57% used [0x00000000c0000000,0x00000000c26b7938,0x00000000c4300000)
 Metaspace       used 63467K, committed 64704K, reserved 1114112K
  class space    used 6765K, committed 7296K, reserved 1048576K
}
Event: 9.792 GC heap after
{Heap after GC invocations=37 (full 3):
 PSYoungGen      total 23040K, used 832K [0x00000000eab00000, 0x00000000ec780000, 0x0000000100000000)
  eden space 22016K, 0% used [0x00000000eab00000,0x00000000eab00000,0x00000000ec080000)
  from space 1024K, 81% used [0x00000000ec680000,0x00000000ec750000,0x00000000ec780000)
  to   space 2560K, 0% used [0x00000000ec280000,0x00000000ec280000,0x00000000ec500000)
 ParOldGen       total 68608K, used 42130K [0x00000000c0000000, 0x00000000c4300000, 0x00000000eab00000)
  object space 68608K, 61% used [0x00000000c0000000,0x00000000c2924938,0x00000000c4300000)
 Metaspace       used 63467K, committed 64704K, reserved 1114112K
  class space    used 6765K, committed 7296K, reserved 1048576K
}
Event: 9.929 GC heap before
{Heap before GC invocations=38 (full 3):
 PSYoungGen      total 23040K, used 22848K [0x00000000eab00000, 0x00000000ec780000, 0x0000000100000000)
  eden space 22016K, 100% used [0x00000000eab00000,0x00000000ec080000,0x00000000ec080000)
  from space 1024K, 81% used [0x00000000ec680000,0x00000000ec750000,0x00000000ec780000)
  to   space 2560K, 0% used [0x00000000ec280000,0x00000000ec280000,0x00000000ec500000)
 ParOldGen       total 68608K, used 42130K [0x00000000c0000000, 0x00000000c4300000, 0x00000000eab00000)
  object space 68608K, 61% used [0x00000000c0000000,0x00000000c2924938,0x00000000c4300000)
 Metaspace       used 63782K, committed 64960K, reserved 1114112K
  class space    used 6789K, committed 7296K, reserved 1048576K
}
Event: 9.931 GC heap after
{Heap after GC invocations=38 (full 3):
 PSYoungGen      total 24576K, used 807K [0x00000000eab00000, 0x00000000ec700000, 0x0000000100000000)
  eden space 22016K, 0% used [0x00000000eab00000,0x00000000eab00000,0x00000000ec080000)
  from space 2560K, 31% used [0x00000000ec280000,0x00000000ec349e60,0x00000000ec500000)
  to   space 1536K, 0% used [0x00000000ec580000,0x00000000ec580000,0x00000000ec700000)
 ParOldGen       total 68608K, used 42808K [0x00000000c0000000, 0x00000000c4300000, 0x00000000eab00000)
  object space 68608K, 62% used [0x00000000c0000000,0x00000000c29ce258,0x00000000c4300000)
 Metaspace       used 63782K, committed 64960K, reserved 1114112K
  class space    used 6789K, committed 7296K, reserved 1048576K
}
Event: 10.040 GC heap before
{Heap before GC invocations=39 (full 3):
 PSYoungGen      total 24576K, used 22823K [0x00000000eab00000, 0x00000000ec700000, 0x0000000100000000)
  eden space 22016K, 100% used [0x00000000eab00000,0x00000000ec080000,0x00000000ec080000)
  from space 2560K, 31% used [0x00000000ec280000,0x00000000ec349e60,0x00000000ec500000)
  to   space 1536K, 0% used [0x00000000ec580000,0x00000000ec580000,0x00000000ec700000)
 ParOldGen       total 68608K, used 42808K [0x00000000c0000000, 0x00000000c4300000, 0x00000000eab00000)
  object space 68608K, 62% used [0x00000000c0000000,0x00000000c29ce258,0x00000000c4300000)
 Metaspace       used 64265K, committed 65536K, reserved 1114112K
  class space    used 6841K, committed 7424K, reserved 1048576K
}
Event: 10.042 GC heap after
{Heap after GC invocations=39 (full 3):
 PSYoungGen      total 23552K, used 1134K [0x00000000eab00000, 0x00000000ec700000, 0x0000000100000000)
  eden space 22016K, 0% used [0x00000000eab00000,0x00000000eab00000,0x00000000ec080000)
  from space 1536K, 73% used [0x00000000ec580000,0x00000000ec69bb00,0x00000000ec700000)
  to   space 1536K, 0% used [0x00000000ec400000,0x00000000ec400000,0x00000000ec580000)
 ParOldGen       total 68608K, used 43481K [0x00000000c0000000, 0x00000000c4300000, 0x00000000eab00000)
  object space 68608K, 63% used [0x00000000c0000000,0x00000000c2a764a8,0x00000000c4300000)
 Metaspace       used 64265K, committed 65536K, reserved 1114112K
  class space    used 6841K, committed 7424K, reserved 1048576K
}
Event: 10.123 GC heap before
{Heap before GC invocations=40 (full 3):
 PSYoungGen      total 23552K, used 23150K [0x00000000eab00000, 0x00000000ec700000, 0x0000000100000000)
  eden space 22016K, 100% used [0x00000000eab00000,0x00000000ec080000,0x00000000ec080000)
  from space 1536K, 73% used [0x00000000ec580000,0x00000000ec69bb00,0x00000000ec700000)
  to   space 1536K, 0% used [0x00000000ec400000,0x00000000ec400000,0x00000000ec580000)
 ParOldGen       total 68608K, used 43481K [0x00000000c0000000, 0x00000000c4300000, 0x00000000eab00000)
  object space 68608K, 63% used [0x00000000c0000000,0x00000000c2a764a8,0x00000000c4300000)
 Metaspace       used 64571K, committed 65792K, reserved 1114112K
  class space    used 6869K, committed 7424K, reserved 1048576K
}
Event: 10.126 GC heap after
{Heap after GC invocations=40 (full 3):
 PSYoungGen      total 23552K, used 1536K [0x00000000eab00000, 0x00000000ec780000, 0x0000000100000000)
  eden space 22016K, 0% used [0x00000000eab00000,0x00000000eab00000,0x00000000ec080000)
  from space 1536K, 100% used [0x00000000ec400000,0x00000000ec580000,0x00000000ec580000)
  to   space 2048K, 0% used [0x00000000ec580000,0x00000000ec580000,0x00000000ec780000)
 ParOldGen       total 68608K, used 44741K [0x00000000c0000000, 0x00000000c4300000, 0x00000000eab00000)
  object space 68608K, 65% used [0x00000000c0000000,0x00000000c2bb17a0,0x00000000c4300000)
 Metaspace       used 64571K, committed 65792K, reserved 1114112K
  class space    used 6869K, committed 7424K, reserved 1048576K
}
Event: 10.216 GC heap before
{Heap before GC invocations=41 (full 3):
 PSYoungGen      total 23552K, used 23551K [0x00000000eab00000, 0x00000000ec780000, 0x0000000100000000)
  eden space 22016K, 99% used [0x00000000eab00000,0x00000000ec07ffd0,0x00000000ec080000)
  from space 1536K, 100% used [0x00000000ec400000,0x00000000ec580000,0x00000000ec580000)
  to   space 2048K, 0% used [0x00000000ec580000,0x00000000ec580000,0x00000000ec780000)
 ParOldGen       total 68608K, used 44741K [0x00000000c0000000, 0x00000000c4300000, 0x00000000eab00000)
  object space 68608K, 65% used [0x00000000c0000000,0x00000000c2bb17a0,0x00000000c4300000)
 Metaspace       used 64750K, committed 65984K, reserved 1114112K
  class space    used 6874K, committed 7424K, reserved 1048576K
}
Event: 10.221 GC heap after
{Heap after GC invocations=41 (full 3):
 PSYoungGen      total 24064K, used 1979K [0x00000000eab00000, 0x00000000ec780000, 0x0000000100000000)
  eden space 22016K, 0% used [0x00000000eab00000,0x00000000eab00000,0x00000000ec080000)
  from space 2048K, 96% used [0x00000000ec580000,0x00000000ec76ee18,0x00000000ec780000)
  to   space 2560K, 0% used [0x00000000ec280000,0x00000000ec280000,0x00000000ec500000)
 ParOldGen       total 68608K, used 46263K [0x00000000c0000000, 0x00000000c4300000, 0x00000000eab00000)
  object space 68608K, 67% used [0x00000000c0000000,0x00000000c2d2dfa0,0x00000000c4300000)
 Metaspace       used 64750K, committed 65984K, reserved 1114112K
  class space    used 6874K, committed 7424K, reserved 1048576K
}
Event: 10.336 GC heap before
{Heap before GC invocations=42 (full 3):
 PSYoungGen      total 24064K, used 23995K [0x00000000eab00000, 0x00000000ec780000, 0x0000000100000000)
  eden space 22016K, 100% used [0x00000000eab00000,0x00000000ec080000,0x00000000ec080000)
  from space 2048K, 96% used [0x00000000ec580000,0x00000000ec76ee18,0x00000000ec780000)
  to   space 2560K, 0% used [0x00000000ec280000,0x00000000ec280000,0x00000000ec500000)
 ParOldGen       total 68608K, used 46263K [0x00000000c0000000, 0x00000000c4300000, 0x00000000eab00000)
  object space 68608K, 67% used [0x00000000c0000000,0x00000000c2d2dfa0,0x00000000c4300000)
 Metaspace       used 64944K, committed 66176K, reserved 1114112K
  class space    used 6875K, committed 7424K, reserved 1048576K
}
Event: 10.340 GC heap after
{Heap after GC invocations=42 (full 3):
 PSYoungGen      total 24576K, used 2336K [0x00000000eab00000, 0x00000000ec600000, 0x0000000100000000)
  eden space 22016K, 0% used [0x00000000eab00000,0x00000000eab00000,0x00000000ec080000)
  from space 2560K, 91% used [0x00000000ec280000,0x00000000ec4c8388,0x00000000ec500000)
  to   space 1024K, 0% used [0x00000000ec500000,0x00000000ec500000,0x00000000ec600000)
 ParOldGen       total 68608K, used 48103K [0x00000000c0000000, 0x00000000c4300000, 0x00000000eab00000)
  object space 68608K, 70% used [0x00000000c0000000,0x00000000c2ef9c20,0x00000000c4300000)
 Metaspace       used 64944K, committed 66176K, reserved 1114112K
  class space    used 6875K, committed 7424K, reserved 1048576K
}

