# JRE version: OpenJDK Runtime Environment Temurin-17.0.9+9 (17.0.9+9) (build 17.0.9+9)
# Java VM: OpenJDK 64-Bit Server VM Temurin-17.0.9+9 (17.0.9+9, mixed mode, tiered, compressed oops, compressed class ptrs, parallel gc, windows-amd64)
GC Precious Log:
 CPUs: 8 total, 8 available
 Memory: 16238M
 Large Page Support: Disabled
 NUMA Support: Disabled
 Compressed Oops: Enabled (32-bit)
 Alignments: Space 512K, Generation 512K, Heap 2M
 Heap Min Capacity: 100M
 Heap Initial Capacity: 100M
 Heap Max Capacity: 1G
 Pre-touch: Disabled
 Parallel Workers: 8
Heap:
 PSYoungGen      total 5120K, used 1200K [0x00000000eab00000, 0x00000000eb400000, 0x0000000100000000)
  eden space 4608K, 21% used [0x00000000eab00000,0x00000000eabf4310,0x00000000eaf80000)
  from space 512K, 43% used [0x00000000eb380000,0x00000000eb3b8000,0x00000000eb400000)
  to   space 512K, 0% used [0x00000000eb300000,0x00000000eb300000,0x00000000eb380000)
 ParOldGen       total 223232K, used 202512K [0x00000000c0000000, 0x00000000cda00000, 0x00000000eab00000)
  object space 223232K, 90% used [0x00000000c0000000,0x00000000cc5c4218,0x00000000cda00000)
 Metaspace       used 102980K, committed 104448K, reserved 1179648K
  class space    used 10358K, committed 11072K, reserved 1048576K
GC Heap History (20 events):
Event: 4871.747 GC heap before
{Heap before GC invocations=7820 (full 205):
 PSYoungGen      total 6144K, used 6138K [0x00000000eab00000, 0x00000000eb700000, 0x0000000100000000)
  eden space 4096K, 100% used [0x00000000eab00000,0x00000000eaf00000,0x00000000eaf00000)
  from space 2048K, 99% used [0x00000000eaf80000,0x00000000eb17eb40,0x00000000eb180000)
  to   space 4096K, 0% used [0x00000000eb300000,0x00000000eb300000,0x00000000eb700000)
 ParOldGen       total 223232K, used 193042K [0x00000000c0000000, 0x00000000cda00000, 0x00000000eab00000)
  object space 223232K, 86% used [0x00000000c0000000,0x00000000cbc84ad0,0x00000000cda00000)
 Metaspace       used 102923K, committed 104448K, reserved 1179648K
  class space    used 10350K, committed 11072K, reserved 1048576K
}
Event: 4871.749 GC heap after
{Heap after GC invocations=7820 (full 205):
 PSYoungGen      total 8704K, used 3104K [0x00000000eab00000, 0x00000000eb700000, 0x0000000100000000)
  eden space 4608K, 0% used [0x00000000eab00000,0x00000000eab00000,0x00000000eaf80000)
  from space 4096K, 75% used [0x00000000eb300000,0x00000000eb608098,0x00000000eb700000)
  to   space 3584K, 0% used [0x00000000eaf80000,0x00000000eaf80000,0x00000000eb300000)
 ParOldGen       total 223232K, used 195102K [0x00000000c0000000, 0x00000000cda00000, 0x00000000eab00000)
  object space 223232K, 87% used [0x00000000c0000000,0x00000000cbe87a38,0x00000000cda00000)
 Metaspace       used 102923K, committed 104448K, reserved 1179648K
  class space    used 10350K, committed 11072K, reserved 1048576K
}
Event: 4871.761 GC heap before
{Heap before GC invocations=7821 (full 205):
 PSYoungGen      total 8704K, used 7549K [0x00000000eab00000, 0x00000000eb700000, 0x0000000100000000)
  eden space 4608K, 96% used [0x00000000eab00000,0x00000000eaf57630,0x00000000eaf80000)
  from space 4096K, 75% used [0x00000000eb300000,0x00000000eb608098,0x00000000eb700000)
  to   space 3584K, 0% used [0x00000000eaf80000,0x00000000eaf80000,0x00000000eb300000)
 ParOldGen       total 223232K, used 195102K [0x00000000c0000000, 0x00000000cda00000, 0x00000000eab00000)
  object space 223232K, 87% used [0x00000000c0000000,0x00000000cbe87a38,0x00000000cda00000)
 Metaspace       used 102924K, committed 104448K, reserved 1179648K
  class space    used 10350K, committed 11072K, reserved 1048576K
}
Event: 4871.763 GC heap after
{Heap after GC invocations=7821 (full 205):
 PSYoungGen      total 5632K, used 515K [0x00000000eab00000, 0x00000000eb380000, 0x0000000100000000)
  eden space 4608K, 0% used [0x00000000eab00000,0x00000000eab00000,0x00000000eaf80000)
  from space 1024K, 50% used [0x00000000eaf80000,0x00000000eb000e70,0x00000000eb080000)
  to   space 1536K, 0% used [0x00000000eb200000,0x00000000eb200000,0x00000000eb380000)
 ParOldGen       total 223232K, used 195835K [0x00000000c0000000, 0x00000000cda00000, 0x00000000eab00000)
  object space 223232K, 87% used [0x00000000c0000000,0x00000000cbf3ec88,0x00000000cda00000)
 Metaspace       used 102924K, committed 104448K, reserved 1179648K
  class space    used 10350K, committed 11072K, reserved 1048576K
}
Event: 4871.769 GC heap before
{Heap before GC invocations=7822 (full 205):
 PSYoungGen      total 5632K, used 5123K [0x00000000eab00000, 0x00000000eb380000, 0x0000000100000000)
  eden space 4608K, 100% used [0x00000000eab00000,0x00000000eaf80000,0x00000000eaf80000)
  from space 1024K, 50% used [0x00000000eaf80000,0x00000000eb000e70,0x00000000eb080000)
  to   space 1536K, 0% used [0x00000000eb200000,0x00000000eb200000,0x00000000eb380000)
 ParOldGen       total 223232K, used 195835K [0x00000000c0000000, 0x00000000cda00000, 0x00000000eab00000)
  object space 223232K, 87% used [0x00000000c0000000,0x00000000cbf3ec88,0x00000000cda00000)
 Metaspace       used 102924K, committed 104448K, reserved 1179648K
  class space    used 10350K, committed 11072K, reserved 1048576K
}
Event: 4871.770 GC heap after
{Heap after GC invocations=7822 (full 205):
 PSYoungGen      total 5120K, used 224K [0x00000000eab00000, 0x00000000eb280000, 0x0000000100000000)
  eden space 4608K, 0% used [0x00000000eab00000,0x00000000eab00000,0x00000000eaf80000)
  from space 512K, 43% used [0x00000000eb200000,0x00000000eb238000,0x00000000eb280000)
  to   space 512K, 0% used [0x00000000eb180000,0x00000000eb180000,0x00000000eb200000)
 ParOldGen       total 223232K, used 196219K [0x00000000c0000000, 0x00000000cda00000, 0x00000000eab00000)
  object space 223232K, 87% used [0x00000000c0000000,0x00000000cbf9ed08,0x00000000cda00000)
 Metaspace       used 102924K, committed 104448K, reserved 1179648K
  class space    used 10350K, committed 11072K, reserved 1048576K
}
Event: 4871.775 GC heap before
{Heap before GC invocations=7823 (full 205):
 PSYoungGen      total 5120K, used 3476K [0x00000000eab00000, 0x00000000eb280000, 0x0000000100000000)
  eden space 4608K, 70% used [0x00000000eab00000,0x00000000eae2d050,0x00000000eaf80000)
  from space 512K, 43% used [0x00000000eb200000,0x00000000eb238000,0x00000000eb280000)
  to   space 512K, 0% used [0x00000000eb180000,0x00000000eb180000,0x00000000eb200000)
 ParOldGen       total 223232K, used 196219K [0x00000000c0000000, 0x00000000cda00000, 0x00000000eab00000)
  object space 223232K, 87% used [0x00000000c0000000,0x00000000cbf9ed08,0x00000000cda00000)
 Metaspace       used 102924K, committed 104448K, reserved 1179648K
  class space    used 10350K, committed 11072K, reserved 1048576K
}
Event: 4871.777 GC heap after
{Heap after GC invocations=7823 (full 205):
 PSYoungGen      total 5120K, used 512K [0x00000000eab00000, 0x00000000eb280000, 0x0000000100000000)
  eden space 4608K, 0% used [0x00000000eab00000,0x00000000eab00000,0x00000000eaf80000)
  from space 512K, 100% used [0x00000000eb180000,0x00000000eb200000,0x00000000eb200000)
  to   space 512K, 0% used [0x00000000eb200000,0x00000000eb200000,0x00000000eb280000)
 ParOldGen       total 223232K, used 196323K [0x00000000c0000000, 0x00000000cda00000, 0x00000000eab00000)
  object space 223232K, 87% used [0x00000000c0000000,0x00000000cbfb8d08,0x00000000cda00000)
 Metaspace       used 102924K, committed 104448K, reserved 1179648K
  class space    used 10350K, committed 11072K, reserved 1048576K
}
Event: 4871.783 GC heap before
{Heap before GC invocations=7824 (full 205):
 PSYoungGen      total 5120K, used 3841K [0x00000000eab00000, 0x00000000eb280000, 0x0000000100000000)
  eden space 4608K, 72% used [0x00000000eab00000,0x00000000eae407b8,0x00000000eaf80000)
  from space 512K, 100% used [0x00000000eb180000,0x00000000eb200000,0x00000000eb200000)
  to   space 512K, 0% used [0x00000000eb200000,0x00000000eb200000,0x00000000eb280000)
 ParOldGen       total 223232K, used 196323K [0x00000000c0000000, 0x00000000cda00000, 0x00000000eab00000)
  object space 223232K, 87% used [0x00000000c0000000,0x00000000cbfb8d08,0x00000000cda00000)
 Metaspace       used 102924K, committed 104448K, reserved 1179648K
  class space    used 10350K, committed 11072K, reserved 1048576K
}
Event: 4871.784 GC heap after
{Heap after GC invocations=7824 (full 205):
 PSYoungGen      total 5120K, used 427K [0x00000000eab00000, 0x00000000eb280000, 0x0000000100000000)
  eden space 4608K, 0% used [0x00000000eab00000,0x00000000eab00000,0x00000000eaf80000)
  from space 512K, 83% used [0x00000000eb200000,0x00000000eb26ad68,0x00000000eb280000)
  to   space 512K, 0% used [0x00000000eb180000,0x00000000eb180000,0x00000000eb200000)
 ParOldGen       total 223232K, used 196845K [0x00000000c0000000, 0x00000000cda00000, 0x00000000eab00000)
  object space 223232K, 88% used [0x00000000c0000000,0x00000000cc03b748,0x00000000cda00000)
 Metaspace       used 102924K, committed 104448K, reserved 1179648K
  class space    used 10350K, committed 11072K, reserved 1048576K
}
Event: 4871.790 GC heap before
{Heap before GC invocations=7825 (full 205):
 PSYoungGen      total 5120K, used 5035K [0x00000000eab00000, 0x00000000eb280000, 0x0000000100000000)
  eden space 4608K, 100% used [0x00000000eab00000,0x00000000eaf80000,0x00000000eaf80000)
  from space 512K, 83% used [0x00000000eb200000,0x00000000eb26ad68,0x00000000eb280000)
  to   space 512K, 0% used [0x00000000eb180000,0x00000000eb180000,0x00000000eb200000)
 ParOldGen       total 223232K, used 196845K [0x00000000c0000000, 0x00000000cda00000, 0x00000000eab00000)
  object space 223232K, 88% used [0x00000000c0000000,0x00000000cc03b748,0x00000000cda00000)
 Metaspace       used 102924K, committed 104448K, reserved 1179648K
  class space    used 10350K, committed 11072K, reserved 1048576K
}
Event: 4871.791 GC heap after
{Heap after GC invocations=7825 (full 205):
 PSYoungGen      total 5120K, used 416K [0x00000000eab00000, 0x00000000eb280000, 0x0000000100000000)
  eden space 4608K, 0% used [0x00000000eab00000,0x00000000eab00000,0x00000000eaf80000)
  from space 512K, 81% used [0x00000000eb180000,0x00000000eb1e8000,0x00000000eb200000)
  to   space 512K, 0% used [0x00000000eb200000,0x00000000eb200000,0x00000000eb280000)
 ParOldGen       total 223232K, used 197100K [0x00000000c0000000, 0x00000000cda00000, 0x00000000eab00000)
  object space 223232K, 88% used [0x00000000c0000000,0x00000000cc07b1c0,0x00000000cda00000)
 Metaspace       used 102924K, committed 104448K, reserved 1179648K
  class space    used 10350K, committed 11072K, reserved 1048576K
}
Event: 4871.801 GC heap before
{Heap before GC invocations=7826 (full 205):
 PSYoungGen      total 5120K, used 5024K [0x00000000eab00000, 0x00000000eb280000, 0x0000000100000000)
  eden space 4608K, 100% used [0x00000000eab00000,0x00000000eaf80000,0x00000000eaf80000)
  from space 512K, 81% used [0x00000000eb180000,0x00000000eb1e8000,0x00000000eb200000)
  to   space 512K, 0% used [0x00000000eb200000,0x00000000eb200000,0x00000000eb280000)
 ParOldGen       total 223232K, used 197100K [0x00000000c0000000, 0x00000000cda00000, 0x00000000eab00000)
  object space 223232K, 88% used [0x00000000c0000000,0x00000000cc07b1c0,0x00000000cda00000)
 Metaspace       used 102924K, committed 104448K, reserved 1179648K
  class space    used 10350K, committed 11072K, reserved 1048576K
}
Event: 4871.802 GC heap after
{Heap after GC invocations=7826 (full 205):
 PSYoungGen      total 5120K, used 504K [0x00000000eab00000, 0x00000000eb280000, 0x0000000100000000)
  eden space 4608K, 0% used [0x00000000eab00000,0x00000000eab00000,0x00000000eaf80000)
  from space 512K, 98% used [0x00000000eb200000,0x00000000eb27e120,0x00000000eb280000)
  to   space 1536K, 0% used [0x00000000eaf80000,0x00000000eaf80000,0x00000000eb100000)
 ParOldGen       total 223232K, used 197899K [0x00000000c0000000, 0x00000000cda00000, 0x00000000eab00000)
  object space 223232K, 88% used [0x00000000c0000000,0x00000000cc142ee8,0x00000000cda00000)
 Metaspace       used 102924K, committed 104448K, reserved 1179648K
  class space    used 10350K, committed 11072K, reserved 1048576K
}
Event: 4871.808 GC heap before
{Heap before GC invocations=7827 (full 205):
 PSYoungGen      total 5120K, used 5112K [0x00000000eab00000, 0x00000000eb280000, 0x0000000100000000)
  eden space 4608K, 100% used [0x00000000eab00000,0x00000000eaf80000,0x00000000eaf80000)
  from space 512K, 98% used [0x00000000eb200000,0x00000000eb27e120,0x00000000eb280000)
  to   space 1536K, 0% used [0x00000000eaf80000,0x00000000eaf80000,0x00000000eb100000)
 ParOldGen       total 223232K, used 197899K [0x00000000c0000000, 0x00000000cda00000, 0x00000000eab00000)
  object space 223232K, 88% used [0x00000000c0000000,0x00000000cc142ee8,0x00000000cda00000)
 Metaspace       used 102924K, committed 104448K, reserved 1179648K
  class space    used 10350K, committed 11072K, reserved 1048576K
}
Event: 4871.810 GC heap after
{Heap after GC invocations=7827 (full 205):
 PSYoungGen      total 6144K, used 480K [0x00000000eab00000, 0x00000000eb280000, 0x0000000100000000)
  eden space 4608K, 0% used [0x00000000eab00000,0x00000000eab00000,0x00000000eaf80000)
  from space 1536K, 31% used [0x00000000eaf80000,0x00000000eaff8000,0x00000000eb100000)
  to   space 1024K, 0% used [0x00000000eb180000,0x00000000eb180000,0x00000000eb280000)
 ParOldGen       total 223232K, used 198415K [0x00000000c0000000, 0x00000000cda00000, 0x00000000eab00000)
  object space 223232K, 88% used [0x00000000c0000000,0x00000000cc1c3f78,0x00000000cda00000)
 Metaspace       used 102924K, committed 104448K, reserved 1179648K
  class space    used 10350K, committed 11072K, reserved 1048576K
}
Event: 4871.822 GC heap before
{Heap before GC invocations=7828 (full 205):
 PSYoungGen      total 6144K, used 5087K [0x00000000eab00000, 0x00000000eb280000, 0x0000000100000000)
  eden space 4608K, 99% used [0x00000000eab00000,0x00000000eaf7fff0,0x00000000eaf80000)
  from space 1536K, 31% used [0x00000000eaf80000,0x00000000eaff8000,0x00000000eb100000)
  to   space 1024K, 0% used [0x00000000eb180000,0x00000000eb180000,0x00000000eb280000)
 ParOldGen       total 223232K, used 198415K [0x00000000c0000000, 0x00000000cda00000, 0x00000000eab00000)
  object space 223232K, 88% used [0x00000000c0000000,0x00000000cc1c3f78,0x00000000cda00000)
 Metaspace       used 102926K, committed 104448K, reserved 1179648K
  class space    used 10350K, committed 11072K, reserved 1048576K
}
Event: 4871.823 GC heap after
{Heap after GC invocations=7828 (full 205):
 PSYoungGen      total 5120K, used 411K [0x00000000eab00000, 0x00000000eb200000, 0x0000000100000000)
  eden space 4608K, 0% used [0x00000000eab00000,0x00000000eab00000,0x00000000eaf80000)
  from space 512K, 80% used [0x00000000eb180000,0x00000000eb1e6fb8,0x00000000eb200000)
  to   space 512K, 0% used [0x00000000eb100000,0x00000000eb100000,0x00000000eb180000)
 ParOldGen       total 223232K, used 198511K [0x00000000c0000000, 0x00000000cda00000, 0x00000000eab00000)
  object space 223232K, 88% used [0x00000000c0000000,0x00000000cc1dbf78,0x00000000cda00000)
 Metaspace       used 102926K, committed 104448K, reserved 1179648K
  class space    used 10350K, committed 11072K, reserved 1048576K
}
Event: 4871.832 GC heap before
{Heap before GC invocations=7829 (full 205):
 PSYoungGen      total 5120K, used 5019K [0x00000000eab00000, 0x00000000eb200000, 0x0000000100000000)
  eden space 4608K, 99% used [0x00000000eab00000,0x00000000eaf7ffd8,0x00000000eaf80000)
  from space 512K, 80% used [0x00000000eb180000,0x00000000eb1e6fb8,0x00000000eb200000)
  to   space 512K, 0% used [0x00000000eb100000,0x00000000eb100000,0x00000000eb180000)
 ParOldGen       total 223232K, used 198511K [0x00000000c0000000, 0x00000000cda00000, 0x00000000eab00000)
  object space 223232K, 88% used [0x00000000c0000000,0x00000000cc1dbf78,0x00000000cda00000)
 Metaspace       used 102926K, committed 104448K, reserved 1179648K
  class space    used 10350K, committed 11072K, reserved 1048576K
}
Event: 4871.834 GC heap after
{Heap after GC invocations=7829 (full 205):
 PSYoungGen      total 5120K, used 487K [0x00000000eab00000, 0x00000000eb880000, 0x0000000100000000)
  eden space 4608K, 0% used [0x00000000eab00000,0x00000000eab00000,0x00000000eaf80000)
  from space 512K, 95% used [0x00000000eb100000,0x00000000eb179dc8,0x00000000eb180000)
  to   space 4608K, 0% used [0x00000000eb400000,0x00000000eb400000,0x00000000eb880000)
 ParOldGen       total 223232K, used 202016K [0x00000000c0000000, 0x00000000cda00000, 0x00000000eab00000)
  object space 223232K, 90% used [0x00000000c0000000,0x00000000cc548208,0x00000000cda00000)
 Metaspace       used 102926K, committed 104448K, reserved 1179648K
  class space    used 10350K, committed 11072K, reserved 1048576K
}

